#
# A fatal error has been detected by the Java Runtime Environment:
#
#  EXCEPTION_ACCESS_VIOLATION (0xc0000005) at pc=0x000000007787467b, pid=13816, tid=0x0000000000003720
#
# JRE version: Java(TM) SE Runtime Environment (8.0_101-b13) (build 1.8.0_101-b13)
# Java VM: Java HotSpot(TM) 64-Bit Server VM (25.101-b13 mixed mode windows-amd64 compressed oops)
# Problematic frame:
# V  [jvm.dll+0x11467b]
#
# Failed to write core dump. Minidumps are not enabled by default on client versions of Windows
#
# If you would like to submit a bug report, please visit:
#   http://bugreport.java.com/bugreport/crash.jsp
#

---------------  T H R E A D  ---------------

Current thread (0x0000000005155000):  GCTaskThread [stack: 0x0000000014fa0000,0x00000000150a0000] [id=14112]

siginfo: ExceptionCode=0xc0000005, reading address 0x000000073427ea48

Registers:
RAX=0x00000000150a0000, RBX=0x00000000e684fd10, RCX=0x0000000000000003, RDX=0x0000000000000001
RSP=0x000000001509f840, RBP=0x00000000e6a4fc5c, RSI=0x0000000000000002, RDI=0x0000000005224540
R8 =0x000000073427ea40, R9 =0x0000000000000002, R10=0x000000000000000c, R11=0x0000000000018621
R12=0x00000000e6a4fc64, R13=0x0000000100029e68, R14=0x0000000100029e78, R15=0x00000000e6a4fc38
RIP=0x000000007787467b, EFLAGS=0x0000000000010202

Top of Stack: (sp=0x000000001509f840)
0x000000001509f840:   00000000e6a4fda0 00000000e6a4fc48
0x000000001509f850:   0000000000000002 0000000005224540
0x000000001509f860:   0000000000000000 00000000000003d8
0x000000001509f870:   00000000051557d8 0000000005147750
0x000000001509f880:   0000000000018621 0000000077b57a50
0x000000001509f890:   000000001a753148 0000000019c754d0
0x000000001509f8a0:   0000000005224540 0000000005155400
0x000000001509f8b0:   0000000000000000 0000000000000c00
0x000000001509f8c0:   0000000000000000 0000000000000000
0x000000001509f8d0:   0000000000000000 000000002030d800
0x000000001509f8e0:   0000000000000001 0000000000000001
0x000000001509f8f0:   000001b2339a2e4e 00000000051557d8
0x000000001509f900:   0000000005155400 00000000000003d8
0x000000001509f910:   0000000005155400 0000000005147750
0x000000001509f920:   00000000051553f0 0000000019c754d0
0x000000001509f930:   0000000005224540 0000000077b54803 

Instructions: (pc=0x000000007787467b)
0x000000007787465b:   6f 00 84 d2 74 16 44 8b 43 08 8b 0d 35 a1 68 00
0x000000007787466b:   49 d3 e0 4c 03 05 23 a1 68 00 eb 04 4c 8b 43 08
0x000000007787467b:   45 8b 48 08 45 85 c9 7e 0c 41 f6 c1 01 75 4b 41
0x000000007787468b:   c1 f9 03 eb 57 79 43 84 d2 41 8b c9 b8 10 00 00 


Register to memory mapping:

RAX=0x00000000150a0000 is an unknown value
RBX=0x00000000e684fd10 is an oop

[error occurred during error reporting (printing register info), id 0xc0000005]

Stack: [0x0000000014fa0000,0x00000000150a0000],  sp=0x000000001509f840,  free space=1022k
Native frames: (J=compiled Java code, j=interpreted, Vv=VM code, C=native code)
V  [jvm.dll+0x11467b]
V  [jvm.dll+0x3f7a50]
V  [jvm.dll+0x3f4803]
V  [jvm.dll+0x3f25ce]
V  [jvm.dll+0x29c18a]
C  [msvcr100.dll+0x21d9f]
C  [msvcr100.dll+0x21e3b]
C  [KERNEL32.DLL+0x12fa4]
C  [ntdll.dll+0x6cfa1]


---------------  P R O C E S S  ---------------

Java Threads: ( => current thread )
  0x0000000020301000 JavaThread "restartedMain" [_thread_blocked, id=1412, stack(0x0000000079600000,0x0000000079700000)]
  0x000000002030d800 JavaThread "Thread-355" [_thread_blocked, id=12180, stack(0x0000000079200000,0x0000000079300000)]
  0x0000000024300000 JavaThread "DestroyJavaVM" [_thread_blocked, id=11696, stack(0x0000000005020000,0x0000000005120000)]
  0x00000000229cb800 JavaThread "Live Reload Server" daemon [_thread_in_native, id=14796, stack(0x000000002c5f0000,0x000000002c6f0000)]
  0x000000001b843000 JavaThread "Service Thread" daemon [_thread_blocked, id=4244, stack(0x000000001bc10000,0x000000001bd10000)]
  0x0000000019db2800 JavaThread "C1 CompilerThread2" daemon [_thread_blocked, id=12056, stack(0x000000001b710000,0x000000001b810000)]
  0x0000000019daf800 JavaThread "C2 CompilerThread1" daemon [_thread_blocked, id=1796, stack(0x000000001b610000,0x000000001b710000)]
  0x0000000019dac800 JavaThread "C2 CompilerThread0" daemon [_thread_blocked, id=15000, stack(0x000000001b510000,0x000000001b610000)]
  0x0000000019dab000 JavaThread "Attach Listener" daemon [_thread_blocked, id=1288, stack(0x000000001b410000,0x000000001b510000)]
  0x0000000019da9800 JavaThread "Signal Dispatcher" daemon [_thread_blocked, id=16376, stack(0x000000001b310000,0x000000001b410000)]
  0x000000000522e800 JavaThread "Finalizer" daemon [_thread_blocked, id=17320, stack(0x000000001b020000,0x000000001b120000)]
  0x0000000005229000 JavaThread "Reference Handler" daemon [_thread_blocked, id=4532, stack(0x000000001af20000,0x000000001b020000)]

Other Threads:
  0x0000000019d67800 VMThread [stack: 0x000000001ae20000,0x000000001af20000] [id=10272]
  0x000000001b8cb000 WatcherThread [stack: 0x000000001bd10000,0x000000001be10000] [id=10832]

=>0x0000000005155000 (exited) GCTaskThread [stack: 0x0000000014fa0000,0x00000000150a0000] [id=14112]

VM state:at safepoint (normal execution)

VM Mutex/Monitor currently owned by a thread:  ([mutex/lock_event])
[0x000000000512c070] Threads_lock - owner thread: 0x0000000019d67800
[0x000000000512b8f0] Heap_lock - owner thread: 0x0000000020301000

Heap:
 PSYoungGen      total 579072K, used 484352K [0x00000000d5c00000, 0x00000000ff500000, 0x0000000100000000)
  eden space 484352K, 100% used [0x00000000d5c00000,0x00000000f3500000,0x00000000f3500000)
  from space 94720K, 0% used [0x00000000f9880000,0x00000000f9880000,0x00000000ff500000)
  to   space 98304K, 0% used [0x00000000f3500000,0x00000000f3500000,0x00000000f9500000)
 ParOldGen       total 1384448K, used 1384020K [0x0000000081400000, 0x00000000d5c00000, 0x00000000d5c00000)
  object space 1384448K, 99% used [0x0000000081400000,0x00000000d5b95000,0x00000000d5c00000)
 Metaspace       used 265746K, capacity 275074K, committed 275224K, reserved 1298432K
  class space    used 23792K, capacity 26143K, committed 26152K, reserved 1048576K

Card table byte_map: [0x00000000145f0000,0x00000000149f0000] byte_map_base: 0x00000000141e6000

Marking Bits: (ParMarkBitMap*) 0x0000000077f7a6d0
 Begin Bits: [0x00000000150a0000, 0x0000000017050000)
 End Bits:   [0x0000000017050000, 0x0000000019000000)

Polling page: 0x0000000000df0000

CodeCache: size=245760Kb used=93350Kb max_used=93354Kb free=152409Kb
 bounds [0x0000000005230000, 0x000000000ae00000, 0x0000000014230000]
 total_blobs=22234 nmethods=21623 adapters=521
 compilation: enabled

Compilation events (10 events):
Event: 7948.604 Thread 0x0000000019daf800 31052       4       java.util.concurrent.ScheduledThreadPoolExecutor$ScheduledFutureTask::cancel (38 bytes)
Event: 7948.607 Thread 0x0000000019daf800 nmethod 31052 0x000000000912fb10 code [0x000000000912fc60, 0x000000000912fe28]
Event: 7948.607 Thread 0x0000000019db2800 31053   !   3       org.mariadb.jdbc.internal.protocol.AbstractConnectProtocol::close (112 bytes)
Event: 7948.620 Thread 0x0000000019db2800 nmethod 31053 0x000000000adf1b10 code [0x000000000adf1d20, 0x000000000adf2a28]
Event: 7950.670 Thread 0x0000000019db2800 31054       3       ch.qos.logback.core.pattern.parser.Parser::COMPOSITE (128 bytes)
Event: 7950.672 Thread 0x0000000019db2800 nmethod 31054 0x000000000adf38d0 code [0x000000000adf3c60, 0x000000000adf5c48]
Event: 7950.673 Thread 0x0000000019dac800 31056       4       java.util.concurrent.ConcurrentHashMap::<init> (73 bytes)
Event: 7950.674 Thread 0x0000000019db2800 31055       3       ch.qos.logback.core.pattern.parser.Parser::SINGLE (57 bytes)
Event: 7950.674 Thread 0x0000000019db2800 nmethod 31055 0x000000000adf0a90 code [0x000000000adf0c80, 0x000000000adf16a8]
Event: 7950.676 Thread 0x0000000019dac800 nmethod 31056 0x00000000054e1b90 code [0x00000000054e1d00, 0x00000000054e1f18]

GC Heap History (10 events):
Event: 7927.282 GC heap after
Heap after GC invocations=332 (full 144):
 PSYoungGen      total 579072K, used 382538K [0x00000000d5c00000, 0x00000000ff500000, 0x0000000100000000)
  eden space 484352K, 78% used [0x00000000d5c00000,0x00000000ed192940,0x00000000f3500000)
  from space 94720K, 0% used [0x00000000f9880000,0x00000000f9880000,0x00000000ff500000)
  to   space 98304K, 0% used [0x00000000f3500000,0x00000000f3500000,0x00000000f9500000)
 ParOldGen       total 1384448K, used 1384020K [0x0000000081400000, 0x00000000d5c00000, 0x00000000d5c00000)
  object space 1384448K, 99% used [0x0000000081400000,0x00000000d5b95000,0x00000000d5c00000)
 Metaspace       used 264868K, capacity 274108K, committed 274456K, reserved 1298432K
  class space    used 23710K, capacity 26031K, committed 26152K, reserved 1048576K
}
Event: 7927.870 GC heap before
{Heap before GC invocations=333 (full 145):
 PSYoungGen      total 579072K, used 484352K [0x00000000d5c00000, 0x00000000ff500000, 0x0000000100000000)
  eden space 484352K, 100% used [0x00000000d5c00000,0x00000000f3500000,0x00000000f3500000)
  from space 94720K, 0% used [0x00000000f9880000,0x00000000f9880000,0x00000000ff500000)
  to   space 98304K, 0% used [0x00000000f3500000,0x00000000f3500000,0x00000000f9500000)
 ParOldGen       total 1384448K, used 1384020K [0x0000000081400000, 0x00000000d5c00000, 0x00000000d5c00000)
  object space 1384448K, 99% used [0x0000000081400000,0x00000000d5b95000,0x00000000d5c00000)
 Metaspace       used 264969K, capacity 274276K, committed 274456K, reserved 1298432K
  class space    used 23732K, capacity 26069K, committed 26152K, reserved 1048576K
Event: 7929.548 GC heap after
Heap after GC invocations=333 (full 145):
 PSYoungGen      total 579072K, used 384406K [0x00000000d5c00000, 0x00000000ff500000, 0x0000000100000000)
  eden space 484352K, 79% used [0x00000000d5c00000,0x00000000ed365a10,0x00000000f3500000)
  from space 94720K, 0% used [0x00000000f9880000,0x00000000f9880000,0x00000000ff500000)
  to   space 98304K, 0% used [0x00000000f3500000,0x00000000f3500000,0x00000000f9500000)
 ParOldGen       total 1384448K, used 1384020K [0x0000000081400000, 0x00000000d5c00000, 0x00000000d5c00000)
  object space 1384448K, 99% used [0x0000000081400000,0x00000000d5b95000,0x00000000d5c00000)
 Metaspace       used 264969K, capacity 274276K, committed 274456K, reserved 1298432K
  class space    used 23732K, capacity 26069K, committed 26152K, reserved 1048576K
}
Event: 7948.710 GC heap before
{Heap before GC invocations=334 (full 146):
 PSYoungGen      total 579072K, used 476377K [0x00000000d5c00000, 0x00000000ff500000, 0x0000000100000000)
  eden space 484352K, 98% used [0x00000000d5c00000,0x00000000f2d365a0,0x00000000f3500000)
  from space 94720K, 0% used [0x00000000f9880000,0x00000000f9880000,0x00000000ff500000)
  to   space 98304K, 0% used [0x00000000f3500000,0x00000000f3500000,0x00000000f9500000)
 ParOldGen       total 1384448K, used 1384020K [0x0000000081400000, 0x00000000d5c00000, 0x00000000d5c00000)
  object space 1384448K, 99% used [0x0000000081400000,0x00000000d5b95000,0x00000000d5c00000)
 Metaspace       used 264973K, capacity 274282K, committed 274456K, reserved 1298432K
  class space    used 23733K, capacity 26071K, committed 26152K, reserved 1048576K
Event: 7950.556 GC heap after
Heap after GC invocations=334 (full 146):
 PSYoungGen      total 579072K, used 376596K [0x00000000d5c00000, 0x00000000ff500000, 0x0000000100000000)
  eden space 484352K, 77% used [0x00000000d5c00000,0x00000000ecbc50d8,0x00000000f3500000)
  from space 94720K, 0% used [0x00000000f9880000,0x00000000f9880000,0x00000000ff500000)
  to   space 98304K, 0% used [0x00000000f3500000,0x00000000f3500000,0x00000000f9500000)
 ParOldGen       total 1384448K, used 1384020K [0x0000000081400000, 0x00000000d5c00000, 0x00000000d5c00000)
  object space 1384448K, 99% used [0x0000000081400000,0x00000000d5b95000,0x00000000d5c00000)
 Metaspace       used 264973K, capacity 274282K, committed 274456K, reserved 1298432K
  class space    used 23733K, capacity 26071K, committed 26152K, reserved 1048576K
}
Event: 7954.349 GC heap before
{Heap before GC invocations=335 (full 147):
 PSYoungGen      total 579072K, used 484352K [0x00000000d5c00000, 0x00000000ff500000, 0x0000000100000000)
  eden space 484352K, 100% used [0x00000000d5c00000,0x00000000f3500000,0x00000000f3500000)
  from space 94720K, 0% used [0x00000000f9880000,0x00000000f9880000,0x00000000ff500000)
  to   space 98304K, 0% used [0x00000000f3500000,0x00000000f3500000,0x00000000f9500000)
 ParOldGen       total 1384448K, used 1384020K [0x0000000081400000, 0x00000000d5c00000, 0x00000000d5c00000)
  object space 1384448K, 99% used [0x0000000081400000,0x00000000d5b95000,0x00000000d5c00000)
 Metaspace       used 265021K, capacity 274366K, committed 274712K, reserved 1298432K
  class space    used 23736K, capacity 26075K, committed 26152K, reserved 1048576K
Event: 7956.693 GC heap after
Heap after GC invocations=335 (full 147):
 PSYoungGen      total 579072K, used 382285K [0x00000000d5c00000, 0x00000000ff500000, 0x0000000100000000)
  eden space 484352K, 78% used [0x00000000d5c00000,0x00000000ed153440,0x00000000f3500000)
  from space 94720K, 0% used [0x00000000f9880000,0x00000000f9880000,0x00000000ff500000)
  to   space 98304K, 0% used [0x00000000f3500000,0x00000000f3500000,0x00000000f9500000)
 ParOldGen       total 1384448K, used 1384020K [0x0000000081400000, 0x00000000d5c00000, 0x00000000d5c00000)
  object space 1384448K, 99% used [0x0000000081400000,0x00000000d5b95000,0x00000000d5c00000)
 Metaspace       used 265021K, capacity 274366K, committed 274712K, reserved 1298432K
  class space    used 23736K, capacity 26075K, committed 26152K, reserved 1048576K
}
Event: 7957.102 GC heap before
{Heap before GC invocations=336 (full 148):
 PSYoungGen      total 579072K, used 484352K [0x00000000d5c00000, 0x00000000ff500000, 0x0000000100000000)
  eden space 484352K, 100% used [0x00000000d5c00000,0x00000000f3500000,0x00000000f3500000)
  from space 94720K, 0% used [0x00000000f9880000,0x00000000f9880000,0x00000000ff500000)
  to   space 98304K, 0% used [0x00000000f3500000,0x00000000f3500000,0x00000000f9500000)
 ParOldGen       total 1384448K, used 1384020K [0x0000000081400000, 0x00000000d5c00000, 0x00000000d5c00000)
  object space 1384448K, 99% used [0x0000000081400000,0x00000000d5b95000,0x00000000d5c00000)
 Metaspace       used 265746K, capacity 275074K, committed 275224K, reserved 1298432K
  class space    used 23792K, capacity 26143K, committed 26152K, reserved 1048576K
Event: 7958.742 GC heap after
Heap after GC invocations=336 (full 148):
 PSYoungGen      total 579072K, used 384814K [0x00000000d5c00000, 0x00000000ff500000, 0x0000000100000000)
  eden space 484352K, 79% used [0x00000000d5c00000,0x00000000ed3cb9b0,0x00000000f3500000)
  from space 94720K, 0% used [0x00000000f9880000,0x00000000f9880000,0x00000000ff500000)
  to   space 98304K, 0% used [0x00000000f3500000,0x00000000f3500000,0x00000000f9500000)
 ParOldGen       total 1384448K, used 1384020K [0x0000000081400000, 0x00000000d5c00000, 0x00000000d5c00000)
  object space 1384448K, 99% used [0x0000000081400000,0x00000000d5b95000,0x00000000d5c00000)
 Metaspace       used 265746K, capacity 275074K, committed 275224K, reserved 1298432K
  class space    used 23792K, capacity 26143K, committed 26152K, reserved 1048576K
}
Event: 7959.052 GC heap before
{Heap before GC invocations=337 (full 149):
 PSYoungGen      total 579072K, used 484352K [0x00000000d5c00000, 0x00000000ff500000, 0x0000000100000000)
  eden space 484352K, 100% used [0x00000000d5c00000,0x00000000f3500000,0x00000000f3500000)
  from space 94720K, 0% used [0x00000000f9880000,0x00000000f9880000,0x00000000ff500000)
  to   space 98304K, 0% used [0x00000000f3500000,0x00000000f3500000,0x00000000f9500000)
 ParOldGen       total 1384448K, used 1384020K [0x0000000081400000, 0x00000000d5c00000, 0x00000000d5c00000)
  object space 1384448K, 99% used [0x0000000081400000,0x00000000d5b95000,0x00000000d5c00000)
 Metaspace       used 265746K, capacity 275074K, committed 275224K, reserved 1298432K
  class space    used 23792K, capacity 26143K, committed 26152K, reserved 1048576K

Deoptimization events (10 events):
Event: 7071.735 Thread 0x00000000229cd800 Uncommon trap: reason=unstable_if action=reinterpret pc=0x000000000a367e88 method=java.util.concurrent.ConcurrentHashMap$TreeNode.findTreeNode(ILjava/lang/Object;Ljava/lang/Class;)Ljava/util/concurrent/ConcurrentHashMap$TreeNode; @ 160
Event: 7071.735 Thread 0x00000000229cd800 Uncommon trap: reason=unstable_if action=reinterpret pc=0x000000000a367e88 method=java.util.concurrent.ConcurrentHashMap$TreeNode.findTreeNode(ILjava/lang/Object;Ljava/lang/Class;)Ljava/util/concurrent/ConcurrentHashMap$TreeNode; @ 160
Event: 7286.872 Thread 0x0000000020302800 Uncommon trap: reason=array_check action=maybe_recompile pc=0x000000000616bec4 method=com.fasterxml.jackson.databind.util.ArrayBuilders.insertInListNoDup([Ljava/lang/Object;Ljava/lang/Object;)[Ljava/lang/Object; @ 123
Event: 7286.872 Thread 0x0000000020302800 Uncommon trap: reason=array_check action=maybe_recompile pc=0x000000000616bec4 method=com.fasterxml.jackson.databind.util.ArrayBuilders.insertInListNoDup([Ljava/lang/Object;Ljava/lang/Object;)[Ljava/lang/Object; @ 123
Event: 7286.872 Thread 0x0000000020302800 Uncommon trap: reason=array_check action=maybe_recompile pc=0x000000000616bec4 method=com.fasterxml.jackson.databind.util.ArrayBuilders.insertInListNoDup([Ljava/lang/Object;Ljava/lang/Object;)[Ljava/lang/Object; @ 123
Event: 7286.872 Thread 0x0000000020302800 Uncommon trap: reason=array_check action=maybe_recompile pc=0x000000000616bec4 method=com.fasterxml.jackson.databind.util.ArrayBuilders.insertInListNoDup([Ljava/lang/Object;Ljava/lang/Object;)[Ljava/lang/Object; @ 123
Event: 7819.179 Thread 0x000000001e4da800 Uncommon trap: reason=array_check action=maybe_recompile pc=0x00000000072e9370 method=java.util.TimSort.reverseRange([Ljava/lang/Object;II)V @ 20
Event: 7819.179 Thread 0x000000001e4da800 Uncommon trap: reason=predicate action=maybe_recompile pc=0x000000000ad02480 method=java.util.TimSort.mergeLo(IIII)V @ 153
Event: 7819.179 Thread 0x000000001d36a000 Uncommon trap: reason=array_check action=maybe_recompile pc=0x00000000072e9370 method=java.util.TimSort.reverseRange([Ljava/lang/Object;II)V @ 20
Event: 7819.179 Thread 0x000000001d367000 Uncommon trap: reason=array_check action=maybe_recompile pc=0x00000000072e9370 method=java.util.TimSort.reverseRange([Ljava/lang/Object;II)V @ 20

Internal exceptions (10 events):
Event: 7913.517 Thread 0x000000001fa1a000 Exception <a 'java/lang/ClassNotFoundException': > (0x00000000f275b7a0) thrown at [C:\re\workspace\8-2-build-windows-amd64-cygwin\jdk8u101\7261\hotspot\src\share\vm\prims\jni.cpp, line 735]
Event: 7913.517 Thread 0x000000001fa1a000 Exception <a 'java/lang/ClassNotFoundException': > (0x00000000f2767e40) thrown at [C:\re\workspace\8-2-build-windows-amd64-cygwin\jdk8u101\7261\hotspot\src\share\vm\prims\jni.cpp, line 735]
Event: 7913.517 Thread 0x000000001fa1a000 Exception <a 'java/lang/ClassNotFoundException': > (0x00000000f27744e0) thrown at [C:\re\workspace\8-2-build-windows-amd64-cygwin\jdk8u101\7261\hotspot\src\share\vm\prims\jni.cpp, line 735]
Event: 7913.518 Thread 0x000000001fa1a000 Exception <a 'java/lang/ClassNotFoundException': > (0x00000000f278aac0) thrown at [C:\re\workspace\8-2-build-windows-amd64-cygwin\jdk8u101\7261\hotspot\src\share\vm\prims\jni.cpp, line 735]
Event: 7913.518 Thread 0x000000001fa1a000 Exception <a 'java/lang/ClassNotFoundException': > (0x00000000f27aafd8) thrown at [C:\re\workspace\8-2-build-windows-amd64-cygwin\jdk8u101\7261\hotspot\src\share\vm\prims\jni.cpp, line 735]
Event: 7948.689 Thread 0x000000001e4dd000 Exception <a 'java/lang/InterruptedException': sleep interrupted> (0x00000000f147ab88) thrown at [C:\re\workspace\8-2-build-windows-amd64-cygwin\jdk8u101\7261\hotspot\src\share\vm\prims\jvm.cpp, line 3215]
Event: 7948.705 Thread 0x000000001e4d8800 Exception <a 'java/lang/InterruptedException': sleep interrupted> (0x00000000f2c44308) thrown at [C:\re\workspace\8-2-build-windows-amd64-cygwin\jdk8u101\7261\hotspot\src\share\vm\prims\jvm.cpp, line 3215]
Event: 7950.625 Thread 0x0000000020301000 Exception <a 'java/io/FileNotFoundException'> (0x00000000eceb5668) thrown at [C:\re\workspace\8-2-build-windows-amd64-cygwin\jdk8u101\7261\hotspot\src\share\vm\prims\jni.cpp, line 709]
Event: 7956.991 Thread 0x0000000020301000 Exception <a 'java/security/PrivilegedActionException'> (0x00000000f116db40) thrown at [C:\re\workspace\8-2-build-windows-amd64-cygwin\jdk8u101\7261\hotspot\src\share\vm\prims\jvm.cpp, line 1386]
Event: 7956.991 Thread 0x0000000020301000 Exception <a 'java/security/PrivilegedActionException'> (0x00000000f116df38) thrown at [C:\re\workspace\8-2-build-windows-amd64-cygwin\jdk8u101\7261\hotspot\src\share\vm\prims\jvm.cpp, line 1386]

Events (10 events):
Event: 7958.774 loading class com/datastax/driver/core/Cluster done
Event: 7958.791 loading class org/springframework/integration/config/EnableIntegrationManagement
Event: 7958.791 loading class org/springframework/integration/config/EnableIntegrationManagement done
Event: 7958.798 loading class liquibase/integration/spring/SpringLiquibase
Event: 7958.798 loading class liquibase/integration/spring/SpringLiquibase done
Event: 7958.799 loading class org/flywaydb/core/Flyway
Event: 7958.799 loading class org/flywaydb/core/Flyway done
Event: 7958.840 loading class lombok/NonNull
Event: 7958.840 loading class lombok/NonNull done
Event: 7959.052 Executing VM operation: ParallelGCFailedAllocation


Dynamic libraries:
0x00007ff70c580000 - 0x00007ff70c5b7000 	C:\Program Files\Java\jdk1.8.0_101\jre\bin\java.exe
0x00007ff86f110000 - 0x00007ff86f2ee000 	C:\WINDOWS\SYSTEM32\ntdll.dll
0x00007ff86ef60000 - 0x00007ff86f00d000 	C:\WINDOWS\System32\KERNEL32.DLL
0x00007ff86bc60000 - 0x00007ff86bec7000 	C:\WINDOWS\System32\KERNELBASE.dll
0x00007ff86e900000 - 0x00007ff86e9a1000 	C:\WINDOWS\System32\ADVAPI32.dll
0x00007ff86cd10000 - 0x00007ff86cdad000 	C:\WINDOWS\System32\msvcrt.dll
0x00007ff86c770000 - 0x00007ff86c7ca000 	C:\WINDOWS\System32\sechost.dll
0x00007ff86cbd0000 - 0x00007ff86ccf2000 	C:\WINDOWS\System32\RPCRT4.dll
0x00007ff86e470000 - 0x00007ff86e5fe000 	C:\WINDOWS\System32\USER32.dll
0x00007ff86c280000 - 0x00007ff86c2a0000 	C:\WINDOWS\System32\win32u.dll
0x00007ff86c690000 - 0x00007ff86c6b9000 	C:\WINDOWS\System32\GDI32.dll
0x00007ff86c0f0000 - 0x00007ff86c27b000 	C:\WINDOWS\System32\gdi32full.dll
0x00007ff86c050000 - 0x00007ff86c0ea000 	C:\WINDOWS\System32\msvcp_win.dll
0x00007ff86bf50000 - 0x00007ff86c048000 	C:\WINDOWS\System32\ucrtbase.dll
0x00007ff862a40000 - 0x00007ff862ca7000 	C:\WINDOWS\WinSxS\amd64_microsoft.windows.common-controls_6595b64144ccf1df_6.0.16232.1000_none_0ca1c792a8b1ed1f\COMCTL32.dll
0x00007ff86c860000 - 0x00007ff86cb6a000 	C:\WINDOWS\System32\combase.dll
0x00007ff86bed0000 - 0x00007ff86bf42000 	C:\WINDOWS\System32\bcryptPrimitives.dll
0x00007ff86c7d0000 - 0x00007ff86c7fd000 	C:\WINDOWS\System32\IMM32.DLL
0x00000000501f0000 - 0x00000000502c2000 	C:\Program Files\Java\jdk1.8.0_101\jre\bin\msvcr100.dll
0x0000000077760000 - 0x0000000077ffa000 	C:\Program Files\Java\jdk1.8.0_101\jre\bin\server\jvm.dll
0x00007ff86e870000 - 0x00007ff86e878000 	C:\WINDOWS\System32\PSAPI.DLL
0x00007ff85b3d0000 - 0x00007ff85b3d9000 	C:\WINDOWS\SYSTEM32\WSOCK32.dll
0x00007ff8677d0000 - 0x00007ff8677da000 	C:\WINDOWS\SYSTEM32\VERSION.dll
0x00007ff869780000 - 0x00007ff8697a3000 	C:\WINDOWS\SYSTEM32\WINMM.dll
0x00007ff86e800000 - 0x00007ff86e86d000 	C:\WINDOWS\System32\WS2_32.dll
0x00007ff869610000 - 0x00007ff86963b000 	C:\WINDOWS\SYSTEM32\WINMMBASE.dll
0x00007ff86c300000 - 0x00007ff86c34a000 	C:\WINDOWS\System32\cfgmgr32.dll
0x0000000050620000 - 0x000000005062f000 	C:\Program Files\Java\jdk1.8.0_101\jre\bin\verify.dll
0x00000000505f0000 - 0x0000000050619000 	C:\Program Files\Java\jdk1.8.0_101\jre\bin\java.dll
0x00000000505d0000 - 0x00000000505e6000 	C:\Program Files\Java\jdk1.8.0_101\jre\bin\zip.dll
0x00007ff86cec0000 - 0x00007ff86e2f2000 	C:\WINDOWS\System32\SHELL32.dll
0x00007ff86c6c0000 - 0x00007ff86c769000 	C:\WINDOWS\System32\shcore.dll
0x00007ff86b500000 - 0x00007ff86bc56000 	C:\WINDOWS\System32\windows.storage.dll
0x00007ff86cb70000 - 0x00007ff86cbc1000 	C:\WINDOWS\System32\shlwapi.dll
0x00007ff86b470000 - 0x00007ff86b481000 	C:\WINDOWS\System32\kernel.appcore.dll
0x00007ff86b490000 - 0x00007ff86b4dc000 	C:\WINDOWS\System32\powrprof.dll
0x00007ff86b450000 - 0x00007ff86b46b000 	C:\WINDOWS\System32\profapi.dll
0x00000000502d0000 - 0x00000000502dd000 	C:\Program Files\Java\jdk1.8.0_101\jre\bin\management.dll
0x00000000505b0000 - 0x00000000505ca000 	C:\Program Files\Java\jdk1.8.0_101\jre\bin\net.dll
0x00007ff86ac90000 - 0x00007ff86acf6000 	C:\WINDOWS\system32\mswsock.dll
0x00007ff865390000 - 0x00007ff8653a6000 	C:\WINDOWS\system32\napinsp.dll
0x00007ff865110000 - 0x00007ff86512a000 	C:\WINDOWS\system32\pnrpnsp.dll
0x00007ff86aa60000 - 0x00007ff86ab13000 	C:\WINDOWS\SYSTEM32\DNSAPI.dll
0x00007ff86cd00000 - 0x00007ff86cd08000 	C:\WINDOWS\System32\NSI.dll
0x00007ff86aa20000 - 0x00007ff86aa57000 	C:\WINDOWS\SYSTEM32\IPHLPAPI.DLL
0x00007ff8697c0000 - 0x00007ff8697ce000 	C:\WINDOWS\System32\winrnr.dll
0x00007ff868050000 - 0x00007ff868068000 	C:\WINDOWS\system32\NLAapi.dll
0x00007ff864e50000 - 0x00007ff864e5a000 	C:\Windows\System32\rasadhlp.dll
0x00007ff865290000 - 0x00007ff865300000 	C:\WINDOWS\System32\fwpuclnt.dll
0x00007ff86b320000 - 0x00007ff86b345000 	C:\WINDOWS\SYSTEM32\bcrypt.dll
0x0000000050590000 - 0x00000000505a1000 	C:\Program Files\Java\jdk1.8.0_101\jre\bin\nio.dll
0x00007ff86ae50000 - 0x00007ff86ae67000 	C:\WINDOWS\SYSTEM32\CRYPTSP.dll
0x00007ff86a8b0000 - 0x00007ff86a8e3000 	C:\WINDOWS\system32\rsaenh.dll
0x00007ff86b350000 - 0x00007ff86b379000 	C:\WINDOWS\SYSTEM32\USERENV.dll
0x00007ff86ae70000 - 0x00007ff86ae7b000 	C:\WINDOWS\SYSTEM32\CRYPTBASE.dll
0x00007ff8671f0000 - 0x00007ff867206000 	C:\WINDOWS\SYSTEM32\dhcpcsvc6.DLL
0x00007ff8671d0000 - 0x00007ff8671ea000 	C:\WINDOWS\SYSTEM32\dhcpcsvc.DLL
0x00000000502f0000 - 0x0000000050314000 	C:\Program Files\Java\jdk1.8.0_101\jre\bin\sunec.dll
0x00007ff85dfc0000 - 0x00007ff85e188000 	C:\WINDOWS\SYSTEM32\dbghelp.dll

VM Arguments:
java_command: vn.greenglobal.Application
java_class_path (initial): D:\gj\workspace2\tttp-api\target\classes;C:\Users\thanh\.m2\repository\com\googlecode\json-simple\json-simple\1.1.1\json-simple-1.1.1.jar;C:\Users\thanh\.m2\repository\junit\junit\4.12\junit-4.12.jar;C:\Users\thanh\.m2\repository\org\docx4j\docx4j\3.3.4\docx4j-3.3.4.jar;C:\Users\thanh\.m2\repository\org\plutext\jaxb-svg11\1.0.2\jaxb-svg11-1.0.2.jar;C:\Users\thanh\.m2\repository\net\engio\mbassador\1.2.4.2\mbassador-1.2.4.2.jar;C:\Users\thanh\.m2\repository\org\slf4j\slf4j-api\1.7.25\slf4j-api-1.7.25.jar;C:\Users\thanh\.m2\repository\org\slf4j\jcl-over-slf4j\1.7.25\jcl-over-slf4j-1.7.25.jar;C:\Users\thanh\.m2\repository\log4j\log4j\1.2.17\log4j-1.2.17.jar;C:\Users\thanh\.m2\repository\commons-codec\commons-codec\1.10\commons-codec-1.10.jar;C:\Users\thanh\.m2\repository\commons-io\commons-io\2.5\commons-io-2.5.jar;C:\Users\thanh\.m2\repository\org\apache\httpcomponents\httpclient\4.5.3\httpclient-4.5.3.jar;C:\Users\thanh\.m2\repository\org\apache\httpcomponents\httpcore\4.4.6\httpcore-4.4.6.jar;C:\Users\thanh\.m2\repository\com\fasterxml\jackson\core\jackson-core\2.8.8\jackson-core-2.8.8.jar;C:\Users\thanh\.m2\repository\com\fasterxml\jackson\core\jackson-databind\2.8.8\jackson-databind-2.8.8.jar;C:\Users\thanh\.m2\repository\org\apache\xmlgraphics\xmlgraphics-commons\2.1\xmlgraphics-commons-2.1.jar;C:\Users\thanh\.m2\repository\org\apache\avalon\framework\avalon-framework-api\4.3.1\avalon-framework-api-4.3.1.jar;C:\Users\thanh\.m2\repository\org\apache\avalon\framework\avalon-framework-impl\4.3.1\avalon-framework-impl-4.3.1.jar;C:\Users\thanh\.m2\repository\xalan\xalan\2.7.2\xalan-2.7.2.jar;C:\Users\thanh\.m2\repository\xalan\serializer\2.7.2\serializer-2.7.2.jar;C:\Users\thanh\.m2\repository\net\arnx\wmf2svg\0.9.8\wmf2svg-0.9.8.jar;C:\Users\thanh\.m2\repository\org\antlr\antlr-runtime\3.5.2\antlr-runtime-3.5.2.jar;C:\Users\thanh\.m2\repository\org\antlr\stringtemplate\3.2.1\stringtemplate-3.2.1.jar;C:\Users\thanh\.m2\repository\antlr\ant
Launcher Type: SUN_STANDARD

Environment Variables:
JAVA_HOME=C:/Program Files/Java/jdk1.8.0_101
PATH=C:\Users\thanh\bin;C:\Program Files\Git\mingw64\bin;C:\Program Files\Git\usr\local\bin;C:\Program Files\Git\usr\bin;C:\Program Files\Git\usr\bin;C:\Program Files\Git\mingw64\bin;C:\Program Files\Git\usr\bin;C:\Users\thanh\bin;C:\Program Files\Java\jdk1.8.0_101\jre\bin\server;C:\Program Files\Java\jdk1.8.0_101\jre\bin;C:\Program Files\Java\jdk1.8.0_101\jre\lib\amd64;C:\Program Files\Docker\Docker\Resources\bin;C:\webserver\Ruby\bin;C:\ProgramData\Oracle\Java\javapath;D:\app\egov\product\12.1.0\dbhome_1\bin;C:\WINDOWS\system32;C:\WINDOWS;C:\WINDOWS\System32\Wbem;C:\WINDOWS\System32\WindowsPowerShell\v1.0;C:\Program Files\TortoiseGit\bin;C:\Users\thanh\AppData\Local\Microsoft\WindowsApps;C:\Program Files\Apache\maven\bin;C:\Program Files\nodejs;C:\Program Files\MySQL\MySQL Utilities 1.6;C:\Program Files (x86)\Skype\Phone;C:\Users\thanh\AppData\Local\Programs\Python\Python35-32\Scripts;C:\Users\thanh\AppData\Local\Programs\Python\Python35-32;C:\Users\thanh\AppData\Local\Microsoft\WindowsApps;C:\Users\thanh\AppData\Roaming\npm;C:\Program Files (x86)\Microsoft VS Code\bin;D:\gj\eclipse;C:\Program Files\Git\usr\bin\vendor_perl;C:\Program Files\Git\usr\bin\core_perl
USERNAME=thanh
SHELL=C:\Program Files\Git\usr\bin\bash.exe
DISPLAY=needs-to-be-defined
OS=Windows_NT
PROCESSOR_IDENTIFIER=Intel64 Family 6 Model 60 Stepping 3, GenuineIntel



---------------  S Y S T E M  ---------------

OS: Windows 10.0 , 64 bit Build 16232 (10.0.16232.1000)

CPU:total 4 (4 cores per cpu, 1 threads per core) family 6 model 60 stepping 3, cmov, cx8, fxsr, mmx, sse, sse2, sse3, ssse3, sse4.1, sse4.2, popcnt, avx, avx2, aes, clmul, erms, lzcnt, tsc, tscinvbit, bmi1, bmi2

Memory: 4k page, physical 8305184k(552972k free), swap 18313572k(959960k free)

vm_info: Java HotSpot(TM) 64-Bit Server VM (25.101-b13) for windows-amd64 JRE (1.8.0_101-b13), built on Jun 22 2016 01:21:29 by "java_re" with MS VC++ 10.0 (VS2010)

time: Wed Jul 19 10:54:39 2017
elapsed time: 7959 seconds (0d 2h 12m 39s)

