#
# A fatal error has been detected by the Java Runtime Environment:
#
#  EXCEPTION_ACCESS_VIOLATION (0xc0000005) at pc=0x00000000586e467b, pid=9292, tid=0x00000000000005e0
#
# JRE version: Java(TM) SE Runtime Environment (8.0_101-b13) (build 1.8.0_101-b13)
# Java VM: Java HotSpot(TM) 64-Bit Server VM (25.101-b13 mixed mode windows-amd64 compressed oops)
# Problematic frame:
# V  [jvm.dll+0x11467b]
#
# Failed to write core dump. Minidumps are not enabled by default on client versions of Windows
#
# If you would like to submit a bug report, please visit:
#   http://bugreport.java.com/bugreport/crash.jsp
#

---------------  T H R E A D  ---------------

Current thread (0x0000000004d62000):  GCTaskThread [stack: 0x00000000149b0000,0x0000000014ab0000] [id=1504]

siginfo: ExceptionCode=0xc0000005, reading address 0x0000000002580280

Registers:
RAX=0x0000000014cb0000, RBX=0x0000000084df76d0, RCX=0x0000000000000003, RDX=0x0000000000000001
RSP=0x0000000014aaf580, RBP=0x000000008551cc5c, RSI=0x0000000004e34ca0, RDI=0x0000000004e34ca0
R8 =0x0000000002580278, R9 =0x0000000100676ec0, R10=0x000000000000000c, R11=0x0000000058bcfd38
R12=0x000000008551cc60, R13=0x00000001006770b0, R14=0x00000001006770b8, R15=0x000000008551cc40
RIP=0x00000000586e467b, EFLAGS=0x0000000000010206

Top of Stack: (sp=0x0000000014aaf580)
0x0000000014aaf580:   0000000100676ec0 000000008551cc20
0x0000000014aaf590:   0000000000000004 00000000587ed202
0x0000000014aaf5a0:   0000000000000000 0000000004d623a0
0x0000000014aaf5b0:   0000000004d579a0 0000000004e34ca0
0x0000000014aaf5c0:   0000000000003a8d 00000000589c7a50
0x0000000014aaf5d0:   000000001a0904a8 0000000014aaf6e9
0x0000000014aaf5e0:   0000000004e34ca0 0000000058c22f48
0x0000000014aaf5f0:   000000001a073c88 0000000014aaf6e9
0x0000000014aaf600:   0000000000000000 0000000000000004
0x0000000014aaf610:   0000000004e34ca0 00000000586e2d42
0x0000000014aaf620:   0000000081749840 0000000000000000
0x0000000014aaf630:   0000000000000000 0000000004d579a0
0x0000000014aaf640:   0000000004d623b0 0000000004d623a0
0x0000000014aaf650:   0000000058c22f48 0000000004e34ca0
0x0000000014aaf660:   0000000000000000 0000000014aaf6e9
0x0000000014aaf670:   0000000019885540 00000000589c4a30 

Instructions: (pc=0x00000000586e467b)
0x00000000586e465b:   6f 00 84 d2 74 16 44 8b 43 08 8b 0d 35 a1 68 00
0x00000000586e466b:   49 d3 e0 4c 03 05 23 a1 68 00 eb 04 4c 8b 43 08
0x00000000586e467b:   45 8b 48 08 45 85 c9 7e 0c 41 f6 c1 01 75 4b 41
0x00000000586e468b:   c1 f9 03 eb 57 79 43 84 d2 41 8b c9 b8 10 00 00 


Register to memory mapping:

RAX=0x0000000014cb0000 is an unknown value
RBX=0x0000000084df76d0 is pointing into object: 0x0000000084df7678
[C 
 - klass: {type array char}
 - length: 44
RCX=0x0000000000000003 is an unknown value
RDX=0x0000000000000001 is an unknown value
RSP=0x0000000014aaf580 is an unknown value
RBP=0x000000008551cc5c is pointing into object: 0x000000008551cc40
com.querydsl.core.types.PathMetadata 
 - klass: 'com/querydsl/core/types/PathMetadata'
RSI=0x0000000004e34ca0 is an unknown value
RDI=0x0000000004e34ca0 is an unknown value
R8 =0x0000000002580278 is an unknown value
R9 =0x0000000100676ec0 is pointing into metadata
R10=0x000000000000000c is an unknown value
R11=0x0000000058bcfd38 is an unknown value
R12=0x000000008551cc60 is an oop
com.querydsl.core.types.dsl.NumberPath 
 - klass: 'com/querydsl/core/types/dsl/NumberPath'
R13=0x00000001006770b0 is pointing into metadata
R14=0x00000001006770b8 is pointing into metadata
R15=0x000000008551cc40 is an oop
com.querydsl.core.types.PathMetadata 
 - klass: 'com/querydsl/core/types/PathMetadata'


Stack: [0x00000000149b0000,0x0000000014ab0000],  sp=0x0000000014aaf580,  free space=1021k
Native frames: (J=compiled Java code, j=interpreted, Vv=VM code, C=native code)
V  [jvm.dll+0x11467b]
V  [jvm.dll+0x3f7a50]
V  [jvm.dll+0x3f4a30]
V  [jvm.dll+0x3f25ce]
V  [jvm.dll+0x29c18a]
C  [msvcr100.dll+0x21d9f]
C  [msvcr100.dll+0x21e3b]
C  [KERNEL32.DLL+0x62b4]
C  [ntdll.dll+0x5fd61]


---------------  P R O C E S S  ---------------

Java Threads: ( => current thread )
  0x000000001fa8a000 JavaThread "Thread-9" [_thread_blocked, id=5400, stack(0x000000002e1d0000,0x000000002e2d0000)]
  0x000000001fa8c000 JavaThread "DestroyJavaVM" [_thread_blocked, id=7196, stack(0x0000000004c40000,0x0000000004d40000)]
  0x000000001c6ab000 JavaThread "http-nio-8088-AsyncTimeout" daemon [_thread_blocked, id=13028, stack(0x000000002e0d0000,0x000000002e1d0000)]
  0x0000000022afe000 JavaThread "http-nio-8088-Acceptor-0" daemon [_thread_blocked, id=5340, stack(0x000000002dfd0000,0x000000002e0d0000)]
  0x0000000022af6000 JavaThread "Live Reload Server" daemon [_thread_in_native, id=7148, stack(0x000000002cea0000,0x000000002cfa0000)]
  0x000000001b438800 JavaThread "Service Thread" daemon [_thread_blocked, id=6552, stack(0x000000001b800000,0x000000001b900000)]
  0x00000000199c2800 JavaThread "C1 CompilerThread2" daemon [_thread_blocked, id=9716, stack(0x000000001b300000,0x000000001b400000)]
  0x00000000199bf800 JavaThread "C2 CompilerThread1" daemon [_thread_blocked, id=14940, stack(0x000000001b200000,0x000000001b300000)]
  0x00000000199bc800 JavaThread "C2 CompilerThread0" daemon [_thread_blocked, id=5876, stack(0x000000001b100000,0x000000001b200000)]
  0x00000000199b8000 JavaThread "Attach Listener" daemon [_thread_blocked, id=12624, stack(0x000000001b000000,0x000000001b100000)]
  0x00000000199a2000 JavaThread "Signal Dispatcher" daemon [_thread_blocked, id=12324, stack(0x000000001af00000,0x000000001b000000)]
  0x000000001999f800 JavaThread "Finalizer" daemon [_thread_blocked, id=5964, stack(0x000000001ac10000,0x000000001ad10000)]
  0x0000000004e39000 JavaThread "Reference Handler" daemon [_thread_blocked, id=3308, stack(0x000000001ab10000,0x000000001ac10000)]

Other Threads:
  0x0000000019977800 VMThread [stack: 0x000000001aa10000,0x000000001ab10000] [id=11188]
  0x000000001b4e7000 WatcherThread [stack: 0x000000001b900000,0x000000001ba00000] [id=4168]

=>0x0000000004d62000 (exited) GCTaskThread [stack: 0x00000000149b0000,0x0000000014ab0000] [id=1504]

VM state:at safepoint (normal execution)

VM Mutex/Monitor currently owned by a thread:  ([mutex/lock_event])
[0x000000000336c3d0] Threads_lock - owner thread: 0x0000000019977800
[0x000000000336c250] Heap_lock - owner thread: 0x000000001fa8a000

Heap:
 PSYoungGen      total 649728K, used 25344K [0x00000000d5c00000, 0x0000000100000000, 0x0000000100000000)
  eden space 607232K, 0% used [0x00000000d5c00000,0x00000000d5c00000,0x00000000fad00000)
  from space 42496K, 59% used [0x00000000fad00000,0x00000000fc5c0020,0x00000000fd680000)
  to   space 42496K, 0% used [0x00000000fd680000,0x00000000fd680000,0x0000000100000000)
 ParOldGen       total 189440K, used 80915K [0x0000000081400000, 0x000000008cd00000, 0x00000000d5c00000)
  object space 189440K, 42% used [0x0000000081400000,0x0000000086304c40,0x000000008cd00000)
 Metaspace       used 70276K, capacity 71264K, committed 71552K, reserved 1112064K
  class space    used 8827K, capacity 9072K, committed 9088K, reserved 1048576K

Card table byte_map: [0x0000000014200000,0x0000000014600000] byte_map_base: 0x0000000013df6000

Marking Bits: (ParMarkBitMap*) 0x0000000058dea6d0
 Begin Bits: [0x0000000014cb0000, 0x0000000016c60000)
 End Bits:   [0x0000000016c60000, 0x0000000018c10000)

Polling page: 0x0000000002e80000

CodeCache: size=245760Kb used=28889Kb max_used=28914Kb free=216870Kb
 bounds [0x0000000004e40000, 0x0000000006ab0000, 0x0000000013e40000]
 total_blobs=9478 nmethods=8917 adapters=472
 compilation: enabled

Compilation events (10 events):
Event: 113.425 Thread 0x00000000199c2800 nmethod 10509 0x0000000005147250 code [0x00000000051473a0, 0x0000000005147550]
Event: 113.428 Thread 0x00000000199c2800 10510       3       java.security.CodeSource::<init> (40 bytes)
Event: 113.428 Thread 0x00000000199c2800 nmethod 10510 0x0000000005146bd0 code [0x0000000005146d40, 0x0000000005147148]
Event: 113.433 Thread 0x00000000199c2800 10511       3       org.apache.catalina.util.LifecycleBase::fireLifecycleEvent (56 bytes)
Event: 113.433 Thread 0x00000000199c2800 nmethod 10511 0x0000000004f731d0 code [0x0000000004f733c0, 0x0000000004f73c88]
Event: 113.434 Thread 0x00000000199c2800 10512       3       org.apache.catalina.LifecycleEvent::<init> (16 bytes)
Event: 113.435 Thread 0x00000000199c2800 nmethod 10512 0x00000000054ffa90 code [0x00000000054ffc20, 0x00000000054fff88]
Event: 113.435 Thread 0x00000000199c2800 10513  s    3       org.apache.catalina.util.LifecycleBase::setStateInternal (144 bytes)
Event: 113.436 Thread 0x00000000199c2800 nmethod 10513 0x0000000005489610 code [0x0000000005489860, 0x000000000548a8e8]
Event: 113.436 Thread 0x00000000199bc800 10514       4       java.util.concurrent.ConcurrentHashMap$KeyIterator::next (34 bytes)

GC Heap History (10 events):
Event: 24.865 GC heap after
Heap after GC invocations=18 (full 3):
 PSYoungGen      total 477184K, used 19692K [0x00000000d5c00000, 0x00000000fc280000, 0x0000000100000000)
  eden space 443392K, 0% used [0x00000000d5c00000,0x00000000d5c00000,0x00000000f0d00000)
  from space 33792K, 58% used [0x00000000f0d00000,0x00000000f203b0f8,0x00000000f2e00000)
  to   space 33792K, 0% used [0x00000000fa180000,0x00000000fa180000,0x00000000fc280000)
 ParOldGen       total 189440K, used 80891K [0x0000000081400000, 0x000000008cd00000, 0x00000000d5c00000)
  object space 189440K, 42% used [0x0000000081400000,0x00000000862fec40,0x000000008cd00000)
 Metaspace       used 62758K, capacity 63632K, committed 64128K, reserved 1105920K
  class space    used 7817K, capacity 7999K, committed 8064K, reserved 1048576K
}
Event: 27.231 GC heap before
{Heap before GC invocations=19 (full 3):
 PSYoungGen      total 477184K, used 463084K [0x00000000d5c00000, 0x00000000fc280000, 0x0000000100000000)
  eden space 443392K, 100% used [0x00000000d5c00000,0x00000000f0d00000,0x00000000f0d00000)
  from space 33792K, 58% used [0x00000000f0d00000,0x00000000f203b0f8,0x00000000f2e00000)
  to   space 33792K, 0% used [0x00000000fa180000,0x00000000fa180000,0x00000000fc280000)
 ParOldGen       total 189440K, used 80891K [0x0000000081400000, 0x000000008cd00000, 0x00000000d5c00000)
  object space 189440K, 42% used [0x0000000081400000,0x00000000862fec40,0x000000008cd00000)
 Metaspace       used 67740K, capacity 68726K, committed 69248K, reserved 1110016K
  class space    used 8541K, capacity 8796K, committed 8832K, reserved 1048576K
Event: 27.276 GC heap after
Heap after GC invocations=19 (full 3):
 PSYoungGen      total 590848K, used 31500K [0x00000000d5c00000, 0x00000000fce80000, 0x0000000100000000)
  eden space 557056K, 0% used [0x00000000d5c00000,0x00000000d5c00000,0x00000000f7c00000)
  from space 33792K, 93% used [0x00000000fa180000,0x00000000fc043030,0x00000000fc280000)
  to   space 38400K, 0% used [0x00000000f7c00000,0x00000000f7c00000,0x00000000fa180000)
 ParOldGen       total 189440K, used 80899K [0x0000000081400000, 0x000000008cd00000, 0x00000000d5c00000)
  object space 189440K, 42% used [0x0000000081400000,0x0000000086300c40,0x000000008cd00000)
 Metaspace       used 67740K, capacity 68726K, committed 69248K, reserved 1110016K
  class space    used 8541K, capacity 8796K, committed 8832K, reserved 1048576K
}
Event: 29.818 GC heap before
{Heap before GC invocations=20 (full 3):
 PSYoungGen      total 590848K, used 588556K [0x00000000d5c00000, 0x00000000fce80000, 0x0000000100000000)
  eden space 557056K, 100% used [0x00000000d5c00000,0x00000000f7c00000,0x00000000f7c00000)
  from space 33792K, 93% used [0x00000000fa180000,0x00000000fc043030,0x00000000fc280000)
  to   space 38400K, 0% used [0x00000000f7c00000,0x00000000f7c00000,0x00000000fa180000)
 ParOldGen       total 189440K, used 80899K [0x0000000081400000, 0x000000008cd00000, 0x00000000d5c00000)
  object space 189440K, 42% used [0x0000000081400000,0x0000000086300c40,0x000000008cd00000)
 Metaspace       used 69187K, capacity 70212K, committed 70656K, reserved 1112064K
  class space    used 8700K, capacity 8937K, committed 8960K, reserved 1048576K
Event: 29.844 GC heap after
Heap after GC invocations=20 (full 3):
 PSYoungGen      total 595456K, used 30635K [0x00000000d5c00000, 0x0000000100000000, 0x0000000100000000)
  eden space 557056K, 0% used [0x00000000d5c00000,0x00000000d5c00000,0x00000000f7c00000)
  from space 38400K, 79% used [0x00000000f7c00000,0x00000000f99eaef8,0x00000000fa180000)
  to   space 41472K, 0% used [0x00000000fd780000,0x00000000fd780000,0x0000000100000000)
 ParOldGen       total 189440K, used 80907K [0x0000000081400000, 0x000000008cd00000, 0x00000000d5c00000)
  object space 189440K, 42% used [0x0000000081400000,0x0000000086302c40,0x000000008cd00000)
 Metaspace       used 69187K, capacity 70212K, committed 70656K, reserved 1112064K
  class space    used 8700K, capacity 8937K, committed 8960K, reserved 1048576K
}
Event: 113.203 GC heap before
{Heap before GC invocations=21 (full 3):
 PSYoungGen      total 595456K, used 587691K [0x00000000d5c00000, 0x0000000100000000, 0x0000000100000000)
  eden space 557056K, 100% used [0x00000000d5c00000,0x00000000f7c00000,0x00000000f7c00000)
  from space 38400K, 79% used [0x00000000f7c00000,0x00000000f99eaef8,0x00000000fa180000)
  to   space 41472K, 0% used [0x00000000fd780000,0x00000000fd780000,0x0000000100000000)
 ParOldGen       total 189440K, used 80907K [0x0000000081400000, 0x000000008cd00000, 0x00000000d5c00000)
  object space 189440K, 42% used [0x0000000081400000,0x0000000086302c40,0x000000008cd00000)
 Metaspace       used 70174K, capacity 71182K, committed 71552K, reserved 1112064K
  class space    used 8813K, capacity 9068K, committed 9088K, reserved 1048576K
Event: 113.227 GC heap after
Heap after GC invocations=21 (full 3):
 PSYoungGen      total 648704K, used 26951K [0x00000000d5c00000, 0x0000000100000000, 0x0000000100000000)
  eden space 607232K, 0% used [0x00000000d5c00000,0x00000000d5c00000,0x00000000fad00000)
  from space 41472K, 64% used [0x00000000fd780000,0x00000000ff1d1e50,0x0000000100000000)
  to   space 42496K, 0% used [0x00000000fad00000,0x00000000fad00000,0x00000000fd680000)
 ParOldGen       total 189440K, used 80907K [0x0000000081400000, 0x000000008cd00000, 0x00000000d5c00000)
  object space 189440K, 42% used [0x0000000081400000,0x0000000086302c40,0x000000008cd00000)
 Metaspace       used 70174K, capacity 71182K, committed 71552K, reserved 1112064K
  class space    used 8813K, capacity 9068K, committed 9088K, reserved 1048576K
}
Event: 113.437 GC heap before
{Heap before GC invocations=22 (full 3):
 PSYoungGen      total 648704K, used 406109K [0x00000000d5c00000, 0x0000000100000000, 0x0000000100000000)
  eden space 607232K, 62% used [0x00000000d5c00000,0x00000000ece45968,0x00000000fad00000)
  from space 41472K, 64% used [0x00000000fd780000,0x00000000ff1d1e50,0x0000000100000000)
  to   space 42496K, 0% used [0x00000000fad00000,0x00000000fad00000,0x00000000fd680000)
 ParOldGen       total 189440K, used 80907K [0x0000000081400000, 0x000000008cd00000, 0x00000000d5c00000)
  object space 189440K, 42% used [0x0000000081400000,0x0000000086302c40,0x000000008cd00000)
 Metaspace       used 70276K, capacity 71264K, committed 71552K, reserved 1112064K
  class space    used 8827K, capacity 9072K, committed 9088K, reserved 1048576K
Event: 113.453 GC heap after
Heap after GC invocations=22 (full 3):
 PSYoungGen      total 649728K, used 25344K [0x00000000d5c00000, 0x0000000100000000, 0x0000000100000000)
  eden space 607232K, 0% used [0x00000000d5c00000,0x00000000d5c00000,0x00000000fad00000)
  from space 42496K, 59% used [0x00000000fad00000,0x00000000fc5c0020,0x00000000fd680000)
  to   space 42496K, 0% used [0x00000000fd680000,0x00000000fd680000,0x0000000100000000)
 ParOldGen       total 189440K, used 80915K [0x0000000081400000, 0x000000008cd00000, 0x00000000d5c00000)
  object space 189440K, 42% used [0x0000000081400000,0x0000000086304c40,0x000000008cd00000)
 Metaspace       used 70276K, capacity 71264K, committed 71552K, reserved 1112064K
  class space    used 8827K, capacity 9072K, committed 9088K, reserved 1048576K
}
Event: 113.453 GC heap before
{Heap before GC invocations=23 (full 4):
 PSYoungGen      total 649728K, used 25344K [0x00000000d5c00000, 0x0000000100000000, 0x0000000100000000)
  eden space 607232K, 0% used [0x00000000d5c00000,0x00000000d5c00000,0x00000000fad00000)
  from space 42496K, 59% used [0x00000000fad00000,0x00000000fc5c0020,0x00000000fd680000)
  to   space 42496K, 0% used [0x00000000fd680000,0x00000000fd680000,0x0000000100000000)
 ParOldGen       total 189440K, used 80915K [0x0000000081400000, 0x000000008cd00000, 0x00000000d5c00000)
  object space 189440K, 42% used [0x0000000081400000,0x0000000086304c40,0x000000008cd00000)
 Metaspace       used 70276K, capacity 71264K, committed 71552K, reserved 1112064K
  class space    used 8827K, capacity 9072K, committed 9088K, reserved 1048576K

Deoptimization events (10 events):
Event: 31.442 Thread 0x000000001cf9c000 Uncommon trap: reason=bimorphic action=maybe_recompile pc=0x00000000060a26c4 method=java.util.Collections$UnmodifiableMap.get(Ljava/lang/Object;)Ljava/lang/Object; @ 5
Event: 31.442 Thread 0x000000001cf9c000 Uncommon trap: reason=bimorphic action=maybe_recompile pc=0x00000000060a26c4 method=java.util.Collections$UnmodifiableMap.get(Ljava/lang/Object;)Ljava/lang/Object; @ 5
Event: 31.442 Thread 0x000000001cf9c000 Uncommon trap: reason=bimorphic action=maybe_recompile pc=0x00000000060a26c4 method=java.util.Collections$UnmodifiableMap.get(Ljava/lang/Object;)Ljava/lang/Object; @ 5
Event: 31.442 Thread 0x000000001cf9c000 Uncommon trap: reason=bimorphic action=maybe_recompile pc=0x00000000060a26c4 method=java.util.Collections$UnmodifiableMap.get(Ljava/lang/Object;)Ljava/lang/Object; @ 5
Event: 31.466 Thread 0x000000001cf9c000 Uncommon trap: reason=class_check action=maybe_recompile pc=0x0000000005ae6694 method=java.util.AbstractList$Itr.hasNext()Z @ 8
Event: 31.466 Thread 0x000000001cf9c000 Uncommon trap: reason=class_check action=maybe_recompile pc=0x0000000005bc2804 method=java.util.AbstractList$Itr.next()Ljava/lang/Object; @ 14
Event: 31.512 Thread 0x000000001cf9c000 Uncommon trap: reason=unstable_if action=reinterpret pc=0x00000000055b7684 method=org.springframework.util.ConcurrentReferenceHashMap$Segment.restructureIfNecessary(Z)V @ 33
Event: 113.154 Thread 0x0000000022af4800 Uncommon trap: reason=unstable_if action=reinterpret pc=0x0000000006a43948 method=org.springframework.boot.devtools.filewatch.FileSnapshot.equals(Ljava/lang/Object;)Z @ 71
Event: 113.160 Thread 0x0000000022af4800 Uncommon trap: reason=unstable_if action=reinterpret pc=0x00000000057b4d98 method=org.springframework.util.AntPathMatcher.skipSegment(Ljava/lang/String;ILjava/lang/String;)I @ 60
Event: 113.175 Thread 0x000000001fa8a000 Uncommon trap: reason=unstable_if action=reinterpret pc=0x000000000617ba08 method=java.util.concurrent.locks.ReentrantLock$NonfairSync.lock()V @ 6

Internal exceptions (10 events):
Event: 31.449 Thread 0x000000001cf9c000 Exception <a 'java/security/PrivilegedActionException'> (0x00000000f1acbf80) thrown at [C:\re\workspace\8-2-build-windows-amd64-cygwin\jdk8u101\7261\hotspot\src\share\vm\prims\jvm.cpp, line 1386]
Event: 31.449 Thread 0x000000001cf9c000 Exception <a 'java/security/PrivilegedActionException'> (0x00000000f1acc378) thrown at [C:\re\workspace\8-2-build-windows-amd64-cygwin\jdk8u101\7261\hotspot\src\share\vm\prims\jvm.cpp, line 1386]
Event: 31.449 Thread 0x000000001cf9c000 Exception <a 'java/security/PrivilegedActionException'> (0x00000000f1ad9ed8) thrown at [C:\re\workspace\8-2-build-windows-amd64-cygwin\jdk8u101\7261\hotspot\src\share\vm\prims\jvm.cpp, line 1386]
Event: 31.449 Thread 0x000000001cf9c000 Exception <a 'java/security/PrivilegedActionException'> (0x00000000f1ada2d0) thrown at [C:\re\workspace\8-2-build-windows-amd64-cygwin\jdk8u101\7261\hotspot\src\share\vm\prims\jvm.cpp, line 1386]
Event: 31.454 Thread 0x000000001cf9c000 Exception <a 'java/security/PrivilegedActionException'> (0x00000000f1b48cc0) thrown at [C:\re\workspace\8-2-build-windows-amd64-cygwin\jdk8u101\7261\hotspot\src\share\vm\prims\jvm.cpp, line 1386]
Event: 31.454 Thread 0x000000001cf9c000 Exception <a 'java/security/PrivilegedActionException'> (0x00000000f1b490b8) thrown at [C:\re\workspace\8-2-build-windows-amd64-cygwin\jdk8u101\7261\hotspot\src\share\vm\prims\jvm.cpp, line 1386]
Event: 31.455 Thread 0x000000001cf9c000 Exception <a 'java/security/PrivilegedActionException'> (0x00000000f1b56c18) thrown at [C:\re\workspace\8-2-build-windows-amd64-cygwin\jdk8u101\7261\hotspot\src\share\vm\prims\jvm.cpp, line 1386]
Event: 31.455 Thread 0x000000001cf9c000 Exception <a 'java/security/PrivilegedActionException'> (0x00000000f1b57010) thrown at [C:\re\workspace\8-2-build-windows-amd64-cygwin\jdk8u101\7261\hotspot\src\share\vm\prims\jvm.cpp, line 1386]
Event: 113.421 Thread 0x0000000022af5000 Exception <a 'java/lang/InterruptedException': sleep interrupted> (0x00000000ea22f6d8) thrown at [C:\re\workspace\8-2-build-windows-amd64-cygwin\jdk8u101\7261\hotspot\src\share\vm\prims\jvm.cpp, line 3215]
Event: 113.435 Thread 0x0000000022af3000 Exception <a 'java/lang/InterruptedException': sleep interrupted> (0x00000000eca4ff40) thrown at [C:\re\workspace\8-2-build-windows-amd64-cygwin\jdk8u101\7261\hotspot\src\share\vm\prims\jvm.cpp, line 3215]

Events (10 events):
Event: 113.436 Executing VM operation: RevokeBias
Event: 113.436 Executing VM operation: RevokeBias done
Event: 113.436 Executing VM operation: RevokeBias
Event: 113.436 Executing VM operation: RevokeBias done
Event: 113.436 Thread 0x0000000022344000 Thread exited: 0x0000000022344000
Event: 113.436 Executing VM operation: RevokeBias
Event: 113.436 Executing VM operation: RevokeBias done
Event: 113.436 Thread 0x0000000022342000 Thread exited: 0x0000000022342000
Event: 113.437 Thread 0x00000000199c2800 flushing nmethod 0x0000000005820550
Event: 113.437 Executing VM operation: ParallelGCSystemGC


Dynamic libraries:
0x00007ff6672e0000 - 0x00007ff667317000 	C:\Program Files\Java\jdk1.8.0_101\jre\bin\java.exe
0x00007ffa16450000 - 0x00007ffa1662f000 	C:\WINDOWS\SYSTEM32\ntdll.dll
0x00007ffa13cb0000 - 0x00007ffa13d5c000 	C:\WINDOWS\System32\KERNEL32.DLL
0x00007ffa133f0000 - 0x00007ffa13656000 	C:\WINDOWS\System32\KERNELBASE.dll
0x00007ffa146f0000 - 0x00007ffa14791000 	C:\WINDOWS\System32\ADVAPI32.dll
0x00007ffa14230000 - 0x00007ffa142cd000 	C:\WINDOWS\System32\msvcrt.dll
0x00007ffa16180000 - 0x00007ffa161db000 	C:\WINDOWS\System32\sechost.dll
0x00007ffa14410000 - 0x00007ffa14531000 	C:\WINDOWS\System32\RPCRT4.dll
0x00007ffa140a0000 - 0x00007ffa1422e000 	C:\WINDOWS\System32\USER32.dll
0x00007ffa13700000 - 0x00007ffa13720000 	C:\WINDOWS\System32\win32u.dll
0x00007ffa13d60000 - 0x00007ffa13d89000 	C:\WINDOWS\System32\GDI32.dll
0x00007ffa13780000 - 0x00007ffa1390f000 	C:\WINDOWS\System32\gdi32full.dll
0x00007ffa13660000 - 0x00007ffa136fc000 	C:\WINDOWS\System32\msvcp_win.dll
0x00007ffa128d0000 - 0x00007ffa129c7000 	C:\WINDOWS\System32\ucrtbase.dll
0x00007ffa09dd0000 - 0x00007ffa0a038000 	C:\WINDOWS\WinSxS\amd64_microsoft.windows.common-controls_6595b64144ccf1df_6.0.16251.0_none_fd8ba2eef3db8e6b\COMCTL32.dll
0x00007ffa13d90000 - 0x00007ffa14091000 	C:\WINDOWS\System32\combase.dll
0x00007ffa12850000 - 0x00007ffa128c2000 	C:\WINDOWS\System32\bcryptPrimitives.dll
0x00007ffa13920000 - 0x00007ffa1394d000 	C:\WINDOWS\System32\IMM32.DLL
0x0000000059300000 - 0x00000000593d2000 	C:\Program Files\Java\jdk1.8.0_101\jre\bin\msvcr100.dll
0x00000000585d0000 - 0x0000000058e6a000 	C:\Program Files\Java\jdk1.8.0_101\jre\bin\server\jvm.dll
0x00007ffa14660000 - 0x00007ffa14668000 	C:\WINDOWS\System32\PSAPI.DLL
0x00007ffa03aa0000 - 0x00007ffa03aa9000 	C:\WINDOWS\SYSTEM32\WSOCK32.dll
0x00007ffa142d0000 - 0x00007ffa1433c000 	C:\WINDOWS\System32\WS2_32.dll
0x00007ffa10990000 - 0x00007ffa109b3000 	C:\WINDOWS\SYSTEM32\WINMM.dll
0x00007ffa0e850000 - 0x00007ffa0e85a000 	C:\WINDOWS\SYSTEM32\VERSION.dll
0x00007ffa10920000 - 0x00007ffa1094a000 	C:\WINDOWS\SYSTEM32\WINMMBASE.dll
0x00007ffa129d0000 - 0x00007ffa12a1a000 	C:\WINDOWS\System32\cfgmgr32.dll
0x0000000059f70000 - 0x0000000059f7f000 	C:\Program Files\Java\jdk1.8.0_101\jre\bin\verify.dll
0x0000000059f40000 - 0x0000000059f69000 	C:\Program Files\Java\jdk1.8.0_101\jre\bin\java.dll
0x00000000585b0000 - 0x00000000585c6000 	C:\Program Files\Java\jdk1.8.0_101\jre\bin\zip.dll
0x00007ffa148f0000 - 0x00007ffa15d23000 	C:\WINDOWS\System32\SHELL32.dll
0x00007ffa13a60000 - 0x00007ffa13b06000 	C:\WINDOWS\System32\shcore.dll
0x00007ffa12bf0000 - 0x00007ffa1333e000 	C:\WINDOWS\System32\windows.storage.dll
0x00007ffa16360000 - 0x00007ffa163b1000 	C:\WINDOWS\System32\shlwapi.dll
0x00007ffa127c0000 - 0x00007ffa127d1000 	C:\WINDOWS\System32\kernel.appcore.dll
0x00007ffa12800000 - 0x00007ffa1284c000 	C:\WINDOWS\System32\powrprof.dll
0x00007ffa127a0000 - 0x00007ffa127bb000 	C:\WINDOWS\System32\profapi.dll
0x0000000058250000 - 0x000000005825d000 	C:\Program Files\Java\jdk1.8.0_101\jre\bin\management.dll
0x0000000058590000 - 0x00000000585aa000 	C:\Program Files\Java\jdk1.8.0_101\jre\bin\net.dll
0x00007ffa11fd0000 - 0x00007ffa12036000 	C:\WINDOWS\system32\mswsock.dll
0x00007ff9f6d00000 - 0x00007ff9f6d16000 	C:\WINDOWS\system32\napinsp.dll
0x00007ff9f6740000 - 0x00007ff9f675a000 	C:\WINDOWS\system32\pnrpnsp.dll
0x00007ffa0f3a0000 - 0x00007ffa0f3b8000 	C:\WINDOWS\system32\NLAapi.dll
0x00007ffa11da0000 - 0x00007ffa11e56000 	C:\WINDOWS\SYSTEM32\DNSAPI.dll
0x00007ffa16350000 - 0x00007ffa16358000 	C:\WINDOWS\System32\NSI.dll
0x00007ffa11d60000 - 0x00007ffa11d99000 	C:\WINDOWS\SYSTEM32\IPHLPAPI.DLL
0x00007ffa02300000 - 0x00007ffa0230e000 	C:\WINDOWS\System32\winrnr.dll
0x00007ffa07ef0000 - 0x00007ffa07efa000 	C:\Windows\System32\rasadhlp.dll
0x00007ffa09380000 - 0x00007ffa093f0000 	C:\WINDOWS\System32\fwpuclnt.dll
0x00007ffa122a0000 - 0x00007ffa122c5000 	C:\WINDOWS\SYSTEM32\bcrypt.dll
0x0000000058570000 - 0x0000000058581000 	C:\Program Files\Java\jdk1.8.0_101\jre\bin\nio.dll
0x00007ffa12190000 - 0x00007ffa121a7000 	C:\WINDOWS\SYSTEM32\CRYPTSP.dll
0x00007ffa11be0000 - 0x00007ffa11c13000 	C:\WINDOWS\system32\rsaenh.dll
0x00007ffa126a0000 - 0x00007ffa126c9000 	C:\WINDOWS\SYSTEM32\USERENV.dll
0x00007ffa121b0000 - 0x00007ffa121bb000 	C:\WINDOWS\SYSTEM32\CRYPTBASE.dll
0x00007ffa0e290000 - 0x00007ffa0e2a6000 	C:\WINDOWS\SYSTEM32\dhcpcsvc6.DLL
0x00007ffa0e270000 - 0x00007ffa0e28a000 	C:\WINDOWS\SYSTEM32\dhcpcsvc.DLL
0x00007ffa063e0000 - 0x00007ffa065a8000 	C:\WINDOWS\SYSTEM32\dbghelp.dll

VM Arguments:
java_command: vn.greenglobal.Application
java_class_path (initial): D:\gj\workspace2\tttp-api\target\classes;C:\Users\thanh\.m2\repository\com\google\code\gson\gson\2.8.1\gson-2.8.1.jar;C:\Users\thanh\.m2\repository\com\googlecode\json-simple\json-simple\1.1.1\json-simple-1.1.1.jar;C:\Users\thanh\.m2\repository\junit\junit\4.12\junit-4.12.jar;C:\Users\thanh\.m2\repository\org\docx4j\docx4j\3.3.5\docx4j-3.3.5.jar;C:\Users\thanh\.m2\repository\org\plutext\jaxb-svg11\1.0.2\jaxb-svg11-1.0.2.jar;C:\Users\thanh\.m2\repository\net\engio\mbassador\1.2.4.2\mbassador-1.2.4.2.jar;C:\Users\thanh\.m2\repository\org\slf4j\slf4j-api\1.7.25\slf4j-api-1.7.25.jar;C:\Users\thanh\.m2\repository\org\slf4j\jcl-over-slf4j\1.7.25\jcl-over-slf4j-1.7.25.jar;C:\Users\thanh\.m2\repository\log4j\log4j\1.2.17\log4j-1.2.17.jar;C:\Users\thanh\.m2\repository\commons-codec\commons-codec\1.10\commons-codec-1.10.jar;C:\Users\thanh\.m2\repository\commons-io\commons-io\2.5\commons-io-2.5.jar;C:\Users\thanh\.m2\repository\org\apache\httpcomponents\httpclient\4.5.3\httpclient-4.5.3.jar;C:\Users\thanh\.m2\repository\org\apache\httpcomponents\httpcore\4.4.6\httpcore-4.4.6.jar;C:\Users\thanh\.m2\repository\com\fasterxml\jackson\core\jackson-core\2.8.9\jackson-core-2.8.9.jar;C:\Users\thanh\.m2\repository\com\fasterxml\jackson\core\jackson-databind\2.8.9\jackson-databind-2.8.9.jar;C:\Users\thanh\.m2\repository\org\apache\xmlgraphics\xmlgraphics-commons\2.1\xmlgraphics-commons-2.1.jar;C:\Users\thanh\.m2\repository\org\apache\avalon\framework\avalon-framework-api\4.3.1\avalon-framework-api-4.3.1.jar;C:\Users\thanh\.m2\repository\org\apache\avalon\framework\avalon-framework-impl\4.3.1\avalon-framework-impl-4.3.1.jar;C:\Users\thanh\.m2\repository\xalan\xalan\2.7.2\xalan-2.7.2.jar;C:\Users\thanh\.m2\repository\xalan\serializer\2.7.2\serializer-2.7.2.jar;C:\Users\thanh\.m2\repository\net\arnx\wmf2svg\0.9.8\wmf2svg-0.9.8.jar;C:\Users\thanh\.m2\repository\org\antlr\antlr-runtime\3.5.2\antlr-runtime-3.5.2.jar;C:\Users\thanh\.m2\repository\org\antlr\stringte
Launcher Type: SUN_STANDARD

Environment Variables:
JAVA_HOME=C:/Program Files/Java/jdk1.8.0_101
PATH=C:\Users\thanh\bin;C:\Program Files\Git\mingw64\bin;C:\Program Files\Git\usr\local\bin;C:\Program Files\Git\usr\bin;C:\Program Files\Git\usr\bin;C:\Program Files\Git\mingw64\bin;C:\Program Files\Git\usr\bin;C:\Users\thanh\bin;C:\Program Files\Java\jdk1.8.0_101\jre\bin\server;C:\Program Files\Java\jdk1.8.0_101\jre\bin;C:\Program Files\Java\jdk1.8.0_101\jre\lib\amd64;C:\Program Files\Docker\Docker\Resources\bin;C:\webserver\Ruby\bin;C:\ProgramData\Oracle\Java\javapath;D:\app\egov\product\12.1.0\dbhome_1\bin;C:\WINDOWS\system32;C:\WINDOWS;C:\WINDOWS\System32\Wbem;C:\WINDOWS\System32\WindowsPowerShell\v1.0;C:\Program Files\TortoiseGit\bin;%localappdata%\Microsoft\WindowsApps;C:\Program Files\Apache\maven\bin;C:\Program Files\nodejs;C:\Program Files\MySQL\MySQL Utilities 1.6;C:\Program Files (x86)\Skype\Phone;C:\Users\thanh\AppData\Local\Programs\Python\Python35-32\Scripts;C:\Users\thanh\AppData\Local\Programs\Python\Python35-32;C:\Users\thanh\AppData\Local\Microsoft\WindowsApps;C:\Users\thanh\AppData\Roaming\npm;C:\Program Files (x86)\Microsoft VS Code\bin;D:\gj\eclipse;C:\Program Files\Git\usr\bin\vendor_perl;C:\Program Files\Git\usr\bin\core_perl
USERNAME=thanh
SHELL=C:\Program Files\Git\usr\bin\bash.exe
DISPLAY=needs-to-be-defined
OS=Windows_NT
PROCESSOR_IDENTIFIER=Intel64 Family 6 Model 60 Stepping 3, GenuineIntel



---------------  S Y S T E M  ---------------

OS: Windows 10.0 , 64 bit Build 16251 (10.0.16251.0)

CPU:total 4 (4 cores per cpu, 1 threads per core) family 6 model 60 stepping 3, cmov, cx8, fxsr, mmx, sse, sse2, sse3, ssse3, sse4.1, sse4.2, popcnt, avx, avx2, aes, clmul, erms, lzcnt, tsc, tscinvbit, bmi1, bmi2

Memory: 4k page, physical 8305184k(389088k free), swap 20363808k(4260128k free)

vm_info: Java HotSpot(TM) 64-Bit Server VM (25.101-b13) for windows-amd64 JRE (1.8.0_101-b13), built on Jun 22 2016 01:21:29 by "java_re" with MS VC++ 10.0 (VS2010)

time: Mon Aug 14 17:27:49 2017
elapsed time: 113 seconds (0d 0h 1m 53s)

