#
# A fatal error has been detected by the Java Runtime Environment:
#
#  EXCEPTION_ACCESS_VIOLATION (0xc0000005) at pc=0x0000000058c54648, pid=2944, tid=0x0000000000001874
#
# JRE version: Java(TM) SE Runtime Environment (8.0_101-b13) (build 1.8.0_101-b13)
# Java VM: Java HotSpot(TM) 64-Bit Server VM (25.101-b13 mixed mode windows-amd64 compressed oops)
# Problematic frame:
# V  [jvm.dll+0x114648]
#
# Failed to write core dump. Minidumps are not enabled by default on client versions of Windows
#
# If you would like to submit a bug report, please visit:
#   http://bugreport.java.com/bugreport/crash.jsp
#

---------------  T H R E A D  ---------------

Current thread (0x00000000048e5000):  GCTaskThread [stack: 0x0000000014730000,0x0000000014830000] [id=6260]

siginfo: ExceptionCode=0xc0000005, reading address 0xffffffffffffffff

Registers:
RAX=0x0000000014830000, RBX=0x00000000000000d8, RCX=0x0000000000000000, RDX=0x000000000000001b
RSP=0x000000001482f6c0, RBP=0x0000000084bd88cc, RSI=0x00000000049b6a60, RDI=0x00000000049b6a60
R8 =0x007fffffffbf6000, R9 =0x00000001005812e0, R10=0x000000000000000c, R11=0x000000005913fd38
R12=0x0000000084bd88d4, R13=0x0000000100581540, R14=0x0000000100581548, R15=0x0000000084bd88c0
RIP=0x0000000058c54648, EFLAGS=0x0000000000010206

Top of Stack: (sp=0x000000001482f6c0)
0x000000001482f6c0:   00000001005812e0 0000000084bd87ac
0x000000001482f6d0:   0000000000000004 0000000058d5d202
0x000000001482f6e0:   0000000000000000 00000000000003d8
0x000000001482f6f0:   00000000048e5978 00000000048d6fa0
0x000000001482f700:   0000000000001992 0000000058f37a50
0x000000001482f710:   0000000019e2ecd8 00000000194054a0
0x000000001482f720:   00000000049b6a60 00000000048e55a0
0x000000001482f730:   0000000000000000 0000000000000c00
0x000000001482f740:   0000000000000000 0000000000000000
0x000000001482f750:   0000000000000000 000000001bc8b800
0x000000001482f760:   0000000000000001 00002e0100001d01
0x000000001482f770:   000015e83ec29541 00000000048e5978
0x000000001482f780:   00000000048e55a0 00000000000003d8
0x000000001482f790:   00000000048e55a0 00000000048d6fa0
0x000000001482f7a0:   00000000048e5590 00000000194054a0
0x000000001482f7b0:   00000000049b6a60 0000000058f34803 

Instructions: (pc=0x0000000058c54648)
0x0000000058c54628:   05 a3 60 70 00 49 c1 e8 03 49 d3 e8 41 0f b6 c0
0x0000000058c54638:   49 c1 e8 06 24 3f 0f b6 d0 48 8b 05 b8 60 70 00
0x0000000058c54648:   4a 8b 0c c0 48 0f a3 d1 0f 82 59 01 00 00 0f b6
0x0000000058c54658:   15 14 6d 6f 00 84 d2 74 16 44 8b 43 08 8b 0d 35 


Register to memory mapping:

RAX=0x0000000014830000 is an unknown value
RBX=0x00000000000000d8 is an unknown value
RCX=0x0000000000000000 is an unknown value
RDX=0x000000000000001b is an unknown value
RSP=0x000000001482f6c0 is an unknown value
RBP=0x0000000084bd88cc is pointing into object: 0x0000000084bd88c0
org.terracotta.statistics.derived.OperationResultFilter 
 - klass: 'org/terracotta/statistics/derived/OperationResultFilter'
RSI=0x00000000049b6a60 is an unknown value
RDI=0x00000000049b6a60 is an unknown value
R8 =0x007fffffffbf6000 is an unknown value
R9 =0x00000001005812e0 is pointing into metadata
R10=0x000000000000000c is an unknown value
R11=0x000000005913fd38 is an unknown value
R12=0x0000000084bd88d4 is pointing into object: 0x0000000084bd88c0
org.terracotta.statistics.derived.OperationResultFilter 
 - klass: 'org/terracotta/statistics/derived/OperationResultFilter'
R13=0x0000000100581540 is pointing into metadata
R14=0x0000000100581548 is pointing into metadata
R15=0x0000000084bd88c0 is an oop
org.terracotta.statistics.derived.OperationResultFilter 
 - klass: 'org/terracotta/statistics/derived/OperationResultFilter'


Stack: [0x0000000014730000,0x0000000014830000],  sp=0x000000001482f6c0,  free space=1021k
Native frames: (J=compiled Java code, j=interpreted, Vv=VM code, C=native code)
V  [jvm.dll+0x114648]
V  [jvm.dll+0x3f7a50]
V  [jvm.dll+0x3f4803]
V  [jvm.dll+0x3f25ce]
V  [jvm.dll+0x29c18a]
C  [msvcr100.dll+0x21d9f]
C  [msvcr100.dll+0x21e3b]
C  [KERNEL32.DLL+0x62b4]
C  [ntdll.dll+0x5fd61]


---------------  P R O C E S S  ---------------

Java Threads: ( => current thread )
  0x000000001bc8b800 JavaThread "Thread-9" [_thread_blocked, id=580, stack(0x000000002e4a0000,0x000000002e5a0000)]
  0x0000000021b0d800 JavaThread "DestroyJavaVM" [_thread_blocked, id=2276, stack(0x00000000047c0000,0x00000000048c0000)]
  0x0000000021b32800 JavaThread "Live Reload Server" daemon [_thread_in_native, id=1248, stack(0x000000002c1d0000,0x000000002c2d0000)]
  0x000000001afd9000 JavaThread "Service Thread" daemon [_thread_blocked, id=1780, stack(0x000000001b390000,0x000000001b490000)]
  0x0000000019544000 JavaThread "C1 CompilerThread2" daemon [_thread_blocked, id=9232, stack(0x000000001ae90000,0x000000001af90000)]
  0x0000000019541000 JavaThread "C2 CompilerThread1" daemon [_thread_blocked, id=11776, stack(0x000000001ad90000,0x000000001ae90000)]
  0x000000001953e000 JavaThread "C2 CompilerThread0" daemon [_thread_blocked, id=9556, stack(0x000000001ac90000,0x000000001ad90000)]
  0x000000001953c800 JavaThread "Attach Listener" daemon [_thread_blocked, id=6844, stack(0x000000001ab90000,0x000000001ac90000)]
  0x000000001953c000 JavaThread "Signal Dispatcher" daemon [_thread_blocked, id=12356, stack(0x000000001aa90000,0x000000001ab90000)]
  0x00000000049be800 JavaThread "Finalizer" daemon [_thread_blocked, id=3812, stack(0x000000001a7a0000,0x000000001a8a0000)]
  0x00000000194f8800 JavaThread "Reference Handler" daemon [_thread_blocked, id=11036, stack(0x000000001a6a0000,0x000000001a7a0000)]

Other Threads:
  0x00000000194f7800 VMThread [stack: 0x000000001a5a0000,0x000000001a6a0000] [id=9416]
  0x000000001b06a800 WatcherThread [stack: 0x000000001b490000,0x000000001b590000] [id=11380]

=>0x00000000048e5000 (exited) GCTaskThread [stack: 0x0000000014730000,0x0000000014830000] [id=6260]

VM state:at safepoint (normal execution)

VM Mutex/Monitor currently owned by a thread:  ([mutex/lock_event])
[0x00000000047bba50] Threads_lock - owner thread: 0x00000000194f7800
[0x00000000047bc050] Heap_lock - owner thread: 0x000000001bc8b800

Heap:
 PSYoungGen      total 657408K, used 19504K [0x00000000d5c00000, 0x0000000100000000, 0x0000000100000000)
  eden space 622080K, 0% used [0x00000000d5c00000,0x00000000d5c00000,0x00000000fbb80000)
  from space 35328K, 55% used [0x00000000fdd80000,0x00000000ff08c060,0x0000000100000000)
  to   space 34816K, 0% used [0x00000000fbb80000,0x00000000fbb80000,0x00000000fdd80000)
 ParOldGen       total 190464K, used 102939K [0x0000000081400000, 0x000000008ce00000, 0x00000000d5c00000)
  object space 190464K, 54% used [0x0000000081400000,0x0000000087886d60,0x000000008ce00000)
 Metaspace       used 83084K, capacity 85642K, committed 85800K, reserved 1124352K
  class space    used 10005K, capacity 10470K, committed 10536K, reserved 1048576K

Card table byte_map: [0x0000000013d80000,0x0000000014180000] byte_map_base: 0x0000000013976000

Marking Bits: (ParMarkBitMap*) 0x000000005935a6d0
 Begin Bits: [0x0000000014830000, 0x00000000167e0000)
 End Bits:   [0x00000000167e0000, 0x0000000018790000)

Polling page: 0x0000000004730000

CodeCache: size=245760Kb used=51696Kb max_used=51851Kb free=194063Kb
 bounds [0x00000000049c0000, 0x0000000007cb0000, 0x00000000139c0000]
 total_blobs=15507 nmethods=14896 adapters=521
 compilation: enabled

Compilation events (10 events):
Event: 658.529 Thread 0x0000000019544000 19006       3       java.util.concurrent.locks.AbstractQueuedSynchronizer::hasQueuedPredecessors (40 bytes)
Event: 658.540 Thread 0x0000000019544000 nmethod 19006 0x000000000684c390 code [0x000000000684c500, 0x000000000684c750]
Event: 658.541 Thread 0x0000000019544000 19007       3       javax.management.ObjectName::getCanonicalKeyPropertyListString (44 bytes)
Event: 658.574 Thread 0x0000000019544000 nmethod 19007 0x0000000006c62390 code [0x0000000006c62500, 0x0000000006c628a8]
Event: 659.363 Thread 0x0000000019544000 19008   !   3       org.springframework.util.ConcurrentReferenceHashMap$Segment::restructureIfNecessary (335 bytes)
Event: 659.365 Thread 0x0000000019544000 nmethod 19008 0x000000000765ad90 code [0x000000000765b180, 0x000000000765ddf8]
Event: 659.366 Thread 0x0000000019544000 19012       3       org.springframework.util.ConcurrentReferenceHashMap$EntryIterator::getNextIfNecessary (36 bytes)
Event: 659.366 Thread 0x0000000019544000 nmethod 19012 0x00000000051eb590 code [0x00000000051eb740, 0x00000000051ebc88]
Event: 659.367 Thread 0x0000000019544000 19015       3       org.springframework.util.ConcurrentReferenceHashMap$EntryIterator::moveToNextReference (85 bytes)
Event: 659.368 Thread 0x0000000019544000 nmethod 19015 0x0000000004bbdc10 code [0x0000000004bbdda0, 0x0000000004bbe1a8]

GC Heap History (10 events):
Event: 104.013 GC heap after
Heap after GC invocations=23 (full 3):
 PSYoungGen      total 654336K, used 17775K [0x00000000d5c00000, 0x00000000ffe80000, 0x0000000100000000)
  eden space 620032K, 0% used [0x00000000d5c00000,0x00000000d5c00000,0x00000000fb980000)
  from space 34304K, 51% used [0x00000000fdd00000,0x00000000fee5bee8,0x00000000ffe80000)
  to   space 35328K, 0% used [0x00000000fb980000,0x00000000fb980000,0x00000000fdc00000)
 ParOldGen       total 190464K, used 102876K [0x0000000081400000, 0x000000008ce00000, 0x00000000d5c00000)
  object space 190464K, 54% used [0x0000000081400000,0x0000000087877100,0x000000008ce00000)
 Metaspace       used 78366K, capacity 80074K, committed 80168K, reserved 1120256K
  class space    used 9643K, capacity 10007K, committed 10024K, reserved 1048576K
}
Event: 152.264 GC heap before
{Heap before GC invocations=24 (full 3):
 PSYoungGen      total 654336K, used 637807K [0x00000000d5c00000, 0x00000000ffe80000, 0x0000000100000000)
  eden space 620032K, 100% used [0x00000000d5c00000,0x00000000fb980000,0x00000000fb980000)
  from space 34304K, 51% used [0x00000000fdd00000,0x00000000fee5bee8,0x00000000ffe80000)
  to   space 35328K, 0% used [0x00000000fb980000,0x00000000fb980000,0x00000000fdc00000)
 ParOldGen       total 190464K, used 102876K [0x0000000081400000, 0x000000008ce00000, 0x00000000d5c00000)
  object space 190464K, 54% used [0x0000000081400000,0x0000000087877100,0x000000008ce00000)
 Metaspace       used 79852K, capacity 81716K, committed 81832K, reserved 1120256K
  class space    used 9714K, capacity 10070K, committed 10152K, reserved 1048576K
Event: 152.284 GC heap after
Heap after GC invocations=24 (full 3):
 PSYoungGen      total 655360K, used 16879K [0x00000000d5c00000, 0x00000000fff00000, 0x0000000100000000)
  eden space 620032K, 0% used [0x00000000d5c00000,0x00000000d5c00000,0x00000000fb980000)
  from space 35328K, 47% used [0x00000000fb980000,0x00000000fc9fbe38,0x00000000fdc00000)
  to   space 34304K, 0% used [0x00000000fdd80000,0x00000000fdd80000,0x00000000fff00000)
 ParOldGen       total 190464K, used 102892K [0x0000000081400000, 0x000000008ce00000, 0x00000000d5c00000)
  object space 190464K, 54% used [0x0000000081400000,0x000000008787b100,0x000000008ce00000)
 Metaspace       used 79852K, capacity 81716K, committed 81832K, reserved 1120256K
  class space    used 9714K, capacity 10070K, committed 10152K, reserved 1048576K
}
Event: 194.525 GC heap before
{Heap before GC invocations=25 (full 3):
 PSYoungGen      total 655360K, used 636911K [0x00000000d5c00000, 0x00000000fff00000, 0x0000000100000000)
  eden space 620032K, 100% used [0x00000000d5c00000,0x00000000fb980000,0x00000000fb980000)
  from space 35328K, 47% used [0x00000000fb980000,0x00000000fc9fbe38,0x00000000fdc00000)
  to   space 34304K, 0% used [0x00000000fdd80000,0x00000000fdd80000,0x00000000fff00000)
 ParOldGen       total 190464K, used 102892K [0x0000000081400000, 0x000000008ce00000, 0x00000000d5c00000)
  object space 190464K, 54% used [0x0000000081400000,0x000000008787b100,0x000000008ce00000)
 Metaspace       used 82318K, capacity 84884K, committed 85032K, reserved 1124352K
  class space    used 9966K, capacity 10438K, committed 10536K, reserved 1048576K
Event: 194.563 GC heap after
Heap after GC invocations=25 (full 3):
 PSYoungGen      total 656384K, used 21698K [0x00000000d5c00000, 0x0000000100000000, 0x0000000100000000)
  eden space 622080K, 0% used [0x00000000d5c00000,0x00000000d5c00000,0x00000000fbb80000)
  from space 34304K, 63% used [0x00000000fdd80000,0x00000000ff2b0840,0x00000000fff00000)
  to   space 34816K, 0% used [0x00000000fbb80000,0x00000000fbb80000,0x00000000fdd80000)
 ParOldGen       total 190464K, used 102900K [0x0000000081400000, 0x000000008ce00000, 0x00000000d5c00000)
  object space 190464K, 54% used [0x0000000081400000,0x000000008787d100,0x000000008ce00000)
 Metaspace       used 82318K, capacity 84884K, committed 85032K, reserved 1124352K
  class space    used 9966K, capacity 10438K, committed 10536K, reserved 1048576K
}
Event: 245.580 GC heap before
{Heap before GC invocations=26 (full 3):
 PSYoungGen      total 656384K, used 643778K [0x00000000d5c00000, 0x0000000100000000, 0x0000000100000000)
  eden space 622080K, 100% used [0x00000000d5c00000,0x00000000fbb80000,0x00000000fbb80000)
  from space 34304K, 63% used [0x00000000fdd80000,0x00000000ff2b0840,0x00000000fff00000)
  to   space 34816K, 0% used [0x00000000fbb80000,0x00000000fbb80000,0x00000000fdd80000)
 ParOldGen       total 190464K, used 102900K [0x0000000081400000, 0x000000008ce00000, 0x00000000d5c00000)
  object space 190464K, 54% used [0x0000000081400000,0x000000008787d100,0x000000008ce00000)
 Metaspace       used 82895K, capacity 85478K, committed 85800K, reserved 1124352K
  class space    used 9983K, capacity 10463K, committed 10536K, reserved 1048576K
Event: 245.597 GC heap after
Heap after GC invocations=26 (full 3):
 PSYoungGen      total 656896K, used 22336K [0x00000000d5c00000, 0x0000000100000000, 0x0000000100000000)
  eden space 622080K, 0% used [0x00000000d5c00000,0x00000000d5c00000,0x00000000fbb80000)
  from space 34816K, 64% used [0x00000000fbb80000,0x00000000fd150130,0x00000000fdd80000)
  to   space 35328K, 0% used [0x00000000fdd80000,0x00000000fdd80000,0x0000000100000000)
 ParOldGen       total 190464K, used 102931K [0x0000000081400000, 0x000000008ce00000, 0x00000000d5c00000)
  object space 190464K, 54% used [0x0000000081400000,0x0000000087884d60,0x000000008ce00000)
 Metaspace       used 82895K, capacity 85478K, committed 85800K, reserved 1124352K
  class space    used 9983K, capacity 10463K, committed 10536K, reserved 1048576K
}
Event: 659.369 GC heap before
{Heap before GC invocations=27 (full 3):
 PSYoungGen      total 656896K, used 422435K [0x00000000d5c00000, 0x0000000100000000, 0x0000000100000000)
  eden space 622080K, 64% used [0x00000000d5c00000,0x00000000ee2b8e60,0x00000000fbb80000)
  from space 34816K, 64% used [0x00000000fbb80000,0x00000000fd150130,0x00000000fdd80000)
  to   space 35328K, 0% used [0x00000000fdd80000,0x00000000fdd80000,0x0000000100000000)
 ParOldGen       total 190464K, used 102931K [0x0000000081400000, 0x000000008ce00000, 0x00000000d5c00000)
  object space 190464K, 54% used [0x0000000081400000,0x0000000087884d60,0x000000008ce00000)
 Metaspace       used 83084K, capacity 85642K, committed 85800K, reserved 1124352K
  class space    used 10005K, capacity 10470K, committed 10536K, reserved 1048576K
Event: 659.395 GC heap after
Heap after GC invocations=27 (full 3):
 PSYoungGen      total 657408K, used 19504K [0x00000000d5c00000, 0x0000000100000000, 0x0000000100000000)
  eden space 622080K, 0% used [0x00000000d5c00000,0x00000000d5c00000,0x00000000fbb80000)
  from space 35328K, 55% used [0x00000000fdd80000,0x00000000ff08c060,0x0000000100000000)
  to   space 34816K, 0% used [0x00000000fbb80000,0x00000000fbb80000,0x00000000fdd80000)
 ParOldGen       total 190464K, used 102939K [0x0000000081400000, 0x000000008ce00000, 0x00000000d5c00000)
  object space 190464K, 54% used [0x0000000081400000,0x0000000087886d60,0x000000008ce00000)
 Metaspace       used 83084K, capacity 85642K, committed 85800K, reserved 1124352K
  class space    used 10005K, capacity 10470K, committed 10536K, reserved 1048576K
}
Event: 659.395 GC heap before
{Heap before GC invocations=28 (full 4):
 PSYoungGen      total 657408K, used 19504K [0x00000000d5c00000, 0x0000000100000000, 0x0000000100000000)
  eden space 622080K, 0% used [0x00000000d5c00000,0x00000000d5c00000,0x00000000fbb80000)
  from space 35328K, 55% used [0x00000000fdd80000,0x00000000ff08c060,0x0000000100000000)
  to   space 34816K, 0% used [0x00000000fbb80000,0x00000000fbb80000,0x00000000fdd80000)
 ParOldGen       total 190464K, used 102939K [0x0000000081400000, 0x000000008ce00000, 0x00000000d5c00000)
  object space 190464K, 54% used [0x0000000081400000,0x0000000087886d60,0x000000008ce00000)
 Metaspace       used 83084K, capacity 85642K, committed 85800K, reserved 1124352K
  class space    used 10005K, capacity 10470K, committed 10536K, reserved 1048576K

Deoptimization events (10 events):
Event: 657.714 Thread 0x000000001bc8b800 Uncommon trap: reason=null_check action=make_not_entrant pc=0x00000000079e09b4 method=java.io.ObjectStreamClass.getReflector([Ljava/io/ObjectStreamField;Ljava/io/ObjectStreamClass;)Ljava/io/ObjectStreamClass$FieldReflector; @ 49
Event: 657.714 Thread 0x000000001bc8b800 Uncommon trap: reason=unstable_if action=reinterpret pc=0x0000000006ad4618 method=java.io.ObjectStreamClass.getSerialVersionUID()J @ 4
Event: 657.714 Thread 0x000000001bc8b800 Uncommon trap: reason=array_check action=maybe_recompile pc=0x000000000635ca8c method=java.util.TimSort.binarySort([Ljava/lang/Object;IIILjava/util/Comparator;)V @ 215
Event: 657.714 Thread 0x000000001bc8b800 Uncommon trap: reason=array_check action=maybe_recompile pc=0x000000000635ca8c method=java.util.TimSort.binarySort([Ljava/lang/Object;IIILjava/util/Comparator;)V @ 215
Event: 658.338 Thread 0x000000001bc8b800 Uncommon trap: reason=null_check action=make_not_entrant pc=0x000000000695abfc method=org.springframework.orm.jpa.AbstractEntityManagerFactoryBean.invokeProxyMethod(Ljava/lang/reflect/Method;[Ljava/lang/Object;)Ljava/lang/Object; @ 185
Event: 658.346 Thread 0x000000001bc8b800 Uncommon trap: reason=unstable_if action=reinterpret pc=0x0000000006ef7bf0 method=java.net.SocketInputStream.read([BIII)I @ 86
Event: 658.373 Thread 0x000000001bc8b800 Uncommon trap: reason=unstable_if action=reinterpret pc=0x0000000005d10a18 method=java.util.concurrent.ConcurrentHashMap.entrySet()Ljava/util/Set; @ 6
Event: 658.418 Thread 0x000000001bc8b800 Uncommon trap: reason=unstable_if action=reinterpret pc=0x000000000702e64c method=java.net.URI$Parser.scanIPv4Address(IIZ)I @ 28
Event: 658.418 Thread 0x000000001bc8b800 Uncommon trap: reason=unstable_if action=reinterpret pc=0x0000000007020768 method=java.net.URI$Parser.parseAuthority(II)I @ 213
Event: 659.363 Thread 0x000000001bc8b800 Uncommon trap: reason=unstable_if action=reinterpret pc=0x0000000006d6cbf8 method=org.springframework.util.ConcurrentReferenceHashMap$Segment.restructureIfNecessary(Z)V @ 110

Internal exceptions (10 events):
Event: 211.712 Thread 0x0000000021b0c000 Implicit null exception at 0x000000000757c262 to 0x000000000757c3d1
Event: 211.948 Thread 0x0000000021b33800 Exception <a 'java/lang/ClassCastException': org.springframework.security.web.firewall.RequestWrapper cannot be cast to org.apache.catalina.connector.RequestFacade> (0x00000000e88366c8) thrown at [C:\re\workspace\8-2-build-windows-amd64-cygwin\jdk8u101\726Y¨Ûw~j@
Event: 211.952 Thread 0x0000000021b33800 Exception <a 'java/lang/ClassCastException': org.springframework.security.web.firewall.RequestWrapper cannot be cast to org.apache.catalina.connector.RequestFacade> (0x00000000e88a50d8) thrown at [C:\re\workspace\8-2-build-windows-amd64-cygwin\jdk8u101\726áèn˘”çl@
Event: 228.432 Thread 0x0000000021b3c800 Exception <a 'java/lang/ClassCastException': org.springframework.security.web.firewall.RequestWrapper cannot be cast to org.apache.catalina.connector.RequestFacade> (0x00000000e998ff10) thrown at [C:\re\workspace\8-2-build-windows-amd64-cygwin\jdk8u101\726é?3 œñl@
Event: 228.713 Thread 0x0000000021b3e000 Implicit null exception at 0x000000000707dfed to 0x000000000707e047
Event: 657.714 Thread 0x000000001bc8b800 Implicit null exception at 0x00000000079e07a3 to 0x00000000079e09a2
Event: 657.714 Thread 0x000000001bc8b800 Exception <a 'java/lang/NoSuchMethodError': <clinit>> (0x00000000ed9ae608) thrown at [C:\re\workspace\8-2-build-windows-amd64-cygwin\jdk8u101\7261\hotspot\src\share\vm\prims\jni.cpp, line 1613]
Event: 658.338 Thread 0x000000001bc8b800 Implicit null exception at 0x000000000695a793 to 0x000000000695abf1
Event: 658.475 Thread 0x0000000021b35000 Exception <a 'java/lang/InterruptedException': sleep interrupted> (0x00000000dd8e5578) thrown at [C:\re\workspace\8-2-build-windows-amd64-cygwin\jdk8u101\7261\hotspot\src\share\vm\prims\jvm.cpp, line 3215]
Event: 658.529 Thread 0x0000000021b38000 Exception <a 'java/lang/InterruptedException': sleep interrupted> (0x00000000edeac1d0) thrown at [C:\re\workspace\8-2-build-windows-amd64-cygwin\jdk8u101\7261\hotspot\src\share\vm\prims\jvm.cpp, line 3215]

Events (10 events):
Event: 658.569 Thread 0x0000000021b0f000 Thread exited: 0x0000000021b0f000
Event: 658.574 Thread 0x0000000019544000 flushing nmethod 0x000000000561bf10
Event: 658.638 Thread 0x0000000021b08800 Thread exited: 0x0000000021b08800
Event: 659.363 Thread 0x000000001bc8b800 Uncommon trap: trap_request=0xffffff65 fr.pc=0x0000000006d6cbf8
Event: 659.363 Thread 0x000000001bc8b800 DEOPT PACKING pc=0x0000000006d6cbf8 sp=0x000000002e59e950
Event: 659.363 Thread 0x000000001bc8b800 DEOPT UNPACKING pc=0x0000000004a0582a sp=0x000000002e59e928 mode 2
Event: 659.365 Thread 0x0000000019544000 flushing nmethod 0x000000000568bb90
Event: 659.366 Thread 0x0000000019544000 flushing nmethod 0x00000000057a6290
Event: 659.366 Thread 0x0000000019544000 flushing nmethod 0x0000000005805e50
Event: 659.369 Executing VM operation: ParallelGCSystemGC


Dynamic libraries:
0x00007ff692340000 - 0x00007ff692377000 	C:\Program Files\Java\jdk1.8.0_101\jre\bin\java.exe
0x00007ffa16450000 - 0x00007ffa1662f000 	C:\WINDOWS\SYSTEM32\ntdll.dll
0x00007ffa13cb0000 - 0x00007ffa13d5c000 	C:\WINDOWS\System32\KERNEL32.DLL
0x00007ffa133f0000 - 0x00007ffa13656000 	C:\WINDOWS\System32\KERNELBASE.dll
0x00007ffa146f0000 - 0x00007ffa14791000 	C:\WINDOWS\System32\ADVAPI32.dll
0x00007ffa14230000 - 0x00007ffa142cd000 	C:\WINDOWS\System32\msvcrt.dll
0x00007ffa16180000 - 0x00007ffa161db000 	C:\WINDOWS\System32\sechost.dll
0x00007ffa14410000 - 0x00007ffa14531000 	C:\WINDOWS\System32\RPCRT4.dll
0x00007ffa140a0000 - 0x00007ffa1422e000 	C:\WINDOWS\System32\USER32.dll
0x00007ffa13700000 - 0x00007ffa13720000 	C:\WINDOWS\System32\win32u.dll
0x00007ffa13d60000 - 0x00007ffa13d89000 	C:\WINDOWS\System32\GDI32.dll
0x00007ffa13780000 - 0x00007ffa1390f000 	C:\WINDOWS\System32\gdi32full.dll
0x00007ffa13660000 - 0x00007ffa136fc000 	C:\WINDOWS\System32\msvcp_win.dll
0x00007ffa128d0000 - 0x00007ffa129c7000 	C:\WINDOWS\System32\ucrtbase.dll
0x00007ffa09dd0000 - 0x00007ffa0a038000 	C:\WINDOWS\WinSxS\amd64_microsoft.windows.common-controls_6595b64144ccf1df_6.0.16251.0_none_fd8ba2eef3db8e6b\COMCTL32.dll
0x00007ffa13d90000 - 0x00007ffa14091000 	C:\WINDOWS\System32\combase.dll
0x00007ffa12850000 - 0x00007ffa128c2000 	C:\WINDOWS\System32\bcryptPrimitives.dll
0x00007ffa13920000 - 0x00007ffa1394d000 	C:\WINDOWS\System32\IMM32.DLL
0x0000000058720000 - 0x00000000587f2000 	C:\Program Files\Java\jdk1.8.0_101\jre\bin\msvcr100.dll
0x0000000058b40000 - 0x00000000593da000 	C:\Program Files\Java\jdk1.8.0_101\jre\bin\server\jvm.dll
0x00007ffa14660000 - 0x00007ffa14668000 	C:\WINDOWS\System32\PSAPI.DLL
0x00007ffa03aa0000 - 0x00007ffa03aa9000 	C:\WINDOWS\SYSTEM32\WSOCK32.dll
0x00007ffa10990000 - 0x00007ffa109b3000 	C:\WINDOWS\SYSTEM32\WINMM.dll
0x00007ffa0e850000 - 0x00007ffa0e85a000 	C:\WINDOWS\SYSTEM32\VERSION.dll
0x00007ffa142d0000 - 0x00007ffa1433c000 	C:\WINDOWS\System32\WS2_32.dll
0x00007ffa10920000 - 0x00007ffa1094a000 	C:\WINDOWS\SYSTEM32\winmmbase.dll
0x00007ffa129d0000 - 0x00007ffa12a1a000 	C:\WINDOWS\System32\cfgmgr32.dll
0x0000000059f70000 - 0x0000000059f7f000 	C:\Program Files\Java\jdk1.8.0_101\jre\bin\verify.dll
0x0000000059f40000 - 0x0000000059f69000 	C:\Program Files\Java\jdk1.8.0_101\jre\bin\java.dll
0x0000000058b20000 - 0x0000000058b36000 	C:\Program Files\Java\jdk1.8.0_101\jre\bin\zip.dll
0x00007ffa148f0000 - 0x00007ffa15d23000 	C:\WINDOWS\System32\SHELL32.dll
0x00007ffa13a60000 - 0x00007ffa13b06000 	C:\WINDOWS\System32\shcore.dll
0x00007ffa12bf0000 - 0x00007ffa1333e000 	C:\WINDOWS\System32\windows.storage.dll
0x00007ffa16360000 - 0x00007ffa163b1000 	C:\WINDOWS\System32\shlwapi.dll
0x00007ffa127c0000 - 0x00007ffa127d1000 	C:\WINDOWS\System32\kernel.appcore.dll
0x00007ffa12800000 - 0x00007ffa1284c000 	C:\WINDOWS\System32\powrprof.dll
0x00007ffa127a0000 - 0x00007ffa127bb000 	C:\WINDOWS\System32\profapi.dll
0x0000000058820000 - 0x000000005882d000 	C:\Program Files\Java\jdk1.8.0_101\jre\bin\management.dll
0x0000000058b00000 - 0x0000000058b1a000 	C:\Program Files\Java\jdk1.8.0_101\jre\bin\net.dll
0x00007ffa11fd0000 - 0x00007ffa12036000 	C:\WINDOWS\system32\mswsock.dll
0x00007ff9f6d00000 - 0x00007ff9f6d16000 	C:\WINDOWS\system32\napinsp.dll
0x00007ff9f6740000 - 0x00007ff9f675a000 	C:\WINDOWS\system32\pnrpnsp.dll
0x00007ffa0f3a0000 - 0x00007ffa0f3b8000 	C:\WINDOWS\system32\NLAapi.dll
0x00007ffa11da0000 - 0x00007ffa11e56000 	C:\WINDOWS\SYSTEM32\DNSAPI.dll
0x00007ffa16350000 - 0x00007ffa16358000 	C:\WINDOWS\System32\NSI.dll
0x00007ffa11d60000 - 0x00007ffa11d99000 	C:\WINDOWS\SYSTEM32\IPHLPAPI.DLL
0x00007ffa02300000 - 0x00007ffa0230e000 	C:\WINDOWS\System32\winrnr.dll
0x00007ffa07ef0000 - 0x00007ffa07efa000 	C:\Windows\System32\rasadhlp.dll
0x00007ffa09380000 - 0x00007ffa093f0000 	C:\WINDOWS\System32\fwpuclnt.dll
0x00007ffa122a0000 - 0x00007ffa122c5000 	C:\WINDOWS\SYSTEM32\bcrypt.dll
0x0000000058ae0000 - 0x0000000058af1000 	C:\Program Files\Java\jdk1.8.0_101\jre\bin\nio.dll
0x00007ffa12190000 - 0x00007ffa121a7000 	C:\WINDOWS\SYSTEM32\CRYPTSP.dll
0x00007ffa11be0000 - 0x00007ffa11c13000 	C:\WINDOWS\system32\rsaenh.dll
0x00007ffa126a0000 - 0x00007ffa126c9000 	C:\WINDOWS\SYSTEM32\USERENV.dll
0x00007ffa121b0000 - 0x00007ffa121bb000 	C:\WINDOWS\SYSTEM32\CRYPTBASE.dll
0x00007ffa0e290000 - 0x00007ffa0e2a6000 	C:\WINDOWS\SYSTEM32\dhcpcsvc6.DLL
0x00007ffa0e270000 - 0x00007ffa0e28a000 	C:\WINDOWS\SYSTEM32\dhcpcsvc.DLL
0x0000000058840000 - 0x0000000058864000 	C:\Program Files\Java\jdk1.8.0_101\jre\bin\sunec.dll
0x00007ffa063e0000 - 0x00007ffa065a8000 	C:\WINDOWS\SYSTEM32\dbghelp.dll

VM Arguments:
java_command: vn.greenglobal.Application
java_class_path (initial): D:\gj\workspace2\tttp-api\target\classes;C:\Users\thanh\.m2\repository\com\google\code\gson\gson\2.8.1\gson-2.8.1.jar;C:\Users\thanh\.m2\repository\com\googlecode\json-simple\json-simple\1.1.1\json-simple-1.1.1.jar;C:\Users\thanh\.m2\repository\junit\junit\4.12\junit-4.12.jar;C:\Users\thanh\.m2\repository\org\docx4j\docx4j\3.3.5\docx4j-3.3.5.jar;C:\Users\thanh\.m2\repository\org\plutext\jaxb-svg11\1.0.2\jaxb-svg11-1.0.2.jar;C:\Users\thanh\.m2\repository\net\engio\mbassador\1.2.4.2\mbassador-1.2.4.2.jar;C:\Users\thanh\.m2\repository\org\slf4j\slf4j-api\1.7.25\slf4j-api-1.7.25.jar;C:\Users\thanh\.m2\repository\org\slf4j\jcl-over-slf4j\1.7.25\jcl-over-slf4j-1.7.25.jar;C:\Users\thanh\.m2\repository\log4j\log4j\1.2.17\log4j-1.2.17.jar;C:\Users\thanh\.m2\repository\commons-codec\commons-codec\1.10\commons-codec-1.10.jar;C:\Users\thanh\.m2\repository\commons-io\commons-io\2.5\commons-io-2.5.jar;C:\Users\thanh\.m2\repository\org\apache\httpcomponents\httpclient\4.5.3\httpclient-4.5.3.jar;C:\Users\thanh\.m2\repository\org\apache\httpcomponents\httpcore\4.4.6\httpcore-4.4.6.jar;C:\Users\thanh\.m2\repository\com\fasterxml\jackson\core\jackson-core\2.8.9\jackson-core-2.8.9.jar;C:\Users\thanh\.m2\repository\com\fasterxml\jackson\core\jackson-databind\2.8.9\jackson-databind-2.8.9.jar;C:\Users\thanh\.m2\repository\org\apache\xmlgraphics\xmlgraphics-commons\2.1\xmlgraphics-commons-2.1.jar;C:\Users\thanh\.m2\repository\org\apache\avalon\framework\avalon-framework-api\4.3.1\avalon-framework-api-4.3.1.jar;C:\Users\thanh\.m2\repository\org\apache\avalon\framework\avalon-framework-impl\4.3.1\avalon-framework-impl-4.3.1.jar;C:\Users\thanh\.m2\repository\xalan\xalan\2.7.2\xalan-2.7.2.jar;C:\Users\thanh\.m2\repository\xalan\serializer\2.7.2\serializer-2.7.2.jar;C:\Users\thanh\.m2\repository\net\arnx\wmf2svg\0.9.8\wmf2svg-0.9.8.jar;C:\Users\thanh\.m2\repository\org\antlr\antlr-runtime\3.5.2\antlr-runtime-3.5.2.jar;C:\Users\thanh\.m2\repository\org\antlr\stringte
Launcher Type: SUN_STANDARD

Environment Variables:
JAVA_HOME=C:/Program Files/Java/jdk1.8.0_101
PATH=C:\Users\thanh\bin;C:\Program Files\Git\mingw64\bin;C:\Program Files\Git\usr\local\bin;C:\Program Files\Git\usr\bin;C:\Program Files\Git\usr\bin;C:\Program Files\Git\mingw64\bin;C:\Program Files\Git\usr\bin;C:\Users\thanh\bin;C:\Program Files\Java\jdk1.8.0_101\jre\bin\server;C:\Program Files\Java\jdk1.8.0_101\jre\bin;C:\Program Files\Java\jdk1.8.0_101\jre\lib\amd64;C:\Program Files\Docker\Docker\Resources\bin;C:\webserver\Ruby\bin;C:\ProgramData\Oracle\Java\javapath;D:\app\egov\product\12.1.0\dbhome_1\bin;C:\WINDOWS\system32;C:\WINDOWS;C:\WINDOWS\System32\Wbem;C:\WINDOWS\System32\WindowsPowerShell\v1.0;C:\Program Files\TortoiseGit\bin;%localappdata%\Microsoft\WindowsApps;C:\Program Files\Apache\maven\bin;C:\Program Files\nodejs;C:\Program Files\MySQL\MySQL Utilities 1.6;C:\Program Files (x86)\Skype\Phone;C:\Users\thanh\AppData\Local\Programs\Python\Python35-32\Scripts;C:\Users\thanh\AppData\Local\Programs\Python\Python35-32;C:\Users\thanh\AppData\Local\Microsoft\WindowsApps;C:\Users\thanh\AppData\Roaming\npm;C:\Program Files (x86)\Microsoft VS Code\bin;D:\gj\eclipse;C:\Program Files\Git\usr\bin\vendor_perl;C:\Program Files\Git\usr\bin\core_perl
USERNAME=thanh
SHELL=C:\Program Files\Git\usr\bin\bash.exe
DISPLAY=needs-to-be-defined
OS=Windows_NT
PROCESSOR_IDENTIFIER=Intel64 Family 6 Model 60 Stepping 3, GenuineIntel



---------------  S Y S T E M  ---------------

OS: Windows 10.0 , 64 bit Build 16251 (10.0.16251.0)

CPU:total 4 (4 cores per cpu, 1 threads per core) family 6 model 60 stepping 3, cmov, cx8, fxsr, mmx, sse, sse2, sse3, ssse3, sse4.1, sse4.2, popcnt, avx, avx2, aes, clmul, erms, lzcnt, tsc, tscinvbit, bmi1, bmi2

Memory: 4k page, physical 8305184k(738452k free), swap 20363808k(4041636k free)

vm_info: Java HotSpot(TM) 64-Bit Server VM (25.101-b13) for windows-amd64 JRE (1.8.0_101-b13), built on Jun 22 2016 01:21:29 by "java_re" with MS VC++ 10.0 (VS2010)

time: Tue Aug 15 17:39:44 2017
elapsed time: 660 seconds (0d 0h 11m 0s)

