#
# A fatal error has been detected by the Java Runtime Environment:
#
#  EXCEPTION_ACCESS_VIOLATION (0xc0000005) at pc=0x000000005b42d758, pid=6580, tid=0x0000000000002090
#
# JRE version: Java(TM) SE Runtime Environment (8.0_101-b13) (build 1.8.0_101-b13)
# Java VM: Java HotSpot(TM) 64-Bit Server VM (25.101-b13 mixed mode windows-amd64 compressed oops)
# Problematic frame:
# V  [jvm.dll+0x3fd758]
#
# Failed to write core dump. Minidumps are not enabled by default on client versions of Windows
#
# If you would like to submit a bug report, please visit:
#   http://bugreport.java.com/bugreport/crash.jsp
#

---------------  T H R E A D  ---------------

Current thread (0x0000000017967800):  VMThread [stack: 0x0000000018a20000,0x0000000018b20000] [id=8336]

siginfo: ExceptionCode=0xc0000005, reading address 0xffffffffffffffff

Registers:
RAX=0x0000000012ca0000, RBX=0x0000000000000008, RCX=0x0000000000000000, RDX=0x007fffffffbf6000
RSP=0x0000000018b1f558, RBP=0x000000005b802b80, RSI=0x000000001ad44ad0, RDI=0x0000000000000000
R8 =0x0000000000000000, R9 =0x000000001e46e3e0, R10=0x00000000000001fe, R11=0x0000000018b1f5b8
R12=0x0000000000000000, R13=0x0000000000000000, R14=0x000000005b633aa0, R15=0x000000005b802ab0
RIP=0x000000005b42d758, EFLAGS=0x0000000000010246

Top of Stack: (sp=0x0000000018b1f558)
0x0000000018b1f558:   000000005b15f286 0000000022f65ed0
0x0000000018b1f568:   0000000022f65be0 0000000022dc7ce8
0x0000000018b1f578:   0000000004f0b020 000000005b802b80
0x0000000018b1f588:   000000005b16116f 0000000022f65ea0
0x0000000018b1f598:   0000000000000000 0000000022f65be0
0x0000000018b1f5a8:   000000001ad44ad0 0000000000000001
0x0000000018b1f5b8:   000000005b1372f6 000000000000000b
0x0000000018b1f5c8:   0000000000000058 000000005b802b80
0x0000000018b1f5d8:   0000000100091628 0000000100091628
0x0000000018b1f5e8:   000000005b13c9e0 0000000100091628
0x0000000018b1f5f8:   000000005b802b80 0000000018b1f690
0x0000000018b1f608:   0000000004f0b000 000000005b802b80
0x0000000018b1f618:   000000005b15628c 0000000100091318
0x0000000018b1f628:   000000005b802b80 0000000000000000
0x0000000018b1f638:   000000005b09703d 000000005b633aa0
0x0000000018b1f648:   00000000000001fe ffffffffffffff00 

Instructions: (pc=0x000000005b42d758)
0x000000005b42d738:   0d eb 69 3c 00 48 c1 ea 03 48 d3 ea 0f b6 c2 48
0x000000005b42d748:   c1 ea 06 24 3f 44 0f b6 c0 48 8b 05 a8 cf 41 00
0x000000005b42d758:   48 8b 0c d0 4c 0f a3 c1 0f 92 c0 c3 cc cc cc cc
0x000000005b42d768:   cc cc cc cc cc cc cc cc 48 89 5c 24 08 57 48 83 


Register to memory mapping:

RAX=0x0000000012ca0000 is an unknown value
RBX=0x0000000000000008 is an unknown value
RCX=0x0000000000000000 is an unknown value
RDX=0x007fffffffbf6000 is an unknown value
RSP=0x0000000018b1f558 is an unknown value
RBP=0x000000005b802b80 is an unknown value
RSI=0x000000001ad44ad0 is an unknown value
RDI=0x0000000000000000 is an unknown value
R8 =0x0000000000000000 is an unknown value
R9 =0x000000001e46e3e0 is an unknown value
R10=0x00000000000001fe is an unknown value
R11=0x0000000018b1f5b8 is an unknown value
R12=0x0000000000000000 is an unknown value
R13=0x0000000000000000 is an unknown value
R14=0x000000005b633aa0 is an unknown value
R15=0x000000005b802ab0 is an unknown value


Stack: [0x0000000018a20000,0x0000000018b20000],  sp=0x0000000018b1f558,  free space=1021k
Native frames: (J=compiled Java code, j=interpreted, Vv=VM code, C=native code)
V  [jvm.dll+0x3fd758]

VM_Operation (0x000000002cf8f0a0): ParallelGCSystemGC, mode: safepoint, requested by thread 0x000000001ab39800


---------------  P R O C E S S  ---------------

Java Threads: ( => current thread )
  0x000000001ab39800 JavaThread "Thread-20" [_thread_blocked, id=8944, stack(0x000000002ce90000,0x000000002cf90000)]
  0x000000001f63d000 JavaThread "http-nio-8088-AsyncTimeout" daemon [_thread_blocked, id=12508, stack(0x000000002a890000,0x000000002a990000)]
  0x000000001f63b800 JavaThread "http-nio-8088-Acceptor-0" daemon [_thread_blocked, id=10972, stack(0x000000002a790000,0x000000002a890000)]
  0x000000001ab37000 JavaThread "DestroyJavaVM" [_thread_blocked, id=11824, stack(0x0000000002ba0000,0x0000000002ca0000)]
  0x000000001c8fd000 JavaThread "Live Reload Server" daemon [_thread_in_native, id=8124, stack(0x0000000024460000,0x0000000024560000)]
  0x0000000019348800 JavaThread "Service Thread" daemon [_thread_blocked, id=11952, stack(0x0000000019710000,0x0000000019810000)]
  0x00000000179b6800 JavaThread "C1 CompilerThread2" daemon [_thread_blocked, id=3516, stack(0x0000000019210000,0x0000000019310000)]
  0x00000000179ab800 JavaThread "C2 CompilerThread1" daemon [_thread_blocked, id=5364, stack(0x0000000019110000,0x0000000019210000)]
  0x00000000179a7800 JavaThread "C2 CompilerThread0" daemon [_thread_blocked, id=8400, stack(0x0000000019010000,0x0000000019110000)]
  0x00000000179a6800 JavaThread "Attach Listener" daemon [_thread_blocked, id=9068, stack(0x0000000018f10000,0x0000000019010000)]
  0x00000000179a5800 JavaThread "Signal Dispatcher" daemon [_thread_blocked, id=13912, stack(0x0000000018e10000,0x0000000018f10000)]
  0x0000000002e2e800 JavaThread "Finalizer" daemon [_thread_blocked, id=10604, stack(0x0000000018c20000,0x0000000018d20000)]
  0x0000000017968800 JavaThread "Reference Handler" daemon [_thread_blocked, id=13612, stack(0x0000000018b20000,0x0000000018c20000)]

Other Threads:
=>0x0000000017967800 VMThread [stack: 0x0000000018a20000,0x0000000018b20000] [id=8336]
  0x00000000193ad800 WatcherThread [stack: 0x0000000019810000,0x0000000019910000] [id=5792]

VM state:at safepoint (normal execution)

VM Mutex/Monitor currently owned by a thread:  ([mutex/lock_event])
[0x00000000009cdba0] Threads_lock - owner thread: 0x0000000017967800
[0x00000000009ce820] Heap_lock - owner thread: 0x000000001ab39800

Heap:
 PSYoungGen      total 48128K, used 192K [0x00000000d5c00000, 0x00000000dc480000, 0x0000000100000000)
  eden space 47616K, 0% used [0x00000000d5c00000,0x00000000d5c00000,0x00000000d8a80000)
  from space 512K, 37% used [0x00000000dc400000,0x00000000dc430000,0x00000000dc480000)
  to   space 512K, 0% used [0x00000000dc380000,0x00000000dc380000,0x00000000dc400000)
 ParOldGen       total 158720K, used 76068K [0x0000000081400000, 0x000000008af00000, 0x00000000d5c00000)
  object space 158720K, 47% used [0x0000000081400000,0x0000000085e49050,0x000000008af00000)
 Metaspace       used 68749K, capacity 70262K, committed 70528K, reserved 1112064K
  class space    used 8453K, capacity 8729K, committed 8832K, reserved 1048576K

Card table byte_map: [0x00000000121f0000,0x00000000125f0000] byte_map_base: 0x0000000011de6000

Marking Bits: (ParMarkBitMap*) 0x000000005b84a6d0
 Begin Bits: [0x0000000012ca0000, 0x0000000014c50000)
 End Bits:   [0x0000000014c50000, 0x0000000016c00000)

Polling page: 0x0000000000e20000

CodeCache: size=245760Kb used=33213Kb max_used=33449Kb free=212547Kb
 bounds [0x0000000002e30000, 0x0000000004f20000, 0x0000000011e30000]
 total_blobs=10642 nmethods=10080 adapters=472
 compilation: enabled

Compilation events (10 events):
Event: 48512.904 Thread 0x00000000179a7800 nmethod 12354 0x00000000033dac50 code [0x00000000033dada0, 0x00000000033dae38]
Event: 48512.904 Thread 0x00000000179b6800 12355       3       com.sun.jmx.mbeanserver.Repository::retrieveNamedObject (63 bytes)
Event: 48512.905 Thread 0x00000000179b6800 nmethod 12355 0x000000000322a950 code [0x000000000322ab40, 0x000000000322b588]
Event: 48512.906 Thread 0x00000000179ab800 12356       4       java.util.concurrent.locks.ReentrantLock$NonfairSync::tryAcquire (6 bytes)
Event: 48512.906 Thread 0x00000000179b6800 12357       1       java.util.concurrent.locks.AbstractQueuedSynchronizer::compareAndSetWaitStatus (13 bytes)
Event: 48512.906 Thread 0x00000000179b6800 nmethod 12357 0x00000000044ad150 code [0x00000000044ad2a0, 0x00000000044ad3b0]
Event: 48512.907 Thread 0x00000000179ab800 nmethod 12356 0x0000000004353c90 code [0x0000000004353dc0, 0x0000000004353eb8]
Event: 48512.907 Thread 0x00000000179b6800 12358       3       javax.management.ObjectName::hashCode (8 bytes)
Event: 48512.908 Thread 0x00000000179b6800 nmethod 12358 0x000000000452ebd0 code [0x000000000452ed40, 0x000000000452ef48]
Event: 48512.926 Thread 0x00000000179a7800 12359       4       org.springframework.util.ConcurrentReferenceHashMap$EntryIterator::getNextIfNecessary (36 bytes)

GC Heap History (10 events):
Event: 47922.075 GC heap after
Heap after GC invocations=117 (full 5):
 PSYoungGen      total 49664K, used 96K [0x00000000d5c00000, 0x00000000dc480000, 0x0000000100000000)
  eden space 49152K, 0% used [0x00000000d5c00000,0x00000000d5c00000,0x00000000d8c00000)
  from space 512K, 18% used [0x00000000dc400000,0x00000000dc418000,0x00000000dc480000)
  to   space 512K, 0% used [0x00000000dc380000,0x00000000dc380000,0x00000000dc400000)
 ParOldGen       total 158720K, used 76060K [0x0000000081400000, 0x000000008af00000, 0x00000000d5c00000)
  object space 158720K, 47% used [0x0000000081400000,0x0000000085e47050,0x000000008af00000)
 Metaspace       used 68739K, capacity 70256K, committed 70528K, reserved 1112064K
  class space    used 8452K, capacity 8727K, committed 8832K, reserved 1048576K
}
Event: 48093.359 GC heap before
{Heap before GC invocations=118 (full 5):
 PSYoungGen      total 49664K, used 49248K [0x00000000d5c00000, 0x00000000dc480000, 0x0000000100000000)
  eden space 49152K, 100% used [0x00000000d5c00000,0x00000000d8c00000,0x00000000d8c00000)
  from space 512K, 18% used [0x00000000dc400000,0x00000000dc418000,0x00000000dc480000)
  to   space 512K, 0% used [0x00000000dc380000,0x00000000dc380000,0x00000000dc400000)
 ParOldGen       total 158720K, used 76060K [0x0000000081400000, 0x000000008af00000, 0x00000000d5c00000)
  object space 158720K, 47% used [0x0000000081400000,0x0000000085e47050,0x000000008af00000)
 Metaspace       used 68739K, capacity 70256K, committed 70528K, reserved 1112064K
  class space    used 8452K, capacity 8727K, committed 8832K, reserved 1048576K
Event: 48093.363 GC heap after
Heap after GC invocations=118 (full 5):
 PSYoungGen      total 49152K, used 96K [0x00000000d5c00000, 0x00000000dc480000, 0x0000000100000000)
  eden space 48640K, 0% used [0x00000000d5c00000,0x00000000d5c00000,0x00000000d8b80000)
  from space 512K, 18% used [0x00000000dc380000,0x00000000dc398000,0x00000000dc400000)
  to   space 512K, 0% used [0x00000000dc400000,0x00000000dc400000,0x00000000dc480000)
 ParOldGen       total 158720K, used 76060K [0x0000000081400000, 0x000000008af00000, 0x00000000d5c00000)
  object space 158720K, 47% used [0x0000000081400000,0x0000000085e47050,0x000000008af00000)
 Metaspace       used 68739K, capacity 70256K, committed 70528K, reserved 1112064K
  class space    used 8452K, capacity 8727K, committed 8832K, reserved 1048576K
}
Event: 48263.326 GC heap before
{Heap before GC invocations=119 (full 5):
 PSYoungGen      total 49152K, used 48736K [0x00000000d5c00000, 0x00000000dc480000, 0x0000000100000000)
  eden space 48640K, 100% used [0x00000000d5c00000,0x00000000d8b80000,0x00000000d8b80000)
  from space 512K, 18% used [0x00000000dc380000,0x00000000dc398000,0x00000000dc400000)
  to   space 512K, 0% used [0x00000000dc400000,0x00000000dc400000,0x00000000dc480000)
 ParOldGen       total 158720K, used 76060K [0x0000000081400000, 0x000000008af00000, 0x00000000d5c00000)
  object space 158720K, 47% used [0x0000000081400000,0x0000000085e47050,0x000000008af00000)
 Metaspace       used 68739K, capacity 70256K, committed 70528K, reserved 1112064K
  class space    used 8452K, capacity 8727K, committed 8832K, reserved 1048576K
Event: 48263.328 GC heap after
Heap after GC invocations=119 (full 5):
 PSYoungGen      total 48640K, used 96K [0x00000000d5c00000, 0x00000000dc480000, 0x0000000100000000)
  eden space 48128K, 0% used [0x00000000d5c00000,0x00000000d5c00000,0x00000000d8b00000)
  from space 512K, 18% used [0x00000000dc400000,0x00000000dc418000,0x00000000dc480000)
  to   space 512K, 0% used [0x00000000dc380000,0x00000000dc380000,0x00000000dc400000)
 ParOldGen       total 158720K, used 76060K [0x0000000081400000, 0x000000008af00000, 0x00000000d5c00000)
  object space 158720K, 47% used [0x0000000081400000,0x0000000085e47050,0x000000008af00000)
 Metaspace       used 68739K, capacity 70256K, committed 70528K, reserved 1112064K
  class space    used 8452K, capacity 8727K, committed 8832K, reserved 1048576K
}
Event: 48431.985 GC heap before
{Heap before GC invocations=120 (full 5):
 PSYoungGen      total 48640K, used 48224K [0x00000000d5c00000, 0x00000000dc480000, 0x0000000100000000)
  eden space 48128K, 100% used [0x00000000d5c00000,0x00000000d8b00000,0x00000000d8b00000)
  from space 512K, 18% used [0x00000000dc400000,0x00000000dc418000,0x00000000dc480000)
  to   space 512K, 0% used [0x00000000dc380000,0x00000000dc380000,0x00000000dc400000)
 ParOldGen       total 158720K, used 76060K [0x0000000081400000, 0x000000008af00000, 0x00000000d5c00000)
  object space 158720K, 47% used [0x0000000081400000,0x0000000085e47050,0x000000008af00000)
 Metaspace       used 68739K, capacity 70256K, committed 70528K, reserved 1112064K
  class space    used 8452K, capacity 8727K, committed 8832K, reserved 1048576K
Event: 48431.988 GC heap after
Heap after GC invocations=120 (full 5):
 PSYoungGen      total 48128K, used 96K [0x00000000d5c00000, 0x00000000dc480000, 0x0000000100000000)
  eden space 47616K, 0% used [0x00000000d5c00000,0x00000000d5c00000,0x00000000d8a80000)
  from space 512K, 18% used [0x00000000dc380000,0x00000000dc398000,0x00000000dc400000)
  to   space 512K, 0% used [0x00000000dc400000,0x00000000dc400000,0x00000000dc480000)
 ParOldGen       total 158720K, used 76060K [0x0000000081400000, 0x000000008af00000, 0x00000000d5c00000)
  object space 158720K, 47% used [0x0000000081400000,0x0000000085e47050,0x000000008af00000)
 Metaspace       used 68739K, capacity 70256K, committed 70528K, reserved 1112064K
  class space    used 8452K, capacity 8727K, committed 8832K, reserved 1048576K
}
Event: 48512.927 GC heap before
{Heap before GC invocations=121 (full 5):
 PSYoungGen      total 48128K, used 27135K [0x00000000d5c00000, 0x00000000dc480000, 0x0000000100000000)
  eden space 47616K, 56% used [0x00000000d5c00000,0x00000000d7667cb8,0x00000000d8a80000)
  from space 512K, 18% used [0x00000000dc380000,0x00000000dc398000,0x00000000dc400000)
  to   space 512K, 0% used [0x00000000dc400000,0x00000000dc400000,0x00000000dc480000)
 ParOldGen       total 158720K, used 76060K [0x0000000081400000, 0x000000008af00000, 0x00000000d5c00000)
  object space 158720K, 47% used [0x0000000081400000,0x0000000085e47050,0x000000008af00000)
 Metaspace       used 68749K, capacity 70262K, committed 70528K, reserved 1112064K
  class space    used 8453K, capacity 8729K, committed 8832K, reserved 1048576K
Event: 48512.929 GC heap after
Heap after GC invocations=121 (full 5):
 PSYoungGen      total 48128K, used 192K [0x00000000d5c00000, 0x00000000dc480000, 0x0000000100000000)
  eden space 47616K, 0% used [0x00000000d5c00000,0x00000000d5c00000,0x00000000d8a80000)
  from space 512K, 37% used [0x00000000dc400000,0x00000000dc430000,0x00000000dc480000)
  to   space 512K, 0% used [0x00000000dc380000,0x00000000dc380000,0x00000000dc400000)
 ParOldGen       total 158720K, used 76068K [0x0000000081400000, 0x000000008af00000, 0x00000000d5c00000)
  object space 158720K, 47% used [0x0000000081400000,0x0000000085e49050,0x000000008af00000)
 Metaspace       used 68749K, capacity 70262K, committed 70528K, reserved 1112064K
  class space    used 8453K, capacity 8729K, committed 8832K, reserved 1048576K
}
Event: 48512.929 GC heap before
{Heap before GC invocations=122 (full 6):
 PSYoungGen      total 48128K, used 192K [0x00000000d5c00000, 0x00000000dc480000, 0x0000000100000000)
  eden space 47616K, 0% used [0x00000000d5c00000,0x00000000d5c00000,0x00000000d8a80000)
  from space 512K, 37% used [0x00000000dc400000,0x00000000dc430000,0x00000000dc480000)
  to   space 512K, 0% used [0x00000000dc380000,0x00000000dc380000,0x00000000dc400000)
 ParOldGen       total 158720K, used 76068K [0x0000000081400000, 0x000000008af00000, 0x00000000d5c00000)
  object space 158720K, 47% used [0x0000000081400000,0x0000000085e49050,0x000000008af00000)
 Metaspace       used 68749K, capacity 70262K, committed 70528K, reserved 1112064K
  class space    used 8453K, capacity 8729K, committed 8832K, reserved 1048576K

Deoptimization events (10 events):
Event: 140.668 Thread 0x000000001f632000 Uncommon trap: reason=unstable_if action=reinterpret pc=0x0000000004d9a9d8 method=org.springframework.cglib.core.CodeEmitter.emit_invoke(ILorg/springframework/asm/Type;Lorg/springframework/cglib/core/Signature;)V @ 24
Event: 209.284 Thread 0x000000001f63e800 Uncommon trap: reason=class_check action=maybe_recompile pc=0x00000000039555e0 method=org.springframework.core.ResolvableType.getRawClass()Ljava/lang/Class; @ 22
Event: 210.214 Thread 0x000000001f63b000 Uncommon trap: reason=bimorphic action=maybe_recompile pc=0x00000000045eb91c method=java.util.HashMap.removeNode(ILjava/lang/Object;Ljava/lang/Object;ZZ)Ljava/util/HashMap$Node; @ 143
Event: 210.214 Thread 0x000000001f63b000 Uncommon trap: reason=bimorphic action=maybe_recompile pc=0x0000000003040fbc method=java.util.HashMap.removeNode(ILjava/lang/Object;Ljava/lang/Object;ZZ)Ljava/util/HashMap$Node; @ 143
Event: 48512.314 Thread 0x000000001f63f800 Uncommon trap: reason=unstable_if action=reinterpret pc=0x0000000004cb3ed8 method=java.util.Collections$UnmodifiableSet.equals(Ljava/lang/Object;)Z @ 15
Event: 48512.315 Thread 0x000000001f63f800 Uncommon trap: reason=unstable_if action=reinterpret pc=0x0000000004abd488 method=org.springframework.boot.devtools.filewatch.FileSystemWatcher$Watcher.scan()V @ 37
Event: 48512.725 Thread 0x000000001f63f800 Uncommon trap: reason=unstable_if action=reinterpret pc=0x0000000004d9a948 method=java.util.Collections$UnmodifiableSet.equals(Ljava/lang/Object;)Z @ 15
Event: 48512.793 Thread 0x000000001f638000 Uncommon trap: reason=unstable_if action=reinterpret pc=0x00000000039a66d0 method=java.util.TaskQueue.isEmpty()Z @ 4
Event: 48512.885 Thread 0x000000001ab39800 Uncommon trap: reason=unstable_if action=reinterpret pc=0x0000000003a95c88 method=org.apache.catalina.mapper.MapperListener.lifecycleEvent(Lorg/apache/catalina/LifecycleEvent;)V @ 118
Event: 48512.905 Thread 0x000000001f63e000 Uncommon trap: reason=unstable_if action=reinterpret pc=0x00000000033730ec method=java.util.concurrent.locks.AbstractQueuedSynchronizer.doReleaseShared()V @ 6

Internal exceptions (10 events):
Event: 48512.802 Thread 0x000000001ab39800 Exception <a 'java/net/SocketException': Software caused connection abort: socket write error> (0x00000000d7512688) thrown at [C:\re\workspace\8-2-build-windows-amd64-cygwin\jdk8u101\7261\hotspot\src\share\vm\prims\jni.cpp, line 735]
Event: 48512.802 Thread 0x000000001ab39800 Exception <a 'java/net/SocketException': Software caused connection abort: socket write error> (0x00000000d7512b18) thrown at [C:\re\workspace\8-2-build-windows-amd64-cygwin\jdk8u101\7261\hotspot\src\share\vm\prims\jni.cpp, line 735]
Event: 48512.802 Thread 0x000000001ab39800 Exception <a 'java/net/SocketException': Software caused connection abort: socket write error> (0x00000000d7512fa8) thrown at [C:\re\workspace\8-2-build-windows-amd64-cygwin\jdk8u101\7261\hotspot\src\share\vm\prims\jni.cpp, line 735]
Event: 48512.802 Thread 0x000000001ab39800 Exception <a 'java/net/SocketException': Software caused connection abort: socket write error> (0x00000000d7513438) thrown at [C:\re\workspace\8-2-build-windows-amd64-cygwin\jdk8u101\7261\hotspot\src\share\vm\prims\jni.cpp, line 735]
Event: 48512.803 Thread 0x000000001ab39800 Exception <a 'java/net/SocketException': Software caused connection abort: socket write error> (0x00000000d75138c8) thrown at [C:\re\workspace\8-2-build-windows-amd64-cygwin\jdk8u101\7261\hotspot\src\share\vm\prims\jni.cpp, line 735]
Event: 48512.803 Thread 0x000000001ab39800 Exception <a 'java/net/SocketException': Software caused connection abort: socket write error> (0x00000000d7513d58) thrown at [C:\re\workspace\8-2-build-windows-amd64-cygwin\jdk8u101\7261\hotspot\src\share\vm\prims\jni.cpp, line 735]
Event: 48512.803 Thread 0x000000001ab39800 Exception <a 'java/net/SocketException': Software caused connection abort: socket write error> (0x00000000d75141e8) thrown at [C:\re\workspace\8-2-build-windows-amd64-cygwin\jdk8u101\7261\hotspot\src\share\vm\prims\jni.cpp, line 735]
Event: 48512.803 Thread 0x000000001ab39800 Exception <a 'java/net/SocketException': Software caused connection abort: socket write error> (0x00000000d7514678) thrown at [C:\re\workspace\8-2-build-windows-amd64-cygwin\jdk8u101\7261\hotspot\src\share\vm\prims\jni.cpp, line 735]
Event: 48512.885 Thread 0x000000001f634000 Exception <a 'java/lang/InterruptedException': sleep interrupted> (0x00000000d6e9d980) thrown at [C:\re\workspace\8-2-build-windows-amd64-cygwin\jdk8u101\7261\hotspot\src\share\vm\prims\jvm.cpp, line 3215]
Event: 48512.909 Thread 0x000000001f635800 Exception <a 'java/lang/InterruptedException': sleep interrupted> (0x00000000d7640210) thrown at [C:\re\workspace\8-2-build-windows-amd64-cygwin\jdk8u101\7261\hotspot\src\share\vm\prims\jvm.cpp, line 3215]

Events (10 events):
Event: 48512.909 Thread 0x000000001f635800 Thread exited: 0x000000001f635800
Event: 48512.909 Executing VM operation: RevokeBias
Event: 48512.909 Executing VM operation: RevokeBias done
Event: 48512.909 Executing VM operation: RevokeBias
Event: 48512.909 Executing VM operation: RevokeBias done
Event: 48512.909 Thread 0x000000001ab3b000 Thread exited: 0x000000001ab3b000
Event: 48512.909 Executing VM operation: RevokeBias
Event: 48512.909 Executing VM operation: RevokeBias done
Event: 48512.909 Thread 0x000000001ab3a000 Thread exited: 0x000000001ab3a000
Event: 48512.927 Executing VM operation: ParallelGCSystemGC


Dynamic libraries:
0x00007ff7db8c0000 - 0x00007ff7db8f7000 	C:\Program Files\Java\jdk1.8.0_101\jre\bin\java.exe
0x00007ff8ec000000 - 0x00007ff8ec1db000 	C:\WINDOWS\SYSTEM32\ntdll.dll
0x00007ff8e9600000 - 0x00007ff8e96ae000 	C:\WINDOWS\System32\KERNEL32.DLL
0x00007ff8e9310000 - 0x00007ff8e9559000 	C:\WINDOWS\System32\KERNELBASE.dll
0x00007ff8e96b0000 - 0x00007ff8e9751000 	C:\WINDOWS\System32\ADVAPI32.dll
0x00007ff8e9af0000 - 0x00007ff8e9b8d000 	C:\WINDOWS\System32\msvcrt.dll
0x00007ff8ebf20000 - 0x00007ff8ebf79000 	C:\WINDOWS\System32\sechost.dll
0x00007ff8e99c0000 - 0x00007ff8e9ae5000 	C:\WINDOWS\System32\RPCRT4.dll
0x00007ff8ea160000 - 0x00007ff8ea2aa000 	C:\WINDOWS\System32\USER32.dll
0x00007ff8e8ae0000 - 0x00007ff8e8afe000 	C:\WINDOWS\System32\win32u.dll
0x00007ff8ebba0000 - 0x00007ff8ebbc7000 	C:\WINDOWS\System32\GDI32.dll
0x00007ff8e8890000 - 0x00007ff8e8a19000 	C:\WINDOWS\System32\gdi32full.dll
0x00007ff8e8520000 - 0x00007ff8e85ba000 	C:\WINDOWS\System32\msvcp_win.dll
0x00007ff8e85c0000 - 0x00007ff8e86b6000 	C:\WINDOWS\System32\ucrtbase.dll
0x00007ff8df8b0000 - 0x00007ff8dfb17000 	C:\WINDOWS\WinSxS\amd64_microsoft.windows.common-controls_6595b64144ccf1df_6.0.15063.0_none_108e4f62dfe5d999\COMCTL32.dll
0x00007ff8e9d20000 - 0x00007ff8ea019000 	C:\WINDOWS\System32\combase.dll
0x00007ff8e8a20000 - 0x00007ff8e8a8a000 	C:\WINDOWS\System32\bcryptPrimitives.dll
0x00007ff8e9570000 - 0x00007ff8e959d000 	C:\WINDOWS\System32\IMM32.DLL
0x000000005b970000 - 0x000000005ba42000 	C:\Program Files\Java\jdk1.8.0_101\jre\bin\msvcr100.dll
0x000000005b030000 - 0x000000005b8ca000 	C:\Program Files\Java\jdk1.8.0_101\jre\bin\server\jvm.dll
0x00007ff8e9560000 - 0x00007ff8e9568000 	C:\WINDOWS\System32\PSAPI.DLL
0x00007ff8d8fa0000 - 0x00007ff8d8fa9000 	C:\WINDOWS\SYSTEM32\WSOCK32.dll
0x00007ff8ea6f0000 - 0x00007ff8ea75c000 	C:\WINDOWS\System32\WS2_32.dll
0x00007ff8e6820000 - 0x00007ff8e6843000 	C:\WINDOWS\SYSTEM32\WINMM.dll
0x00007ff8e4890000 - 0x00007ff8e489a000 	C:\WINDOWS\SYSTEM32\VERSION.dll
0x00007ff8e6560000 - 0x00007ff8e658b000 	C:\WINDOWS\SYSTEM32\winmmbase.dll
0x00007ff8e8a90000 - 0x00007ff8e8ad9000 	C:\WINDOWS\System32\cfgmgr32.dll
0x000000005c9c0000 - 0x000000005c9cf000 	C:\Program Files\Java\jdk1.8.0_101\jre\bin\verify.dll
0x000000005b000000 - 0x000000005b029000 	C:\Program Files\Java\jdk1.8.0_101\jre\bin\java.dll
0x000000005c9a0000 - 0x000000005c9b6000 	C:\Program Files\Java\jdk1.8.0_101\jre\bin\zip.dll
0x00007ff8ea760000 - 0x00007ff8ebb97000 	C:\WINDOWS\System32\SHELL32.dll
0x00007ff8e9760000 - 0x00007ff8e980a000 	C:\WINDOWS\System32\shcore.dll
0x00007ff8e8b00000 - 0x00007ff8e91f2000 	C:\WINDOWS\System32\windows.storage.dll
0x00007ff8ebbd0000 - 0x00007ff8ebc21000 	C:\WINDOWS\System32\shlwapi.dll
0x00007ff8e8490000 - 0x00007ff8e84a1000 	C:\WINDOWS\System32\kernel.appcore.dll
0x00007ff8e84b0000 - 0x00007ff8e84fc000 	C:\WINDOWS\System32\powrprof.dll
0x00007ff8e8470000 - 0x00007ff8e8485000 	C:\WINDOWS\System32\profapi.dll
0x000000005af10000 - 0x000000005af1d000 	C:\Program Files\Java\jdk1.8.0_101\jre\bin\management.dll
0x000000005afe0000 - 0x000000005affa000 	C:\Program Files\Java\jdk1.8.0_101\jre\bin\net.dll
0x00007ff8e7d20000 - 0x00007ff8e7d7c000 	C:\WINDOWS\system32\mswsock.dll
0x00007ff8ca1b0000 - 0x00007ff8ca1c6000 	C:\WINDOWS\system32\napinsp.dll
0x00007ff8ca170000 - 0x00007ff8ca18a000 	C:\WINDOWS\system32\pnrpnsp.dll
0x00007ff8e52b0000 - 0x00007ff8e52c8000 	C:\WINDOWS\system32\NLAapi.dll
0x00007ff8e7b00000 - 0x00007ff8e7ba4000 	C:\WINDOWS\SYSTEM32\DNSAPI.dll
0x00007ff8ea150000 - 0x00007ff8ea158000 	C:\WINDOWS\System32\NSI.dll
0x00007ff8e7ac0000 - 0x00007ff8e7af7000 	C:\WINDOWS\SYSTEM32\IPHLPAPI.DLL
0x00007ff8dd640000 - 0x00007ff8dd64e000 	C:\WINDOWS\System32\winrnr.dll
0x00007ff8dd670000 - 0x00007ff8dd67a000 	C:\Windows\System32\rasadhlp.dll
0x00007ff8dd970000 - 0x00007ff8dd9db000 	C:\WINDOWS\System32\fwpuclnt.dll
0x00007ff8e8340000 - 0x00007ff8e8365000 	C:\WINDOWS\SYSTEM32\bcrypt.dll
0x000000005afc0000 - 0x000000005afd1000 	C:\Program Files\Java\jdk1.8.0_101\jre\bin\nio.dll
0x00007ff8e7ec0000 - 0x00007ff8e7ed7000 	C:\WINDOWS\SYSTEM32\CRYPTSP.dll
0x00007ff8e7940000 - 0x00007ff8e7974000 	C:\WINDOWS\system32\rsaenh.dll
0x00007ff8e8370000 - 0x00007ff8e8399000 	C:\WINDOWS\SYSTEM32\USERENV.dll
0x00007ff8e7ee0000 - 0x00007ff8e7eeb000 	C:\WINDOWS\SYSTEM32\CRYPTBASE.dll
0x00007ff8e4190000 - 0x00007ff8e41a6000 	C:\WINDOWS\SYSTEM32\dhcpcsvc6.DLL
0x00007ff8e4170000 - 0x00007ff8e418a000 	C:\WINDOWS\SYSTEM32\dhcpcsvc.DLL
0x00007ff8d8c30000 - 0x00007ff8d8dd9000 	C:\WINDOWS\SYSTEM32\dbghelp.dll

VM Arguments:
java_command: vn.greenglobal.Application
java_class_path (initial): D:\gj\workspace2\tttp-api\target\classes;C:\Users\thanh\.m2\repository\com\googlecode\json-simple\json-simple\1.1.1\json-simple-1.1.1.jar;C:\Users\thanh\.m2\repository\junit\junit\4.12\junit-4.12.jar;C:\Users\thanh\.m2\repository\org\hamcrest\hamcrest-core\1.3\hamcrest-core-1.3.jar;C:\Users\thanh\.m2\repository\com\thetransactioncompany\java-property-utils\1.9.1\java-property-utils-1.9.1.jar;C:\Users\thanh\.m2\repository\com\thetransactioncompany\cors-filter\1.9.1\cors-filter-1.9.1.jar;C:\Users\thanh\.m2\repository\org\jasypt\jasypt\1.9.2\jasypt-1.9.2.jar;C:\Users\thanh\.m2\repository\io\springfox\springfox-swagger2\2.6.1\springfox-swagger2-2.6.1.jar;C:\Users\thanh\.m2\repository\io\swagger\swagger-annotations\1.5.10\swagger-annotations-1.5.10.jar;C:\Users\thanh\.m2\repository\io\swagger\swagger-models\1.5.10\swagger-models-1.5.10.jar;C:\Users\thanh\.m2\repository\io\springfox\springfox-spi\2.6.1\springfox-spi-2.6.1.jar;C:\Users\thanh\.m2\repository\io\springfox\springfox-core\2.6.1\springfox-core-2.6.1.jar;C:\Users\thanh\.m2\repository\io\springfox\springfox-schema\2.6.1\springfox-schema-2.6.1.jar;C:\Users\thanh\.m2\repository\io\springfox\springfox-swagger-common\2.6.1\springfox-swagger-common-2.6.1.jar;C:\Users\thanh\.m2\repository\io\springfox\springfox-spring-web\2.6.1\springfox-spring-web-2.6.1.jar;C:\Users\thanh\.m2\repository\com\google\guava\guava\20.0\guava-20.0.jar;C:\Users\thanh\.m2\repository\com\fasterxml\classmate\1.3.3\classmate-1.3.3.jar;C:\Users\thanh\.m2\repository\org\slf4j\slf4j-api\1.7.24\slf4j-api-1.7.24.jar;C:\Users\thanh\.m2\repository\org\springframework\plugin\spring-plugin-core\1.2.0.RELEASE\spring-plugin-core-1.2.0.RELEASE.jar;C:\Users\thanh\.m2\repository\org\springframework\spring-beans\4.3.7.RELEASE\spring-beans-4.3.7.RELEASE.jar;C:\Users\thanh\.m2\repository\org\springframework\spring-context\4.3.7.RELEASE\spring-context-4.3.7.RELEASE.jar;C:\Users\thanh\.m2\repository\org\springframework\spring-aop\4.3.7.
Launcher Type: SUN_STANDARD

Environment Variables:
JAVA_HOME=C:/Program Files/Java/jdk1.8.0_101
PATH=C:\Users\thanh\bin;C:\Program Files\Git\mingw64\bin;C:\Program Files\Git\usr\local\bin;C:\Program Files\Git\usr\bin;C:\Program Files\Git\usr\bin;C:\Program Files\Git\mingw64\bin;C:\Program Files\Git\usr\bin;C:\Users\thanh\bin;C:\Program Files\Java\jdk1.8.0_101\jre\bin\server;C:\Program Files\Java\jdk1.8.0_101\jre\bin;C:\Program Files\Java\jdk1.8.0_101\jre\lib\amd64;C:\Program Files\Docker\Docker\Resources\bin;C:\ProgramData\Oracle\Java\javapath;D:\app\egov\product\12.1.0\dbhome_1\bin;C:\WINDOWS\system32;C:\WINDOWS;C:\WINDOWS\System32\Wbem;C:\WINDOWS\System32\WindowsPowerShell\v1.0;C:\Program Files\TortoiseGit\bin;%localappdata%\Microsoft\WindowsApps;C:\Program Files\Apache\maven\bin;C:\Program Files\nodejs;C:\Program Files\MySQL\MySQL Utilities 1.6;C:\Program Files (x86)\Skype\Phone;C:\Users\thanh\AppData\Local\Programs\Python\Python35-32\Scripts;C:\Users\thanh\AppData\Local\Programs\Python\Python35-32;C:\Users\thanh\AppData\Local\Microsoft\WindowsApps;C:\Users\thanh\AppData\Roaming\npm;C:\Program Files (x86)\Microsoft VS Code\bin;D:\gj\eclipse;C:\Program Files\Git\usr\bin\vendor_perl;C:\Program Files\Git\usr\bin\core_perl
USERNAME=thanh
SHELL=C:\Program Files\Git\usr\bin\bash
DISPLAY=needs-to-be-defined
OS=Windows_NT
PROCESSOR_IDENTIFIER=Intel64 Family 6 Model 60 Stepping 3, GenuineIntel



---------------  S Y S T E M  ---------------

OS: Windows 10.0 , 64 bit Build 15063 (10.0.15063.0)

CPU:total 4 (4 cores per cpu, 1 threads per core) family 6 model 60 stepping 3, cmov, cx8, fxsr, mmx, sse, sse2, sse3, ssse3, sse4.1, sse4.2, popcnt, avx, avx2, aes, clmul, erms, lzcnt, tsc, tscinvbit, bmi1, bmi2

Memory: 4k page, physical 8305184k(1076012k free), swap 33471008k(18538176k free)

vm_info: Java HotSpot(TM) 64-Bit Server VM (25.101-b13) for windows-amd64 JRE (1.8.0_101-b13), built on Jun 22 2016 01:21:29 by "java_re" with MS VC++ 10.0 (VS2010)

time: Tue Apr 18 08:07:18 2017
elapsed time: 48513 seconds (0d 13h 28m 33s)

