#
# A fatal error has been detected by the Java Runtime Environment:
#
#  EXCEPTION_ACCESS_VIOLATION (0xc0000005) at pc=0x000000005435eae7, pid=4508, tid=0x00000000000027dc
#
# JRE version: Java(TM) SE Runtime Environment (8.0_101-b13) (build 1.8.0_101-b13)
# Java VM: Java HotSpot(TM) 64-Bit Server VM (25.101-b13 mixed mode windows-amd64 compressed oops)
# Problematic frame:
# V  [jvm.dll+0x10eae7]
#
# Failed to write core dump. Minidumps are not enabled by default on client versions of Windows
#
# If you would like to submit a bug report, please visit:
#   http://bugreport.java.com/bugreport/crash.jsp
#

---------------  T H R E A D  ---------------

Current thread (0x0000000019c85800):  JavaThread "C2 CompilerThread0" daemon [_thread_in_vm, id=10204, stack(0x000000001b3c0000,0x000000001b4c0000)]

siginfo: ExceptionCode=0xc0000005, reading address 0xffffffffffffffff

Registers:
RAX=0x0020000019359c10, RBX=0x000000010000da01, RCX=0x000000000000007c, RDX=0x0000000000000015
RSP=0x000000001b4bd1a8, RBP=0x00000000193571a0, RSI=0x0000000000000059, RDI=0x0000000005059730
R8 =0x0000000000000008, R9 =0x0000000000000008, R10=0x00000000193571e8, R11=0x0000000019359c50
R12=0x000000000505b3a0, R13=0x000000010000da48, R14=0x0000000005059730, R15=0x000000001b4bd410
RIP=0x000000005435eae7, EFLAGS=0x0000000000010202

Top of Stack: (sp=0x000000001b4bd1a8)
0x000000001b4bd1a8:   0000000019c85800 000000000505b3a0
0x000000001b4bd1b8:   000000005430d42e 000000010000da48
0x000000001b4bd1c8:   0000000005059730 000000000505b3a0
0x000000001b4bd1d8:   000000001b4bd410 0000000000000000
0x000000001b4bd1e8:   000000005430f797 000000010000da48
0x000000001b4bd1f8:   000000010000da48 0000000100076028
0x000000001b4bd208:   0000000000000000 0000000019c85801
0x000000001b4bd218:   000000002223ef00 0000000019c85800
0x000000001b4bd228:   0000000000000000 0000000019cbb230
0x000000001b4bd238:   0000000000000000 000000000505b3a0
0x000000001b4bd248:   0000000005059730 000000001ce48db0
0x000000001b4bd258:   000000001ce49e68 00000000000083b0
0x000000001b4bd268:   000000001ce41e80 0000000019c85800
0x000000001b4bd278:   0000000000000000 0000000019c85800
0x000000001b4bd288:   000000005427f6b5 0000000019c85800
0x000000001b4bd298:   0000000054359735 0000000000000002 

Instructions: (pc=0x000000005435eae7)
0x000000005435eac7:   8d 4a ff 4d 63 c1 45 85 c9 78 51 4e 8d 54 c5 08
0x000000005435ead7:   66 0f 1f 84 00 00 00 00 00 4d 8b 1a 49 8b 43 08
0x000000005435eae7:   0f b7 48 22 48 8b 40 08 48 39 7c c8 50 75 2d 49
0x000000005435eaf7:   8b 43 08 0f b7 48 24 48 8b 40 08 4c 39 64 c8 50 


Register to memory mapping:

RAX=0x0020000019359c10 is an unknown value
RBX=0x000000010000da01 is pointing into metadata
RCX=0x000000000000007c is an unknown value
RDX=0x0000000000000015 is an unknown value
RSP=0x000000001b4bd1a8 is pointing into the stack for thread: 0x0000000019c85800
RBP=0x00000000193571a0 is pointing into metadata
RSI=0x0000000000000059 is an unknown value
RDI=0x0000000005059730 is an unknown value
R8 =0x0000000000000008 is an unknown value
R9 =0x0000000000000008 is an unknown value
R10=0x00000000193571e8 is pointing into metadata
R11={method} {0x0000000019359c58} 
[error occurred during error reporting (printing register info), id 0xc0000005]

Stack: [0x000000001b3c0000,0x000000001b4c0000],  sp=0x000000001b4bd1a8,  free space=1012k
Native frames: (J=compiled Java code, j=interpreted, Vv=VM code, C=native code)
V  [jvm.dll+0x10eae7]
V  [jvm.dll+0xbd42e]
V  [jvm.dll+0xbf797]
V  [jvm.dll+0xc0005]
V  [jvm.dll+0x30641]
V  [jvm.dll+0x3096b]
V  [jvm.dll+0x30aca]
V  [jvm.dll+0x4827d]
V  [jvm.dll+0x4abb0]
V  [jvm.dll+0x4c3d5]
V  [jvm.dll+0x4d64a]
V  [jvm.dll+0x4e54c]
V  [jvm.dll+0x4e95b]
V  [jvm.dll+0x4ea7e]
V  [jvm.dll+0x3868e]
V  [jvm.dll+0x457a4e]
V  [jvm.dll+0x4588e2]
V  [jvm.dll+0x47d79c]
V  [jvm.dll+0x47f213]
V  [jvm.dll+0x5084b7]
V  [jvm.dll+0x501037]
V  [jvm.dll+0x5013b9]
V  [jvm.dll+0x50194f]
V  [jvm.dll+0x459c80]
V  [jvm.dll+0x4760e5]
V  [jvm.dll+0x458d82]
V  [jvm.dll+0xa57c2]
V  [jvm.dll+0xa60ff]
V  [jvm.dll+0x2451a4]
V  [jvm.dll+0x29c18a]
C  [msvcr100.dll+0x21d9f]
C  [msvcr100.dll+0x21e3b]
C  [KERNEL32.DLL+0x13f84]
C  [ntdll.dll+0x613b1]


Current CompileTask:
C2:  16654 9980       4       java.util.Formatter$FormatSpecifier::print (66 bytes)


---------------  P R O C E S S  ---------------

Java Threads: ( => current thread )
  0x0000000019cde800 JavaThread "Service Thread" daemon [_thread_blocked, id=11120, stack(0x000000001bac0000,0x000000001bbc0000)]
  0x0000000019c8e000 JavaThread "C1 CompilerThread2" daemon [_thread_blocked, id=4984, stack(0x000000001b5c0000,0x000000001b6c0000)]
  0x0000000019c87800 JavaThread "C2 CompilerThread1" daemon [_thread_blocked, id=10216, stack(0x000000001b4c0000,0x000000001b5c0000)]
=>0x0000000019c85800 JavaThread "C2 CompilerThread0" daemon [_thread_in_vm, id=10204, stack(0x000000001b3c0000,0x000000001b4c0000)]
  0x0000000019c7c000 JavaThread "Attach Listener" daemon [_thread_blocked, id=5192, stack(0x000000001b2c0000,0x000000001b3c0000)]
  0x0000000019c7b000 JavaThread "Signal Dispatcher" daemon [_thread_blocked, id=12904, stack(0x000000001b1c0000,0x000000001b2c0000)]
  0x0000000019c6a800 JavaThread "Finalizer" daemon [_thread_blocked, id=11700, stack(0x000000001aed0000,0x000000001afd0000)]
  0x0000000005101000 JavaThread "Reference Handler" daemon [_thread_blocked, id=9332, stack(0x000000001add0000,0x000000001aed0000)]
  0x0000000004f0e000 JavaThread "main" [_thread_blocked, id=9584, stack(0x0000000004f10000,0x0000000005010000)]

Other Threads:
  0x0000000019c47800 VMThread [stack: 0x000000001acd0000,0x000000001add0000] [id=12760]
  0x000000001b716800 WatcherThread [stack: 0x000000001bbc0000,0x000000001bcc0000] [id=8612]

VM state:synchronizing (normal execution)

VM Mutex/Monitor currently owned by a thread:  ([mutex/lock_event])
[0x0000000004f0d5a0] Threads_lock - owner thread: 0x0000000019c47800
[0x0000000005010f50] CompiledIC_lock - owner thread: 0x0000000004f0e000

Heap:
 PSYoungGen      total 581120K, used 87913K [0x00000000d5c00000, 0x0000000100000000, 0x0000000100000000)
  eden space 564224K, 12% used [0x00000000d5c00000,0x00000000da15dc50,0x00000000f8300000)
  from space 16896K, 99% used [0x00000000fef80000,0x00000000ffffca60,0x0000000100000000)
  to   space 64000K, 0% used [0x00000000f8300000,0x00000000f8300000,0x00000000fc180000)
 ParOldGen       total 168448K, used 103131K [0x0000000081400000, 0x000000008b880000, 0x00000000d5c00000)
  object space 168448K, 61% used [0x0000000081400000,0x00000000878b6ff0,0x000000008b880000)
 Metaspace       used 26422K, capacity 26972K, committed 27264K, reserved 1073152K
  class space    used 2888K, capacity 3060K, committed 3200K, reserved 1048576K

Card table byte_map: [0x00000000144d0000,0x00000000148d0000] byte_map_base: 0x00000000140c6000

Marking Bits: (ParMarkBitMap*) 0x0000000054a6a6d0
 Begin Bits: [0x0000000014f80000, 0x0000000016f30000)
 End Bits:   [0x0000000016f30000, 0x0000000018ee0000)

Polling page: 0x0000000004d50000

CodeCache: size=245760Kb used=30686Kb max_used=30698Kb free=215073Kb
 bounds [0x0000000005110000, 0x0000000006f70000, 0x0000000014110000]
 total_blobs=8107 nmethods=7716 adapters=302
 compilation: enabled

Compilation events (10 events):
Event: 16.628 Thread 0x0000000019c87800 nmethod 9961 0x0000000005756090 code [0x00000000057561e0, 0x00000000057562d8]
Event: 16.628 Thread 0x0000000019c87800 9975       4       com.sun.tools.javac.code.Type$JCPrimitiveType::isNumeric (16 bytes)
Event: 16.628 Thread 0x0000000019c87800 nmethod 9975 0x00000000061c2110 code [0x00000000061c2240, 0x00000000061c22b8]
Event: 16.628 Thread 0x0000000019c87800 9906       4       com.sun.tools.javac.util.Bits::dup (43 bytes)
Event: 16.630 Thread 0x0000000019c87800 nmethod 9906 0x00000000062d75d0 code [0x00000000062d7740, 0x00000000062d79e8]
Event: 16.630 Thread 0x0000000019c87800 9982       4       com.sun.tools.javac.comp.Resolve$BasicLookupHelper::lookup (38 bytes)
Event: 16.631 Thread 0x0000000019c87800 nmethod 9982 0x00000000057e4450 code [0x00000000057e45a0, 0x00000000057e4688]
Event: 16.631 Thread 0x0000000019c87800 9983       4       com.sun.tools.javac.comp.Resolve$BasicLookupHelper::debug (26 bytes)
Event: 16.632 Thread 0x0000000019c87800 nmethod 9983 0x0000000006ea8e10 code [0x0000000006ea8f60, 0x0000000006ea9048]
Event: 16.632 Thread 0x0000000019c87800 9901       4       com.sun.tools.javac.comp.Lower::boxIfNeeded (109 bytes)

GC Heap History (10 events):
Event: 5.726 GC heap before
{Heap before GC invocations=12 (full 0):
 PSYoungGen      total 441344K, used 45944K [0x00000000d5c00000, 0x0000000100000000, 0x0000000100000000)
  eden space 425472K, 10% used [0x00000000d5c00000,0x00000000d85962c8,0x00000000efb80000)
  from space 15872K, 21% used [0x00000000efb80000,0x00000000efec8000,0x00000000f0b00000)
  to   space 16384K, 0% used [0x00000000ff000000,0x00000000ff000000,0x0000000100000000)
 ParOldGen       total 87552K, used 33163K [0x0000000081400000, 0x0000000086980000, 0x00000000d5c00000)
  object space 87552K, 37% used [0x0000000081400000,0x0000000083462e00,0x0000000086980000)
 Metaspace       used 20679K, capacity 21134K, committed 21296K, reserved 1069056K
  class space    used 2490K, capacity 2627K, committed 2688K, reserved 1048576K
Event: 5.733 GC heap after
Heap after GC invocations=12 (full 0):
 PSYoungGen      total 674816K, used 2554K [0x00000000d5c00000, 0x0000000100000000, 0x0000000100000000)
  eden space 658432K, 0% used [0x00000000d5c00000,0x00000000d5c00000,0x00000000fdf00000)
  from space 16384K, 15% used [0x00000000ff000000,0x00000000ff27eae8,0x0000000100000000)
  to   space 16896K, 0% used [0x00000000fdf00000,0x00000000fdf00000,0x00000000fef80000)
 ParOldGen       total 87552K, used 35127K [0x0000000081400000, 0x0000000086980000, 0x00000000d5c00000)
  object space 87552K, 40% used [0x0000000081400000,0x000000008364de10,0x0000000086980000)
 Metaspace       used 20679K, capacity 21134K, committed 21296K, reserved 1069056K
  class space    used 2490K, capacity 2627K, committed 2688K, reserved 1048576K
}
Event: 5.733 GC heap before
{Heap before GC invocations=13 (full 1):
 PSYoungGen      total 674816K, used 2554K [0x00000000d5c00000, 0x0000000100000000, 0x0000000100000000)
  eden space 658432K, 0% used [0x00000000d5c00000,0x00000000d5c00000,0x00000000fdf00000)
  from space 16384K, 15% used [0x00000000ff000000,0x00000000ff27eae8,0x0000000100000000)
  to   space 16896K, 0% used [0x00000000fdf00000,0x00000000fdf00000,0x00000000fef80000)
 ParOldGen       total 87552K, used 35127K [0x0000000081400000, 0x0000000086980000, 0x00000000d5c00000)
  object space 87552K, 40% used [0x0000000081400000,0x000000008364de10,0x0000000086980000)
 Metaspace       used 20679K, capacity 21134K, committed 21296K, reserved 1069056K
  class space    used 2490K, capacity 2627K, committed 2688K, reserved 1048576K
Event: 5.852 GC heap after
Heap after GC invocations=13 (full 1):
 PSYoungGen      total 674816K, used 0K [0x00000000d5c00000, 0x0000000100000000, 0x0000000100000000)
  eden space 658432K, 0% used [0x00000000d5c00000,0x00000000d5c00000,0x00000000fdf00000)
  from space 16384K, 0% used [0x00000000ff000000,0x00000000ff000000,0x0000000100000000)
  to   space 16896K, 0% used [0x00000000fdf00000,0x00000000fdf00000,0x00000000fef80000)
 ParOldGen       total 84480K, used 27288K [0x0000000081400000, 0x0000000086680000, 0x00000000d5c00000)
  object space 84480K, 32% used [0x0000000081400000,0x0000000082ea6190,0x0000000086680000)
 Metaspace       used 20679K, capacity 21134K, committed 21296K, reserved 1069056K
  class space    used 2490K, capacity 2627K, committed 2688K, reserved 1048576K
}
Event: 10.174 GC heap before
{Heap before GC invocations=14 (full 1):
 PSYoungGen      total 674816K, used 658432K [0x00000000d5c00000, 0x0000000100000000, 0x0000000100000000)
  eden space 658432K, 100% used [0x00000000d5c00000,0x00000000fdf00000,0x00000000fdf00000)
  from space 16384K, 0% used [0x00000000ff000000,0x00000000ff000000,0x0000000100000000)
  to   space 16896K, 0% used [0x00000000fdf00000,0x00000000fdf00000,0x00000000fef80000)
 ParOldGen       total 84480K, used 27288K [0x0000000081400000, 0x0000000086680000, 0x00000000d5c00000)
  object space 84480K, 32% used [0x0000000081400000,0x0000000082ea6190,0x0000000086680000)
 Metaspace       used 25726K, capacity 26316K, committed 26496K, reserved 1073152K
  class space    used 2951K, capacity 3138K, committed 3200K, reserved 1048576K
Event: 10.281 GC heap after
Heap after GC invocations=14 (full 1):
 PSYoungGen      total 675328K, used 16880K [0x00000000d5c00000, 0x0000000100000000, 0x0000000100000000)
  eden space 658432K, 0% used [0x00000000d5c00000,0x00000000d5c00000,0x00000000fdf00000)
  from space 16896K, 99% used [0x00000000fdf00000,0x00000000fef7c010,0x00000000fef80000)
  to   space 16896K, 0% used [0x00000000fef80000,0x00000000fef80000,0x0000000100000000)
 ParOldGen       total 111104K, used 110756K [0x0000000081400000, 0x0000000088080000, 0x00000000d5c00000)
  object space 111104K, 99% used [0x0000000081400000,0x0000000088029268,0x0000000088080000)
 Metaspace       used 25726K, capacity 26316K, committed 26496K, reserved 1073152K
  class space    used 2951K, capacity 3138K, committed 3200K, reserved 1048576K
}
Event: 10.281 GC heap before
{Heap before GC invocations=15 (full 2):
 PSYoungGen      total 675328K, used 16880K [0x00000000d5c00000, 0x0000000100000000, 0x0000000100000000)
  eden space 658432K, 0% used [0x00000000d5c00000,0x00000000d5c00000,0x00000000fdf00000)
  from space 16896K, 99% used [0x00000000fdf00000,0x00000000fef7c010,0x00000000fef80000)
  to   space 16896K, 0% used [0x00000000fef80000,0x00000000fef80000,0x0000000100000000)
 ParOldGen       total 111104K, used 110756K [0x0000000081400000, 0x0000000088080000, 0x00000000d5c00000)
  object space 111104K, 99% used [0x0000000081400000,0x0000000088029268,0x0000000088080000)
 Metaspace       used 25726K, capacity 26316K, committed 26496K, reserved 1073152K
  class space    used 2951K, capacity 3138K, committed 3200K, reserved 1048576K
Event: 10.376 GC heap after
Heap after GC invocations=15 (full 2):
 PSYoungGen      total 675328K, used 0K [0x00000000d5c00000, 0x0000000100000000, 0x0000000100000000)
  eden space 658432K, 0% used [0x00000000d5c00000,0x00000000d5c00000,0x00000000fdf00000)
  from space 16896K, 0% used [0x00000000fdf00000,0x00000000fdf00000,0x00000000fef80000)
  to   space 16896K, 0% used [0x00000000fef80000,0x00000000fef80000,0x0000000100000000)
 ParOldGen       total 168448K, used 56644K [0x0000000081400000, 0x000000008b880000, 0x00000000d5c00000)
  object space 168448K, 33% used [0x0000000081400000,0x0000000084b511f0,0x000000008b880000)
 Metaspace       used 24309K, capacity 24828K, committed 26496K, reserved 1073152K
  class space    used 2747K, capacity 2900K, committed 3200K, reserved 1048576K
}
Event: 15.965 GC heap before
{Heap before GC invocations=16 (full 2):
 PSYoungGen      total 675328K, used 658432K [0x00000000d5c00000, 0x0000000100000000, 0x0000000100000000)
  eden space 658432K, 100% used [0x00000000d5c00000,0x00000000fdf00000,0x00000000fdf00000)
  from space 16896K, 0% used [0x00000000fdf00000,0x00000000fdf00000,0x00000000fef80000)
  to   space 16896K, 0% used [0x00000000fef80000,0x00000000fef80000,0x0000000100000000)
 ParOldGen       total 168448K, used 56644K [0x0000000081400000, 0x000000008b880000, 0x00000000d5c00000)
  object space 168448K, 33% used [0x0000000081400000,0x0000000084b511f0,0x000000008b880000)
 Metaspace       used 26412K, capacity 26908K, committed 27264K, reserved 1073152K
  class space    used 2888K, capacity 3060K, committed 3200K, reserved 1048576K
Event: 16.025 GC heap after
Heap after GC invocations=16 (full 2):
 PSYoungGen      total 581120K, used 16882K [0x00000000d5c00000, 0x0000000100000000, 0x0000000100000000)
  eden space 564224K, 0% used [0x00000000d5c00000,0x00000000d5c00000,0x00000000f8300000)
  from space 16896K, 99% used [0x00000000fef80000,0x00000000ffffca60,0x0000000100000000)
  to   space 64000K, 0% used [0x00000000f8300000,0x00000000f8300000,0x00000000fc180000)
 ParOldGen       total 168448K, used 103131K [0x0000000081400000, 0x000000008b880000, 0x00000000d5c00000)
  object space 168448K, 61% used [0x0000000081400000,0x00000000878b6ff0,0x000000008b880000)
 Metaspace       used 26412K, capacity 26908K, committed 27264K, reserved 1073152K
  class space    used 2888K, capacity 3060K, committed 3200K, reserved 1048576K
}

Deoptimization events (10 events):
Event: 15.860 Thread 0x0000000004f0e000 Uncommon trap: reason=speculate_class_check action=maybe_recompile pc=0x0000000006e64218 method=com.sun.tools.javac.tree.JCTree.hasTag(Lcom/sun/tools/javac/tree/JCTree$Tag;)Z @ 2
Event: 15.860 Thread 0x0000000004f0e000 Uncommon trap: reason=speculate_class_check action=maybe_recompile pc=0x0000000006e64218 method=com.sun.tools.javac.tree.JCTree.hasTag(Lcom/sun/tools/javac/tree/JCTree$Tag;)Z @ 2
Event: 15.861 Thread 0x0000000004f0e000 Uncommon trap: reason=unstable_if action=reinterpret pc=0x0000000006e3db64 method=com.sun.tools.javac.jvm.Items$Item.coerce(I)Lcom/sun/tools/javac/jvm/Items$Item; @ 35
Event: 16.116 Thread 0x0000000004f0e000 Uncommon trap: reason=bimorphic action=maybe_recompile pc=0x0000000006cdc5f0 method=com.sun.tools.javac.code.Types$SameTypeVisitor.visitClassType(Lcom/sun/tools/javac/code/Type$ClassType;Lcom/sun/tools/javac/code/Type;)Ljava/lang/Boolean; @ 296
Event: 16.127 Thread 0x0000000004f0e000 Uncommon trap: reason=unstable_if action=reinterpret pc=0x0000000006bf6f18 method=com.sun.tools.javac.tree.TreeTranslator.translate(Lcom/sun/tools/javac/util/List;)Lcom/sun/tools/javac/util/List; @ 1
Event: 16.127 Thread 0x0000000004f0e000 Uncommon trap: reason=unstable_if action=reinterpret pc=0x0000000006b21e24 method=com.sun.tools.javac.comp.TransTypes.visitIdent(Lcom/sun/tools/javac/tree/JCTree$JCIdent;)V @ 68
Event: 16.129 Thread 0x0000000004f0e000 Uncommon trap: reason=unstable_if action=reinterpret pc=0x0000000006e600f0 method=com.sun.tools.javac.jvm.Code$LocalVar.closeRange(C)V @ 8
Event: 16.130 Thread 0x0000000004f0e000 Uncommon trap: reason=bimorphic action=maybe_recompile pc=0x0000000006e5ec98 method=com.sun.tools.javac.jvm.Gen.genExpr(Lcom/sun/tools/javac/tree/JCTree;Lcom/sun/tools/javac/code/Type;)Lcom/sun/tools/javac/jvm/Items$Item; @ 20
Event: 16.187 Thread 0x0000000004f0e000 Uncommon trap: reason=unstable_if action=reinterpret pc=0x0000000006b63d30 method=com.sun.tools.javac.comp.Resolve$AbstractMethodCheck.argumentsAcceptable(Lcom/sun/tools/javac/comp/Env;Lcom/sun/tools/javac/comp/DeferredAttr$DeferredAttrContext;Lcom/sun/tooVžš>10@
Event: 16.192 Thread 0x0000000004f0e000 Uncommon trap: reason=unstable_if action=reinterpret pc=0x0000000006bfc3b0 method=com.sun.tools.javac.jvm.ClassWriter$StackMapTableFrame.isSameType(Lcom/sun/tools/javac/code/Type;Lcom/sun/tools/javac/code/Type;Lcom/sun/tools/javac/code/Types;)Z @ 1

Internal exceptions (10 events):
Event: 10.481 Thread 0x0000000004f0e000 Exception <a 'java/security/PrivilegedActionException'> (0x00000000d8f765d0) thrown at [C:\re\workspace\8-2-build-windows-amd64-cygwin\jdk8u101\7261\hotspot\src\share\vm\prims\jvm.cpp, line 1386]
Event: 10.481 Thread 0x0000000004f0e000 Exception <a 'java/security/PrivilegedActionException'> (0x00000000d8f77970) thrown at [C:\re\workspace\8-2-build-windows-amd64-cygwin\jdk8u101\7261\hotspot\src\share\vm\prims\jvm.cpp, line 1386]
Event: 10.481 Thread 0x0000000004f0e000 Exception <a 'java/security/PrivilegedActionException'> (0x00000000d8f77d68) thrown at [C:\re\workspace\8-2-build-windows-amd64-cygwin\jdk8u101\7261\hotspot\src\share\vm\prims\jvm.cpp, line 1386]
Event: 10.939 Thread 0x0000000004f0e000 Exception <a 'java/io/FileNotFoundException'> (0x00000000df187c70) thrown at [C:\re\workspace\8-2-build-windows-amd64-cygwin\jdk8u101\7261\hotspot\src\share\vm\prims\jni.cpp, line 709]
Event: 10.939 Thread 0x0000000004f0e000 Exception <a 'java/io/FileNotFoundException'> (0x00000000df189770) thrown at [C:\re\workspace\8-2-build-windows-amd64-cygwin\jdk8u101\7261\hotspot\src\share\vm\prims\jni.cpp, line 709]
Event: 10.942 Thread 0x0000000004f0e000 Exception <a 'java/io/FileNotFoundException'> (0x00000000df193a90) thrown at [C:\re\workspace\8-2-build-windows-amd64-cygwin\jdk8u101\7261\hotspot\src\share\vm\prims\jni.cpp, line 709]
Event: 10.942 Thread 0x0000000004f0e000 Exception <a 'java/io/FileNotFoundException'> (0x00000000df1948b8) thrown at [C:\re\workspace\8-2-build-windows-amd64-cygwin\jdk8u101\7261\hotspot\src\share\vm\prims\jni.cpp, line 709]
Event: 10.942 Thread 0x0000000004f0e000 Exception <a 'java/io/FileNotFoundException'> (0x00000000df1956d8) thrown at [C:\re\workspace\8-2-build-windows-amd64-cygwin\jdk8u101\7261\hotspot\src\share\vm\prims\jni.cpp, line 709]
Event: 10.942 Thread 0x0000000004f0e000 Exception <a 'java/io/FileNotFoundException'> (0x00000000df1969b0) thrown at [C:\re\workspace\8-2-build-windows-amd64-cygwin\jdk8u101\7261\hotspot\src\share\vm\prims\jni.cpp, line 709]
Event: 13.286 Thread 0x0000000004f0e000 Implicit null exception at 0x00000000069b67af to 0x00000000069b6e91

Events (10 events):
Event: 16.130 Thread 0x0000000019c8e000 flushing nmethod 0x00000000064f3d90
Event: 16.131 Thread 0x0000000019c8e000 flushing nmethod 0x000000000654a0d0
Event: 16.131 Thread 0x0000000019c8e000 flushing nmethod 0x00000000066284d0
Event: 16.131 Thread 0x0000000019c8e000 flushing nmethod 0x000000000665e390
Event: 16.187 Thread 0x0000000004f0e000 Uncommon trap: trap_request=0xffffff65 fr.pc=0x0000000006b63d30
Event: 16.187 Thread 0x0000000004f0e000 DEOPT PACKING pc=0x0000000006b63d30 sp=0x000000000500bf80
Event: 16.187 Thread 0x0000000004f0e000 DEOPT UNPACKING pc=0x000000000515582a sp=0x000000000500bfc8 mode 2
Event: 16.192 Thread 0x0000000004f0e000 Uncommon trap: trap_request=0xffffff65 fr.pc=0x0000000006bfc3b0
Event: 16.192 Thread 0x0000000004f0e000 DEOPT PACKING pc=0x0000000006bfc3b0 sp=0x000000000500c330
Event: 16.192 Thread 0x0000000004f0e000 DEOPT UNPACKING pc=0x000000000515582a sp=0x000000000500c2d0 mode 2


Dynamic libraries:
0x00007ff6dcd30000 - 0x00007ff6dcd67000 	C:\Program Files\Java\jdk1.8.0_101\bin\java.exe
0x00007ffa1cd60000 - 0x00007ffa1cf3d000 	C:\WINDOWS\SYSTEM32\ntdll.dll
0x00007ffa1c630000 - 0x00007ffa1c6dc000 	C:\WINDOWS\System32\KERNEL32.DLL
0x00007ffa19380000 - 0x00007ffa195e8000 	C:\WINDOWS\System32\KERNELBASE.dll
0x00007ffa1a210000 - 0x00007ffa1a2b1000 	C:\WINDOWS\System32\ADVAPI32.dll
0x00007ffa1b830000 - 0x00007ffa1b8cd000 	C:\WINDOWS\System32\msvcrt.dll
0x00007ffa1bd90000 - 0x00007ffa1bdec000 	C:\WINDOWS\System32\sechost.dll
0x00007ffa1b700000 - 0x00007ffa1b821000 	C:\WINDOWS\System32\RPCRT4.dll
0x00007ffa1bb90000 - 0x00007ffa1bd1c000 	C:\WINDOWS\System32\USER32.dll
0x00007ffa195f0000 - 0x00007ffa19610000 	C:\WINDOWS\System32\win32u.dll
0x00007ffa1c8b0000 - 0x00007ffa1c8d8000 	C:\WINDOWS\System32\GDI32.dll
0x00007ffa19e00000 - 0x00007ffa19f8f000 	C:\WINDOWS\System32\gdi32full.dll
0x00007ffa19290000 - 0x00007ffa19328000 	C:\WINDOWS\System32\msvcp_win.dll
0x00007ffa19610000 - 0x00007ffa19705000 	C:\WINDOWS\System32\ucrtbase.dll
0x00007ffa12330000 - 0x00007ffa12599000 	C:\WINDOWS\WinSxS\amd64_microsoft.windows.common-controls_6595b64144ccf1df_6.0.17025.1000_none_d2c2e51e983a4e5a\COMCTL32.dll
0x00007ffa1c1d0000 - 0x00007ffa1c4d9000 	C:\WINDOWS\System32\combase.dll
0x00007ffa19210000 - 0x00007ffa19288000 	C:\WINDOWS\System32\bcryptPrimitives.dll
0x00007ffa1c790000 - 0x00007ffa1c7bd000 	C:\WINDOWS\System32\IMM32.DLL
0x0000000054e20000 - 0x0000000054ef2000 	C:\Program Files\Java\jdk1.8.0_101\jre\bin\msvcr100.dll
0x0000000054250000 - 0x0000000054aea000 	C:\Program Files\Java\jdk1.8.0_101\jre\bin\server\jvm.dll
0x00007ffa1c8a0000 - 0x00007ffa1c8a8000 	C:\WINDOWS\System32\PSAPI.DLL
0x00007ffa14b70000 - 0x00007ffa14b7a000 	C:\WINDOWS\SYSTEM32\VERSION.dll
0x00007ffa16140000 - 0x00007ffa16163000 	C:\WINDOWS\SYSTEM32\WINMM.dll
0x00007ffa0b350000 - 0x00007ffa0b359000 	C:\WINDOWS\SYSTEM32\WSOCK32.dll
0x00007ffa1bd20000 - 0x00007ffa1bd8c000 	C:\WINDOWS\System32\WS2_32.dll
0x00007ffa16110000 - 0x00007ffa1613a000 	C:\WINDOWS\SYSTEM32\winmmbase.dll
0x00007ffa19330000 - 0x00007ffa19379000 	C:\WINDOWS\System32\cfgmgr32.dll
0x0000000055270000 - 0x000000005527f000 	C:\Program Files\Java\jdk1.8.0_101\jre\bin\verify.dll
0x0000000055240000 - 0x0000000055269000 	C:\Program Files\Java\jdk1.8.0_101\jre\bin\java.dll
0x0000000055220000 - 0x0000000055236000 	C:\Program Files\Java\jdk1.8.0_101\jre\bin\zip.dll
0x00007ffa1a2c0000 - 0x00007ffa1b6fc000 	C:\WINDOWS\System32\SHELL32.dll
0x00007ffa1b8d0000 - 0x00007ffa1b976000 	C:\WINDOWS\System32\shcore.dll
0x00007ffa19710000 - 0x00007ffa19df4000 	C:\WINDOWS\System32\windows.storage.dll
0x00007ffa1c110000 - 0x00007ffa1c161000 	C:\WINDOWS\System32\shlwapi.dll
0x00007ffa19120000 - 0x00007ffa19131000 	C:\WINDOWS\System32\kernel.appcore.dll
0x00007ffa19160000 - 0x00007ffa191ac000 	C:\WINDOWS\System32\powrprof.dll
0x00007ffa19100000 - 0x00007ffa1911b000 	C:\WINDOWS\System32\profapi.dll
0x0000000055200000 - 0x000000005521a000 	C:\Program Files\Java\jdk1.8.0_101\jre\bin\net.dll
0x00007ffa188e0000 - 0x00007ffa18946000 	C:\WINDOWS\system32\mswsock.dll
0x00000000551e0000 - 0x00000000551f1000 	C:\Program Files\Java\jdk1.8.0_101\jre\bin\nio.dll
0x00007ffa0de40000 - 0x00007ffa0e008000 	C:\WINDOWS\SYSTEM32\dbghelp.dll

VM Arguments:
jvm_args: -Dclassworlds.conf=C:/Program Files/Apache/maven/bin/m2.conf -Dmaven.home=C:/Program Files/Apache/maven -Dmaven.multiModuleProjectDirectory=D:/gj/workspace2/tttp-api 
java_command: org.codehaus.plexus.classworlds.launcher.Launcher package
java_class_path (initial): C:/Program Files/Apache/maven/boot/plexus-classworlds-2.5.2.jar
Launcher Type: SUN_STANDARD

Environment Variables:
JAVA_HOME=C:/Program Files/Java/jdk1.8.0_101
PATH=C:\Users\thanh\bin;C:\Program Files\Git\mingw64\bin;C:\Program Files\Git\usr\local\bin;C:\Program Files\Git\usr\bin;C:\Program Files\Git\usr\bin;C:\Program Files\Git\mingw64\bin;C:\Program Files\Git\usr\bin;C:\Users\thanh\bin;C:\Program Files\Java\jdk1.8.0_101\jre\bin\server;C:\Program Files\Java\jdk1.8.0_101\jre\bin;C:\Program Files\Java\jdk1.8.0_101\jre\lib\amd64;D:\app\egov\product\12.1.0\dbhome_1\bin;C:\webserver\Ruby\bin;C:\ProgramData\Oracle\Java\javapath;C:\WINDOWS\system32;C:\WINDOWS;C:\WINDOWS\System32\Wbem;C:\WINDOWS\System32\WindowsPowerShell\v1.0;C:\Program Files\TortoiseGit\bin;%localappdata%\Microsoft\WindowsApps;C:\Program Files\Apache\maven\bin;C:\Program Files\nodejs;C:\Program Files\MySQL\MySQL Utilities 1.6;C:\Program Files (x86)\Skype\Phone;C:\Program Files\PuTTY;C:\Users\thanh\AppData\Local\Programs\Python\Python35-32\Scripts;C:\Users\thanh\AppData\Local\Programs\Python\Python35-32;C:\Users\thanh\AppData\Local\Microsoft\WindowsApps;C:\Users\thanh\AppData\Roaming\npm;C:\Program Files (x86)\Microsoft VS Code\bin;D:\gj\eclipse;C:\Program Files\Git\usr\bin\vendor_perl;C:\Program Files\Git\usr\bin\core_perl
USERNAME=thanh
SHELL=C:\Program Files\Git\usr\bin\bash.exe
DISPLAY=needs-to-be-defined
OS=Windows_NT
PROCESSOR_IDENTIFIER=Intel64 Family 6 Model 60 Stepping 3, GenuineIntel



---------------  S Y S T E M  ---------------

OS: Windows 10.0 , 64 bit Build 17025 (10.0.17025.1000)

CPU:total 4 (4 cores per cpu, 1 threads per core) family 6 model 60 stepping 3, cmov, cx8, fxsr, mmx, sse, sse2, sse3, ssse3, sse4.1, sse4.2, popcnt, avx, avx2, aes, clmul, erms, lzcnt, tsc, tscinvbit, bmi1, bmi2

Memory: 4k page, physical 8305184k(2280684k free), swap 15645216k(3707808k free)

vm_info: Java HotSpot(TM) 64-Bit Server VM (25.101-b13) for windows-amd64 JRE (1.8.0_101-b13), built on Jun 22 2016 01:21:29 by "java_re" with MS VC++ 10.0 (VS2010)

time: Mon Dec 18 14:01:05 2017
elapsed time: 16 seconds (0d 0h 0m 16s)

