#
# There is insufficient memory for the Java Runtime Environment to continue.
# Native memory allocation (mmap) failed to map 195559424 bytes for committing reserved memory.
# Possible reasons:
#   The system is out of physical RAM or swap space
#   In 32 bit mode, the process size limit was hit
# Possible solutions:
#   Reduce memory load on the system
#   Increase physical memory or swap space
#   Check if swap backing store is full
#   Use 64 bit Java on a 64 bit OS
#   Decrease Java heap size (-Xmx/-Xms)
#   Decrease number of Java threads
#   Decrease Java thread stack sizes (-Xss)
#   Set larger code cache with -XX:ReservedCodeCacheSize=
# This output file may be truncated or incomplete.
#
#  Out of Memory Error (os_linux.cpp:2630), pid=17261, tid=0x00007fd9173f3700
#
# JRE version: OpenJDK Runtime Environment (8.0_121-b13) (build 1.8.0_121-8u121-b13-0ubuntu1.16.04.2-b13)
# Java VM: OpenJDK 64-Bit Server VM (25.121-b13 mixed mode linux-amd64 compressed oops)
# Failed to write core dump. Core dumps have been disabled. To enable core dumping, try "ulimit -c unlimited" before starting Java again
#

---------------  T H R E A D  ---------------

Current thread (0x00007fd93c080000):  VMThread [stack: 0x00007fd9172f3000,0x00007fd9173f4000] [id=17268]

Stack: [0x00007fd9172f3000,0x00007fd9173f4000],  sp=0x00007fd9173f24c0,  free space=1021k
Native frames: (J=compiled Java code, j=interpreted, Vv=VM code, C=native code)
V  [libjvm.so+0xa6647b]
V  [libjvm.so+0x4c32dc]
V  [libjvm.so+0x8b4b60]
V  [libjvm.so+0x8aefde]
V  [libjvm.so+0x929a16]
V  [libjvm.so+0x92ad43]
V  [libjvm.so+0x9273f3]
V  [libjvm.so+0x9276bc]
V  [libjvm.so+0x8d9553]
V  [libjvm.so+0xa68132]
V  [libjvm.so+0xa6d217]
V  [libjvm.so+0xa6a9e7]
V  [libjvm.so+0xa6be6f]
V  [libjvm.so+0xa6c361]
V  [libjvm.so+0x8b2042]

VM_Operation (0x00007fd915e650b0): ParallelGCFailedAllocation, mode: safepoint, requested by thread 0x00007fd8e8002000


---------------  P R O C E S S  ---------------

Java Threads: ( => current thread )
  0x00007fd8e8002000 JavaThread "restartedMain" [_thread_blocked, id=17278, stack(0x00007fd915d68000,0x00007fd915e69000)]
  0x00007fd93cf7c000 JavaThread "Thread-0" [_thread_blocked, id=17277, stack(0x00007fd915e69000,0x00007fd915f6a000)]
  0x00007fd93c0c2800 JavaThread "Service Thread" daemon [_thread_blocked, id=17275, stack(0x00007fd916796000,0x00007fd916897000)]
  0x00007fd93c0bb000 JavaThread "C1 CompilerThread2" daemon [_thread_blocked, id=17274, stack(0x00007fd916897000,0x00007fd916998000)]
  0x00007fd93c0b9000 JavaThread "C2 CompilerThread1" daemon [_thread_in_native, id=17273, stack(0x00007fd916998000,0x00007fd916a99000)]
  0x00007fd93c0b6800 JavaThread "C2 CompilerThread0" daemon [_thread_blocked, id=17272, stack(0x00007fd916a99000,0x00007fd916b9a000)]
  0x00007fd93c0b4800 JavaThread "Signal Dispatcher" daemon [_thread_blocked, id=17271, stack(0x00007fd916b9a000,0x00007fd916c9b000)]
  0x00007fd93c08c000 JavaThread "Finalizer" daemon [_thread_blocked, id=17270, stack(0x00007fd9170f1000,0x00007fd9171f2000)]
  0x00007fd93c087800 JavaThread "Reference Handler" daemon [_thread_blocked, id=17269, stack(0x00007fd9171f2000,0x00007fd9172f3000)]
  0x00007fd93c012800 JavaThread "main" [_thread_blocked, id=17263, stack(0x00007fd9443fc000,0x00007fd9444fd000)]

Other Threads:
=>0x00007fd93c080000 VMThread [stack: 0x00007fd9172f3000,0x00007fd9173f4000] [id=17268]
  0x00007fd93c0c5000 WatcherThread [stack: 0x00007fd916695000,0x00007fd916796000] [id=17276]

VM state:at safepoint (normal execution)

VM Mutex/Monitor currently owned by a thread:  ([mutex/lock_event])
[0x00007fd93c00ea10] Threads_lock - owner thread: 0x00007fd93c080000
[0x00007fd93c00ef10] Heap_lock - owner thread: 0x00007fd8e8002000

Heap:
 PSYoungGen      total 268288K, used 10107K [0x00000000d6d80000, 0x00000000e8280000, 0x0000000100000000)
  eden space 253440K, 0% used [0x00000000d6d80000,0x00000000d6d80000,0x00000000e6500000)
  from space 14848K, 68% used [0x00000000e6500000,0x00000000e6edefb0,0x00000000e7380000)
  to   space 14336K, 0% used [0x00000000e7380000,0x00000000e7380000,0x00000000e8180000)
 ParOldGen       total 61440K, used 14527K [0x0000000084800000, 0x0000000088400000, 0x00000000d6d80000)
  object space 61440K, 23% used [0x0000000084800000,0x000000008562fe18,0x0000000088400000)
 Metaspace       used 23359K, capacity 23760K, committed 24064K, reserved 1071104K
  class space    used 2715K, capacity 2816K, committed 2816K, reserved 1048576K

Card table byte_map: [0x00007fd9406e8000,0x00007fd940ac5000] byte_map_base: 0x00007fd9402c4000

Marking Bits: (ParMarkBitMap*) 0x00007fd9436d5220
 Begin Bits: [0x00007fd924240000, 0x00007fd926120000)
 End Bits:   [0x00007fd926120000, 0x00007fd928000000)

Polling page: 0x00007fd944527000

CodeCache: size=245760Kb used=8828Kb max_used=8828Kb free=236931Kb
 bounds [0x00007fd92d000000, 0x00007fd92d8b0000, 0x00007fd93c000000]
 total_blobs=2887 nmethods=2524 adapters=277
 compilation: enabled

Compilation events (10 events):
Event: 6,840 Thread 0x00007fd93c0b9000 nmethod 2580 0x00007fd92d8a2210 code [0x00007fd92d8a2380, 0x00007fd92d8a24e8]
Event: 6,840 Thread 0x00007fd93c0b9000 2582       4       sun.reflect.annotation.AnnotationParser::parseArray (226 bytes)
Event: 6,949 Thread 0x00007fd93c0bb000 2590   !   2       org.springframework.core.type.filter.AbstractTypeHierarchyTraversingFilter::match (281 bytes)
Event: 6,951 Thread 0x00007fd93c0bb000 nmethod 2590 0x00007fd92d8a0590 code [0x00007fd92d8a08c0, 0x00007fd92d8a14b8]
Event: 7,158 Thread 0x00007fd93c0bb000 2592   !   2       org.springframework.core.type.filter.AnnotationTypeFilter::hasAnnotation (79 bytes)
Event: 7,163 Thread 0x00007fd93c0bb000 nmethod 2592 0x00007fd92d89f550 code [0x00007fd92d89f780, 0x00007fd92d89fdb8]
Event: 7,166 Thread 0x00007fd93c0bb000 2593       2       org.springframework.core.annotation.AnnotationUtils::synthesizeAnnotation (84 bytes)
Event: 7,167 Thread 0x00007fd93c0bb000 nmethod 2593 0x00007fd92d8a26d0 code [0x00007fd92d8a28e0, 0x00007fd92d8a30b8]
Event: 7,213 Thread 0x00007fd93c0bb000 2595       2       org.springframework.core.type.filter.AnnotationTypeFilter::matchSuperClass (6 bytes)
Event: 7,214 Thread 0x00007fd93c0bb000 nmethod 2595 0x00007fd92d8a36d0 code [0x00007fd92d8a3840, 0x00007fd92d8a39a8]

GC Heap History (10 events):
Event: 1,785 GC heap after
Heap after GC invocations=3 (full 0):
 PSYoungGen      total 68608K, used 5096K [0x00000000d6d80000, 0x00000000df380000, 0x0000000100000000)
  eden space 63488K, 0% used [0x00000000d6d80000,0x00000000d6d80000,0x00000000dab80000)
  from space 5120K, 99% used [0x00000000dab80000,0x00000000db07a0a0,0x00000000db080000)
  to   space 5120K, 0% used [0x00000000dee80000,0x00000000dee80000,0x00000000df380000)
 ParOldGen       total 84992K, used 3730K [0x0000000084800000, 0x0000000089b00000, 0x00000000d6d80000)
  object space 84992K, 4% used [0x0000000084800000,0x0000000084ba4af8,0x0000000089b00000)
 Metaspace       used 10315K, capacity 10488K, committed 10496K, reserved 1058816K
  class space    used 1231K, capacity 1273K, committed 1280K, reserved 1048576K
}
Event: 2,488 GC heap before
{Heap before GC invocations=4 (full 0):
 PSYoungGen      total 68608K, used 68584K [0x00000000d6d80000, 0x00000000df380000, 0x0000000100000000)
  eden space 63488K, 100% used [0x00000000d6d80000,0x00000000dab80000,0x00000000dab80000)
  from space 5120K, 99% used [0x00000000dab80000,0x00000000db07a0a0,0x00000000db080000)
  to   space 5120K, 0% used [0x00000000dee80000,0x00000000dee80000,0x00000000df380000)
 ParOldGen       total 84992K, used 3730K [0x0000000084800000, 0x0000000089b00000, 0x00000000d6d80000)
  object space 84992K, 4% used [0x0000000084800000,0x0000000084ba4af8,0x0000000089b00000)
 Metaspace       used 16712K, capacity 17022K, committed 17280K, reserved 1064960K
  class space    used 1966K, capacity 2077K, committed 2176K, reserved 1048576K
Event: 2,510 GC heap after
Heap after GC invocations=4 (full 0):
 PSYoungGen      total 132096K, used 5094K [0x00000000d6d80000, 0x00000000df380000, 0x0000000100000000)
  eden space 126976K, 0% used [0x00000000d6d80000,0x00000000d6d80000,0x00000000de980000)
  from space 5120K, 99% used [0x00000000dee80000,0x00000000df3798f8,0x00000000df380000)
  to   space 5120K, 0% used [0x00000000de980000,0x00000000de980000,0x00000000dee80000)
 ParOldGen       total 84992K, used 7620K [0x0000000084800000, 0x0000000089b00000, 0x00000000d6d80000)
  object space 84992K, 8% used [0x0000000084800000,0x0000000084f71318,0x0000000089b00000)
 Metaspace       used 16712K, capacity 17022K, committed 17280K, reserved 1064960K
  class space    used 1966K, capacity 2077K, committed 2176K, reserved 1048576K
}
Event: 4,018 GC heap before
{Heap before GC invocations=5 (full 0):
 PSYoungGen      total 132096K, used 132070K [0x00000000d6d80000, 0x00000000df380000, 0x0000000100000000)
  eden space 126976K, 100% used [0x00000000d6d80000,0x00000000de980000,0x00000000de980000)
  from space 5120K, 99% used [0x00000000dee80000,0x00000000df3798f8,0x00000000df380000)
  to   space 5120K, 0% used [0x00000000de980000,0x00000000de980000,0x00000000dee80000)
 ParOldGen       total 84992K, used 7620K [0x0000000084800000, 0x0000000089b00000, 0x00000000d6d80000)
  object space 84992K, 8% used [0x0000000084800000,0x0000000084f71318,0x0000000089b00000)
 Metaspace       used 19983K, capacity 20392K, committed 20736K, reserved 1067008K
  class space    used 2344K, capacity 2452K, committed 2560K, reserved 1048576K
Event: 4,128 GC heap after
Heap after GC invocations=5 (full 0):
 PSYoungGen      total 132096K, used 5106K [0x00000000d6d80000, 0x00000000e8180000, 0x0000000100000000)
  eden space 126976K, 0% used [0x00000000d6d80000,0x00000000d6d80000,0x00000000de980000)
  from space 5120K, 99% used [0x00000000de980000,0x00000000dee7ca00,0x00000000dee80000)
  to   space 14336K, 0% used [0x00000000e7380000,0x00000000e7380000,0x00000000e8180000)
 ParOldGen       total 84992K, used 14018K [0x0000000084800000, 0x0000000089b00000, 0x00000000d6d80000)
  object space 84992K, 16% used [0x0000000084800000,0x00000000855b0a90,0x0000000089b00000)
 Metaspace       used 19983K, capacity 20392K, committed 20736K, reserved 1067008K
  class space    used 2344K, capacity 2452K, committed 2560K, reserved 1048576K
}
Event: 5,257 GC heap before
{Heap before GC invocations=6 (full 0):
 PSYoungGen      total 132096K, used 90753K [0x00000000d6d80000, 0x00000000e8180000, 0x0000000100000000)
  eden space 126976K, 67% used [0x00000000d6d80000,0x00000000dc123d38,0x00000000de980000)
  from space 5120K, 99% used [0x00000000de980000,0x00000000dee7ca00,0x00000000dee80000)
  to   space 14336K, 0% used [0x00000000e7380000,0x00000000e7380000,0x00000000e8180000)
 ParOldGen       total 84992K, used 14018K [0x0000000084800000, 0x0000000089b00000, 0x00000000d6d80000)
  object space 84992K, 16% used [0x0000000084800000,0x00000000855b0a90,0x0000000089b00000)
 Metaspace       used 20812K, capacity 21146K, committed 21248K, reserved 1069056K
  class space    used 2453K, capacity 2551K, committed 2560K, reserved 1048576K
Event: 5,320 GC heap after
Heap after GC invocations=6 (full 0):
 PSYoungGen      total 267776K, used 9807K [0x00000000d6d80000, 0x00000000e8280000, 0x0000000100000000)
  eden space 253440K, 0% used [0x00000000d6d80000,0x00000000d6d80000,0x00000000e6500000)
  from space 14336K, 68% used [0x00000000e7380000,0x00000000e7d13dd0,0x00000000e8180000)
  to   space 14848K, 0% used [0x00000000e6500000,0x00000000e6500000,0x00000000e7380000)
 ParOldGen       total 84992K, used 14026K [0x0000000084800000, 0x0000000089b00000, 0x00000000d6d80000)
  object space 84992K, 16% used [0x0000000084800000,0x00000000855b2a90,0x0000000089b00000)
 Metaspace       used 20812K, capacity 21146K, committed 21248K, reserved 1069056K
  class space    used 2453K, capacity 2551K, committed 2560K, reserved 1048576K
}
Event: 5,320 GC heap before
{Heap before GC invocations=7 (full 1):
 PSYoungGen      total 267776K, used 9807K [0x00000000d6d80000, 0x00000000e8280000, 0x0000000100000000)
  eden space 253440K, 0% used [0x00000000d6d80000,0x00000000d6d80000,0x00000000e6500000)
  from space 14336K, 68% used [0x00000000e7380000,0x00000000e7d13dd0,0x00000000e8180000)
  to   space 14848K, 0% used [0x00000000e6500000,0x00000000e6500000,0x00000000e7380000)
 ParOldGen       total 84992K, used 14026K [0x0000000084800000, 0x0000000089b00000, 0x00000000d6d80000)
  object space 84992K, 16% used [0x0000000084800000,0x00000000855b2a90,0x0000000089b00000)
 Metaspace       used 20812K, capacity 21146K, committed 21248K, reserved 1069056K
  class space    used 2453K, capacity 2551K, committed 2560K, reserved 1048576K
Event: 5,432 GC heap after
Heap after GC invocations=7 (full 1):
 PSYoungGen      total 267776K, used 0K [0x00000000d6d80000, 0x00000000e8280000, 0x0000000100000000)
  eden space 253440K, 0% used [0x00000000d6d80000,0x00000000d6d80000,0x00000000e6500000)
  from space 14336K, 0% used [0x00000000e7380000,0x00000000e7380000,0x00000000e8180000)
  to   space 14848K, 0% used [0x00000000e6500000,0x00000000e6500000,0x00000000e7380000)
 ParOldGen       total 61440K, used 14527K [0x0000000084800000, 0x0000000088400000, 0x00000000d6d80000)
  object space 61440K, 23% used [0x0000000084800000,0x000000008562fe18,0x0000000088400000)
 Metaspace       used 20812K, capacity 21146K, committed 21248K, reserved 1069056K
  class space    used 2453K, capacity 2551K, committed 2560K, reserved 1048576K
}
Event: 7,246 GC heap before
{Heap before GC invocations=8 (full 1):
 PSYoungGen      total 267776K, used 253440K [0x00000000d6d80000, 0x00000000e8280000, 0x0000000100000000)
  eden space 253440K, 100% used [0x00000000d6d80000,0x00000000e6500000,0x00000000e6500000)
  from space 14336K, 0% used [0x00000000e7380000,0x00000000e7380000,0x00000000e8180000)
  to   space 14848K, 0% used [0x00000000e6500000,0x00000000e6500000,0x00000000e7380000)
 ParOldGen       total 61440K, used 14527K [0x0000000084800000, 0x0000000088400000, 0x00000000d6d80000)
  object space 61440K, 23% used [0x0000000084800000,0x000000008562fe18,0x0000000088400000)
 Metaspace       used 23359K, capacity 23760K, committed 24064K, reserved 1071104K
  class space    used 2715K, capacity 2816K, committed 2816K, reserved 1048576K

Deoptimization events (10 events):
Event: 4,616 Thread 0x00007fd8e8002000 Uncommon trap: reason=class_check action=maybe_recompile pc=0x00007fd92d73f320 method=org.springframework.core.annotation.AnnotationUtils.isSynthesizable(Ljava/lang/Class;)Z @ 59
Event: 4,645 Thread 0x00007fd8e8002000 Uncommon trap: reason=null_check action=make_not_entrant pc=0x00007fd92d73f300 method=org.springframework.core.annotation.AnnotationUtils.isSynthesizable(Ljava/lang/Class;)Z @ 84
Event: 6,005 Thread 0x00007fd8e8002000 Uncommon trap: reason=unstable_if action=reinterpret pc=0x00007fd92d81bb18 method=org.springframework.asm.ClassReader.readAnnotationValue(I[CLjava/lang/String;Lorg/springframework/asm/AnnotationVisitor;)I @ 381
Event: 6,407 Thread 0x00007fd8e8002000 Uncommon trap: reason=predicate action=maybe_recompile pc=0x00007fd92d8535a8 method=java.util.AbstractCollection.toArray([Ljava/lang/Object;)[Ljava/lang/Object; @ 49
Event: 6,812 Thread 0x00007fd8e8002000 Uncommon trap: reason=predicate action=maybe_recompile pc=0x00007fd92d87db54 method=org.springframework.util.AntPathMatcher.skipSegment(Ljava/lang/String;ILjava/lang/String;)I @ 15
Event: 6,813 Thread 0x00007fd8e8002000 Uncommon trap: reason=array_check action=maybe_recompile pc=0x00007fd92d87959c method=java.util.AbstractCollection.toArray([Ljava/lang/Object;)[Ljava/lang/Object; @ 119
Event: 6,817 Thread 0x00007fd8e8002000 Uncommon trap: reason=array_check action=maybe_recompile pc=0x00007fd92d87959c method=java.util.AbstractCollection.toArray([Ljava/lang/Object;)[Ljava/lang/Object; @ 119
Event: 6,818 Thread 0x00007fd8e8002000 Uncommon trap: reason=array_check action=maybe_recompile pc=0x00007fd92d87959c method=java.util.AbstractCollection.toArray([Ljava/lang/Object;)[Ljava/lang/Object; @ 119
Event: 6,818 Thread 0x00007fd8e8002000 Uncommon trap: reason=array_check action=maybe_recompile pc=0x00007fd92d87959c method=java.util.AbstractCollection.toArray([Ljava/lang/Object;)[Ljava/lang/Object; @ 119
Event: 7,148 Thread 0x00007fd8e8002000 Uncommon trap: reason=unstable_if action=reinterpret pc=0x00007fd92d122de0 method=org.springframework.core.annotation.AnnotationUtils.synthesizeAnnotation(Ljava/lang/annotation/Annotation;Ljava/lang/Object;)Ljava/lang/annotation/Annotation; @ 1

Internal exceptions (10 events):
Event: 2,158 Thread 0x00007fd8e8002000 Exception <a 'java/lang/ClassNotFoundException': org/springframework/beans/factory/support/BeanDefinitionRegistryPostProcessorCustomizer> (0x00000000d8fd64c8) thrown at [/build/openjdk-8-YiEakL/openjdk-8-8u121-b13/src/hotspot/src/share/vm/classfile/system
Event: 2,163 Thread 0x00007fd8e8002000 Exception <a 'java/lang/ClassNotFoundException': org/springframework/core/PriorityOrderedCustomizer> (0x00000000d9001b88) thrown at [/build/openjdk-8-YiEakL/openjdk-8-8u121-b13/src/hotspot/src/share/vm/classfile/systemDictionary.cpp, line 210]
Event: 2,163 Thread 0x00007fd8e8002000 Exception <a 'java/lang/ClassNotFoundException': org/springframework/context/ResourceLoaderAwareCustomizer> (0x00000000d9030da8) thrown at [/build/openjdk-8-YiEakL/openjdk-8-8u121-b13/src/hotspot/src/share/vm/classfile/systemDictionary.cpp, line 210]
Event: 2,164 Thread 0x00007fd8e8002000 Exception <a 'java/lang/ClassNotFoundException': org/springframework/beans/factory/BeanClassLoaderAwareCustomizer> (0x00000000d9065da0) thrown at [/build/openjdk-8-YiEakL/openjdk-8-8u121-b13/src/hotspot/src/share/vm/classfile/systemDictionary.cpp, line 21
Event: 2,164 Thread 0x00007fd8e8002000 Exception <a 'java/lang/ClassNotFoundException': org/springframework/context/EnvironmentAwareCustomizer> (0x00000000d90947e8) thrown at [/build/openjdk-8-YiEakL/openjdk-8-8u121-b13/src/hotspot/src/share/vm/classfile/systemDictionary.cpp, line 210]
Event: 2,210 Thread 0x00007fd8ec0a0800 Implicit null exception at 0x00007fd92d2aca58 to 0x00007fd92d2acae6
Event: 2,255 Thread 0x00007fd8ec0a0800 Exception <a 'java/lang/IncompatibleClassChangeError': Found class java.lang.Object, but interface was expected> (0x00000000d974a6b0) thrown at [/build/openjdk-8-YiEakL/openjdk-8-8u121-b13/src/hotspot/src/share/vm/interpreter/linkResolver.cpp, line 641]
Event: 5,653 Thread 0x00007fd8e8002000 Exception <a 'java/security/PrivilegedActionException'> (0x00000000d895b428) thrown at [/build/openjdk-8-YiEakL/openjdk-8-8u121-b13/src/hotspot/src/share/vm/prims/jvm.cpp, line 1390]
Event: 5,653 Thread 0x00007fd8e8002000 Exception <a 'java/security/PrivilegedActionException'> (0x00000000d895b820) thrown at [/build/openjdk-8-YiEakL/openjdk-8-8u121-b13/src/hotspot/src/share/vm/prims/jvm.cpp, line 1390]
Event: 7,147 Thread 0x00007fd8e8002000 Implicit null exception at 0x00007fd92d1229d6 to 0x00007fd92d122dcd

Events (10 events):
Event: 7,221 loading class javax/annotation/Nullable done
Event: 7,224 loading class javax/annotation/Nonnull
Event: 7,224 loading class javax/annotation/Nonnull done
Event: 7,225 loading class javax/annotation/meta/When
Event: 7,225 loading class javax/annotation/meta/When done
Event: 7,227 loading class javax/annotation/meta/TypeQualifier
Event: 7,227 loading class javax/annotation/meta/TypeQualifier done
Event: 7,232 loading class com/google/errorprone/annotations/CanIgnoreReturnValue
Event: 7,232 loading class com/google/errorprone/annotations/CanIgnoreReturnValue done
Event: 7,239 Executing VM operation: ParallelGCFailedAllocation


Dynamic libraries:
00400000-00401000 r-xp 00000000 08:11 1577171                            /usr/lib/jvm/java-8-openjdk-amd64/jre/bin/java
00600000-00601000 r--p 00000000 08:11 1577171                            /usr/lib/jvm/java-8-openjdk-amd64/jre/bin/java
00601000-00602000 rw-p 00001000 08:11 1577171                            /usr/lib/jvm/java-8-openjdk-amd64/jre/bin/java
01b28000-01b49000 rw-p 00000000 00:00 0                                  [heap]
84800000-88400000 rw-p 00000000 00:00 0 
88400000-d6d80000 ---p 00000000 00:00 0 
d6d80000-e8280000 rw-p 00000000 00:00 0 
f3d00000-100000000 ---p 00000000 00:00 0 
100000000-1002c0000 rw-p 00000000 00:00 0 
1002c0000-140000000 ---p 00000000 00:00 0 
7fd8e0000000-7fd8e06dc000 rw-p 00000000 00:00 0 
7fd8e06dc000-7fd8e4000000 ---p 00000000 00:00 0 
7fd8e8000000-7fd8e8021000 rw-p 00000000 00:00 0 
7fd8e8021000-7fd8ec000000 ---p 00000000 00:00 0 
7fd8ec000000-7fd8ec571000 rw-p 00000000 00:00 0 
7fd8ec571000-7fd8f0000000 ---p 00000000 00:00 0 
7fd8f0000000-7fd8f0021000 rw-p 00000000 00:00 0 
7fd8f0021000-7fd8f4000000 ---p 00000000 00:00 0 
7fd8f4000000-7fd8f4021000 rw-p 00000000 00:00 0 
7fd8f4021000-7fd8f8000000 ---p 00000000 00:00 0 
7fd8f8000000-7fd8fa29f000 rw-p 00000000 00:00 0 
7fd8fa29f000-7fd8fc000000 ---p 00000000 00:00 0 
7fd8fc000000-7fd8fcf7b000 rw-p 00000000 00:00 0 
7fd8fcf7b000-7fd900000000 ---p 00000000 00:00 0 
7fd900000000-7fd900021000 rw-p 00000000 00:00 0 
7fd900021000-7fd904000000 ---p 00000000 00:00 0 
7fd904000000-7fd905dce000 rw-p 00000000 00:00 0 
7fd905dce000-7fd908000000 ---p 00000000 00:00 0 
7fd908000000-7fd908021000 rw-p 00000000 00:00 0 
7fd908021000-7fd90c000000 ---p 00000000 00:00 0 
7fd90c000000-7fd90c021000 rw-p 00000000 00:00 0 
7fd90c021000-7fd910000000 ---p 00000000 00:00 0 
7fd910000000-7fd910039000 rw-p 00000000 00:00 0 
7fd910039000-7fd914000000 ---p 00000000 00:00 0 
7fd914191000-7fd9145f1000 rw-p 00000000 00:00 0 
7fd9145f1000-7fd914731000 ---p 00000000 00:00 0 
7fd914731000-7fd914931000 rw-p 00000000 00:00 0 
7fd914931000-7fd914942000 r-xp 00000000 08:11 1576923                    /usr/lib/jvm/java-8-openjdk-amd64/jre/lib/amd64/libnio.so
7fd914942000-7fd914b42000 ---p 00011000 08:11 1576923                    /usr/lib/jvm/java-8-openjdk-amd64/jre/lib/amd64/libnio.so
7fd914b42000-7fd914b43000 r--p 00011000 08:11 1576923                    /usr/lib/jvm/java-8-openjdk-amd64/jre/lib/amd64/libnio.so
7fd914b43000-7fd914b44000 rw-p 00012000 08:11 1576923                    /usr/lib/jvm/java-8-openjdk-amd64/jre/lib/amd64/libnio.so
7fd914b44000-7fd914d44000 rw-p 00000000 00:00 0 
7fd914d44000-7fd914f44000 rw-p 00000000 00:00 0 
7fd914f44000-7fd915144000 rw-p 00000000 00:00 0 
7fd915144000-7fd915344000 rw-p 00000000 00:00 0 
7fd915344000-7fd915544000 rw-p 00000000 00:00 0 
7fd915544000-7fd915547000 ---p 00000000 00:00 0 
7fd915547000-7fd915946000 rw-p 00000000 00:00 0 
7fd915946000-7fd91595d000 r-xp 00000000 08:11 1576907                    /usr/lib/jvm/java-8-openjdk-amd64/jre/lib/amd64/libnet.so
7fd91595d000-7fd915b5c000 ---p 00017000 08:11 1576907                    /usr/lib/jvm/java-8-openjdk-amd64/jre/lib/amd64/libnet.so
7fd915b5c000-7fd915b5d000 r--p 00016000 08:11 1576907                    /usr/lib/jvm/java-8-openjdk-amd64/jre/lib/amd64/libnet.so
7fd915b5d000-7fd915b5e000 rw-p 00017000 08:11 1576907                    /usr/lib/jvm/java-8-openjdk-amd64/jre/lib/amd64/libnet.so
7fd915b5e000-7fd915b67000 r-xp 00000000 08:11 1576939                    /usr/lib/jvm/java-8-openjdk-amd64/jre/lib/amd64/libmanagement.so
7fd915b67000-7fd915d66000 ---p 00009000 08:11 1576939                    /usr/lib/jvm/java-8-openjdk-amd64/jre/lib/amd64/libmanagement.so
7fd915d66000-7fd915d67000 r--p 00008000 08:11 1576939                    /usr/lib/jvm/java-8-openjdk-amd64/jre/lib/amd64/libmanagement.so
7fd915d67000-7fd915d68000 rw-p 00009000 08:11 1576939                    /usr/lib/jvm/java-8-openjdk-amd64/jre/lib/amd64/libmanagement.so
7fd915d68000-7fd915d6b000 ---p 00000000 00:00 0 
7fd915d6b000-7fd915e69000 rw-p 00000000 00:00 0 
7fd915e69000-7fd915e6c000 ---p 00000000 00:00 0 
7fd915e6c000-7fd915f6a000 rw-p 00000000 00:00 0 
7fd915f6a000-7fd915f6c000 r--s 0000e000 08:11 6424375                    /home/kun/.m2/repository/commons-logging/commons-logging/1.2/commons-logging-1.2.jar
7fd915f6c000-7fd915f6d000 r--s 00005000 08:11 5905537                    /home/kun/.m2/repository/io/airbrake/airbrake-java/2.2.8/airbrake-java-2.2.8.jar
7fd915f6d000-7fd915f71000 r--s 00018000 08:11 6040728                    /home/kun/.m2/repository/io/jsonwebtoken/jjwt/0.7.0/jjwt-0.7.0.jar
7fd915f71000-7fd915f72000 r--s 00004000 08:11 1846099                    /home/kun/.m2/repository/org/apache/shiro/shiro-event/1.4.0/shiro-event-1.4.0.jar
7fd915f72000-7fd915f7f000 r--s 00083000 08:11 5902715                    /home/kun/.m2/repository/commons-collections/commons-collections/3.2.2/commons-collections-3.2.2.jar
7fd915f7f000-7fd915f84000 r--s 00038000 08:11 6040727                    /home/kun/.m2/repository/commons-beanutils/commons-beanutils/1.9.3/commons-beanutils-1.9.3.jar
7fd915f84000-7fd915f86000 r--s 00009000 08:11 1846097                    /home/kun/.m2/repository/org/apache/shiro/shiro-config-ogdl/1.4.0/shiro-config-ogdl-1.4.0.jar
7fd915f86000-7fd915f87000 r--s 00004000 08:11 1846095                    /home/kun/.m2/repository/org/apache/shiro/shiro-config-core/1.4.0/shiro-config-core-1.4.0.jar
7fd915f87000-7fd915f88000 r--s 00005000 08:11 1846093                    /home/kun/.m2/repository/org/apache/shiro/shiro-crypto-cipher/1.4.0/shiro-crypto-cipher-1.4.0.jar
7fd915f88000-7fd915f89000 r--s 00002000 08:11 1846091                    /home/kun/.m2/repository/org/apache/shiro/shiro-crypto-core/1.4.0/shiro-crypto-core-1.4.0.jar
7fd915f89000-7fd915f8b000 r--s 00007000 08:11 1846089                    /home/kun/.m2/repository/org/apache/shiro/shiro-crypto-hash/1.4.0/shiro-crypto-hash-1.4.0.jar
7fd915f8b000-7fd915f8d000 r--s 00002000 08:11 1846087                    /home/kun/.m2/repository/org/apache/shiro/shiro-cache/1.4.0/shiro-cache-1.4.0.jar
7fd915f8d000-7fd915f8f000 r--s 0000b000 08:11 1846085                    /home/kun/.m2/repository/org/apache/shiro/shiro-lang/1.4.0/shiro-lang-1.4.0.jar
7fd915f8f000-7fd915f99000 r--s 0005b000 08:11 1846083                    /home/kun/.m2/repository/org/apache/shiro/shiro-core/1.4.0/shiro-core-1.4.0.jar
7fd915f99000-7fd915f9b000 r--s 00014000 08:11 5520637                    /home/kun/.m2/repository/com/fasterxml/jackson/datatype/jackson-datatype-jsr310/2.8.10/jackson-datatype-jsr310-2.8.10.jar
7fd915f9b000-7fd915fa1000 r--s 00078000 08:11 4857447                    /home/kun/.m2/repository/com/fasterxml/woodstox/woodstox-core/5.0.3/woodstox-core-5.0.3.jar
7fd915fa1000-7fd915fa5000 r--s 00024000 08:11 4986713                    /home/kun/.m2/repository/org/codehaus/woodstox/stax2-api/3.1.4/stax2-api-3.1.4.jar
7fd915fa5000-7fd915fa7000 r--s 00007000 08:11 5520635                    /home/kun/.m2/repository/com/fasterxml/jackson/module/jackson-module-jaxb-annotations/2.8.10/jackson-module-jaxb-annotations-2.8.10.jar
7fd915fa7000-7fd915faa000 r--s 00015000 08:11 5520633                    /home/kun/.m2/repository/com/fasterxml/jackson/dataformat/jackson-dataformat-xml/2.8.10/jackson-dataformat-xml-2.8.10.jar
7fd915faa000-7fd915ff5000 r--s 002ff000 08:11 6040714                    /home/kun/.m2/repository/org/bouncycastle/bcprov-jdk15on/1.56/bcprov-jdk15on-1.56.jar
7fd915ff5000-7fd916006000 r--s 00097000 08:11 6040721                    /home/kun/.m2/repository/org/bouncycastle/bcpkix-jdk15on/1.56/bcpkix-jdk15on-1.56.jar
7fd916006000-7fd916008000 r--s 00000000 08:11 6040717                    /home/kun/.m2/repository/com/github/stephenc/jcip/jcip-annotations/1.0-1/jcip-annotations-1.0-1.jar
7fd916008000-7fd91600d000 r--s 00043000 08:11 6040715                    /home/kun/.m2/repository/com/nimbusds/nimbus-jose-jwt/4.34.2/nimbus-jose-jwt-4.34.2.jar
7fd91600d000-7fd91600e000 r--s 00006000 08:11 6173665                    /home/kun/.m2/repository/org/pac4j/pac4j-jwt/2.1.0/pac4j-jwt-2.1.0.jar
7fd91600e000-7fd916010000 r--s 00008000 08:11 5901779                    /home/kun/.m2/repository/org/pac4j/pac4j-http/2.1.0/pac4j-http-2.1.0.jar
7fd916010000-7fd916015000 r--s 00029000 08:11 5901777                    /home/kun/.m2/repository/org/pac4j/pac4j-core/2.1.0/pac4j-core-2.1.0.jar
7fd916015000-7fd916016000 r--s 00004000 08:11 5901775                    /home/kun/.m2/repository/org/pac4j/spring-security-pac4j/3.0.0/spring-security-pac4j-3.0.0.jar
7fd916016000-7fd916026000 r--s 000a8000 08:11 5646847                    /home/kun/.m2/repository/org/apache/commons/commons-collections4/4.1/commons-collections4-4.1.jar
7fd916026000-7fd91602c000 r--s 00069000 08:11 6040922                    /home/kun/.m2/repository/org/mariadb/jdbc/mariadb-java-client/1.5.9/mariadb-java-client-1.5.9.jar
7fd91602c000-7fd916103000 r--s 007a9000 08:11 6057712                    /home/kun/.m2/repository/net/sf/ehcache/ehcache/2.10.4/ehcache-2.10.4.jar
7fd916103000-7fd916106000 r--s 00020000 08:11 5901773                    /home/kun/.m2/repository/org/hibernate/hibernate-ehcache/5.2.11.Final/hibernate-ehcache-5.2.11.Final.jar
7fd916106000-7fd916109000 r--s 0000e000 08:11 5902612                    /home/kun/.m2/repository/org/jboss/logging/jboss-logging/3.3.1.Final/jboss-logging-3.3.1.Final.jar
7fd916109000-7fd916113000 r--s 00065000 08:11 6173588                    /home/kun/.m2/repository/org/hibernate/hibernate-envers/5.2.11.Final/hibernate-envers-5.2.11.Final.jar
7fd916113000-7fd916116000 r--s 00009000 08:11 5902705                    /home/kun/.m2/repository/org/springframework/mobile/spring-mobile-device/1.1.5.RELEASE/spring-mobile-device-1.1.5.RELEASE.jar
7fd916116000-7fd916125000 r--s 00079000 08:11 5901771                    /home/kun/.m2/repository/org/springframework/boot/spring-boot-actuator/1.5.7.RELEASE/spring-boot-actuator-1.5.7.RELEASE.jar
7fd916125000-7fd916126000 r--s 00000000 08:11 5901769                    /home/kun/.m2/repository/org/springframework/boot/spring-boot-starter-actuator/1.5.7.RELEASE/spring-boot-starter-actuator-1.5.7.RELEASE.jar
7fd916126000-7fd916129000 r--s 00058000 08:11 5901767                    /home/kun/.m2/repository/org/springframework/data/spring-data-rest-hal-browser/2.6.7.RELEASE/spring-data-rest-hal-browser-2.6.7.RELEASE.jar
7fd916129000-7fd916134000 r--s 00053000 08:11 5905650                    /home/kun/.m2/repository/org/springframework/security/spring-security-web/4.2.3.RELEASE/spring-security-web-4.2.3.RELEASE.jar
7fd916134000-7fd916140000 r--s 00056000 08:11 5905648                    /home/kun/.m2/repository/org/springframework/security/spring-security-core/4.2.3.RELEASE/spring-security-core-4.2.3.RELEASE.jar
7fd916140000-7fd91614a000 r--s 00086000 08:11 5905646                    /home/kun/.m2/repository/org/springframework/security/spring-security-config/4.2.3.RELEASE/spring-security-config-4.2.3.RELEASE.jar
7fd91614a000-7fd916153000 r--s 00054000 08:11 5901765                    /home/kun/.m2/repository/org/springframework/spring-aop/4.3.11.RELEASE/spring-aop-4.3.11.RELEASE.jar
7fd916153000-7fd916154000 r--s 00000000 08:11 5901763                    /home/kun/.m2/repository/org/springframework/boot/spring-boot-starter-security/1.5.7.RELEASE/spring-boot-starter-security-1.5.7.RELEASE.jar
7fd916154000-7fd916159000 r--s 00038000 08:11 1850591                    /home/kun/.m2/repository/org/apache/tomcat/embed/tomcat-embed-websocket/8.5.20/tomcat-embed-websocket-8.5.20.jar
7fd916159000-7fd91615e000 r--s 00036000 08:11 1850589                    /home/kun/.m2/repository/org/apache/tomcat/embed/tomcat-embed-el/8.5.20/tomcat-embed-el-8.5.20.jar
7fd91615e000-7fd916188000 r--s 002c4000 08:11 1850587                    /home/kun/.m2/repository/org/apache/tomcat/embed/tomcat-embed-core/8.5.20/tomcat-embed-core-8.5.20.jar
7fd916188000-7fd916189000 r--s 00000000 08:11 1850585                    /home/kun/.m2/repository/org/springframework/boot/spring-boot-starter-tomcat/1.5.7.RELEASE/spring-boot-starter-tomcat-1.5.7.RELEASE.jar
7fd916189000-7fd91618b000 r--s 0001d000 08:11 5902638                    /home/kun/.m2/repository/com/querydsl/querydsl-jpa/4.1.4/querydsl-jpa-4.1.4.jar
7fd91618b000-7fd91618c000 r--s 00000000 08:11 5902644                    /home/kun/.m2/repository/com/github/vineey/rsql-querydsl-spring/2.0.0.RELEASE/rsql-querydsl-spring-2.0.0.RELEASE.jar
7fd91618c000-7fd91618e000 r--s 00000000 08:11 5902643                    /home/kun/.m2/repository/com/github/vineey/rsql-querydsl-sort/2.0.0.RELEASE/rsql-querydsl-sort-2.0.0.RELEASE.jar
7fd91618e000-7fd91618f000 r--s 00006000 08:11 5902640                    /home/kun/.m2/repository/com/github/vineey/rsql-querydsl-filter/2.0.0.RELEASE/rsql-querydsl-filter-2.0.0.RELEASE.jar
7fd91618f000-7fd916190000 r--s 00000000 08:11 5902639                    /home/kun/.m2/repository/com/github/vineey/rsql-querydsl-select/2.0.0.RELEASE/rsql-querydsl-select-2.0.0.RELEASE.jar
7fd916190000-7fd916191000 r--s 00000000 08:11 5902636                    /home/kun/.m2/repository/com/github/vineey/rsql-querydsl-page/2.0.0.RELEASE/rsql-querydsl-page-2.0.0.RELEASE.jar
7fd916191000-7fd916193000 r--s 00004000 08:11 5902634                    /home/kun/.m2/repository/com/github/vineey/rsql-api-page/2.0.0.RELEASE/rsql-api-page-2.0.0.RELEASE.jar
7fd916193000-7fd916195000 r--s 00005000 08:11 5646726                    /home/kun/.m2/repository/com/github/vineey/rsql-api-sort/2.0.0.RELEASE/rsql-api-sort-2.0.0.RELEASE.jar
7fd916195000-7fd916197000 r--s 00008000 08:11 5902691                    /home/kun/.m2/repository/cz/jirutka/rsql/rsql-parser/2.1.0/rsql-parser-2.1.0.jar
7fd916197000-7fd916199000 r--s 00000000 08:11 5646724                    /home/kun/.m2/repository/com/github/vineey/rsql-api-filter/2.0.0.RELEASE/rsql-api-filter-2.0.0.RELEASE.jar
7fd916199000-7fd91619a000 r--s 00005000 08:11 5646723                    /home/kun/.m2/repository/com/github/vineey/rsql-api-select/2.0.0.RELEASE/rsql-api-select-2.0.0.RELEASE.jar
7fd91619a000-7fd91619b000 r--s 00000000 08:11 5646720                    /home/kun/.m2/repository/com/github/vineey/rsql-api-core/2.0.0.RELEASE/rsql-api-core-2.0.0.RELEASE.jar
7fd91619b000-7fd91619c000 r--s 00000000 08:11 5646718                    /home/kun/.m2/repository/com/github/vineey/rsql-api-all/2.0.0.RELEASE/rsql-api-all-2.0.0.RELEASE.jar
7fd91619c000-7fd91619e000 r--s 00000000 08:11 5646865                    /home/kun/.m2/repository/com/github/vineey/rsql-querydsl-all/2.0.0.RELEASE/rsql-querydsl-all-2.0.0.RELEASE.jar
7fd91619e000-7fd9161b5000 r--s 000fc000 08:11 5901761                    /home/kun/.m2/repository/org/springframework/spring-core/4.3.11.RELEASE/spring-core-4.3.11.RELEASE.jar
7fd9161b5000-7fd9161b7000 r--s 00009000 08:11 5646710                    /home/kun/.m2/repository/org/hamcrest/hamcrest-core/1.3/hamcrest-core-1.3.jar
7fd9161b7000-7fd9161b8000 r--s 0000c000 08:11 6291466                    /home/kun/.m2/repository/org/ow2/asm/asm/5.0.3/asm-5.0.3.jar
7fd9161b8000-7fd9161ba000 r--s 00012000 08:11 6031124                    /home/kun/.m2/repository/net/minidev/accessors-smart/1.1/accessors-smart-1.1.jar
7fd9161ba000-7fd9161bd000 r--s 0001b000 08:11 6031122                    /home/kun/.m2/repository/net/minidev/json-smart/2.2.1/json-smart-2.2.1.jar
7fd9161bd000-7fd9161c0000 r--s 0000c000 08:11 5901759                    /home/kun/.m2/repository/org/springframework/spring-aspects/4.3.11.RELEASE/spring-aspects-4.3.11.RELEASE.jar
7fd9161c0000-7fd9161d3000 r--s 000ad000 08:11 1850577                    /home/kun/.m2/repository/org/springframework/data/spring-data-commons/1.13.7.RELEASE/spring-data-commons-1.13.7.RELEASE.jar
7fd9161d3000-7fd9161da000 r--s 00040000 08:11 1850575                    /home/kun/.m2/repository/org/springframework/data/spring-data-jpa/1.11.7.RELEASE/spring-data-jpa-1.11.7.RELEASE.jar
7fd9161da000-7fd9161dc000 r--s 00006000 08:11 5902687                    /home/kun/.m2/repository/javax/transaction/javax.transaction-api/1.2/javax.transaction-api-1.2.jar
7fd9161dc000-7fd916217000 r--s 00270000 08:11 6557341                    /home/kun/.m2/repository/net/bytebuddy/byte-buddy/1.6.14/byte-buddy-1.6.14.jar
7fd916217000-7fd916218000 r--s 00000000 08:11 5913791                    /home/kun/.m2/repository/org/hibernate/hibernate-entitymanager/5.2.11.Final/hibernate-entitymanager-5.2.11.Final.jar
7fd916218000-7fd91621a000 r--s 0000a000 08:11 1850571                    /home/kun/.m2/repository/org/apache/tomcat/tomcat-juli/8.5.20/tomcat-juli-8.5.20.jar
7fd91621a000-7fd91621d000 r--s 00021000 08:11 1850569                    /home/kun/.m2/repository/org/apache/tomcat/tomcat-jdbc/8.5.20/tomcat-jdbc-8.5.20.jar
7fd91621d000-7fd91621e000 r--s 00000000 08:11 1850567                    /home/kun/.m2/repository/org/springframework/boot/spring-boot-starter-jdbc/1.5.7.RELEASE/spring-boot-starter-jdbc-1.5.7.RELEASE.jar
7fd91621e000-7fd916236000 r--s 001bf000 08:11 6040367                    /home/kun/.m2/repository/org/aspectj/aspectjweaver/1.8.10/aspectjweaver-1.8.10.jar
7fd916236000-7fd916237000 r--s 00000000 08:11 1850565                    /home/kun/.m2/repository/org/springframework/boot/spring-boot-starter-aop/1.5.7.RELEASE/spring-boot-starter-aop-1.5.7.RELEASE.jar
7fd916237000-7fd916238000 r--s 00000000 08:11 1850563                    /home/kun/.m2/repository/org/springframework/boot/spring-boot-starter-data-jpa/1.5.7.RELEASE/spring-boot-starter-data-jpa-1.5.7.RELEASE.jar
7fd916238000-7fd91623a000 r--s 00002000 08:11 5902668                    /home/kun/.m2/repository/org/atteo/evo-inflector/1.2.2/evo-inflector-1.2.2.jar
7fd91623a000-7fd91623f000 r--s 0002d000 08:11 5777256                    /home/kun/.m2/repository/org/springframework/hateoas/spring-hateoas/0.23.0.RELEASE/spring-hateoas-0.23.0.RELEASE.jar
7fd91623f000-7fd916244000 r--s 0001b000 08:11 5520629                    /home/kun/.m2/repository/org/springframework/data/spring-data-rest-core/2.6.7.RELEASE/spring-data-rest-core-2.6.7.RELEASE.jar
7fd916244000-7fd91624b000 r--s 00046000 08:11 5520627                    /home/kun/.m2/repository/org/springframework/data/spring-data-rest-webmvc/2.6.7.RELEASE/spring-data-rest-webmvc-2.6.7.RELEASE.jar
7fd91624b000-7fd91624e000 r--s 0000b000 08:11 5115011                    /home/kun/.m2/repository/com/fasterxml/jackson/core/jackson-annotations/2.8.0/jackson-annotations-2.8.0.jar
7fd91624e000-7fd91624f000 r--s 00000000 08:11 5901757                    /home/kun/.m2/repository/org/springframework/boot/spring-boot-starter-data-rest/1.5.7.RELEASE/spring-boot-starter-data-rest-1.5.7.RELEASE.jar
7fd91624f000-7fd916254000 r--s 0003c000 08:11 5901755                    /home/kun/.m2/repository/org/springframework/spring-expression/4.3.11.RELEASE/spring-expression-4.3.11.RELEASE.jar
7fd916254000-7fd916265000 r--s 000cf000 08:11 5901753                    /home/kun/.m2/repository/org/springframework/spring-webmvc/4.3.11.RELEASE/spring-webmvc-4.3.11.RELEASE.jar
7fd916265000-7fd916276000 r--s 000b8000 08:11 5901751                    /home/kun/.m2/repository/org/springframework/spring-web/4.3.11.RELEASE/spring-web-4.3.11.RELEASE.jar
7fd916276000-7fd91627a000 r--s 0000c000 08:11 5777248                    /home/kun/.m2/repository/javax/validation/validation-api/1.1.0.Final/validation-api-1.1.0.Final.jar
7fd91627a000-7fd91628b000 r--s 000a1000 08:11 5902610                    /home/kun/.m2/repository/org/hibernate/hibernate-validator/5.3.5.Final/hibernate-validator-5.3.5.Final.jar
7fd91628b000-7fd916291000 r--s 0003d000 08:11 5777242                    /home/kun/.m2/repository/org/yaml/snakeyaml/1.17/snakeyaml-1.17.jar
7fd916291000-7fd916293000 r--s 00004000 08:11 5902602                    /home/kun/.m2/repository/org/slf4j/log4j-over-slf4j/1.7.25/log4j-over-slf4j-1.7.25.jar
7fd916293000-7fd916295000 r--s 00000000 08:11 5514935                    /home/kun/.m2/repository/org/slf4j/jul-to-slf4j/1.7.25/jul-to-slf4j-1.7.25.jar
7fd916295000-7fd9162a0000 r--s 0006a000 08:11 5777163                    /home/kun/.m2/repository/ch/qos/logback/logback-core/1.1.11/logback-core-1.1.11.jar
7fd9162a0000-7fd9162a7000 r--s 00045000 08:11 5777244                    /home/kun/.m2/repository/ch/qos/logback/logback-classic/1.1.11/logback-classic-1.1.11.jar
7fd9162a7000-7fd9162a8000 r--s 00000000 08:11 1850543                    /home/kun/.m2/repository/org/springframework/boot/spring-boot-starter-logging/1.5.7.RELEASE/spring-boot-starter-logging-1.5.7.RELEASE.jar
7fd9162a8000-7fd9162a9000 r--s 00000000 08:11 1850537                    /home/kun/.m2/repository/org/springframework/boot/spring-boot-starter/1.5.7.RELEASE/spring-boot-starter-1.5.7.RELEASE.jar
7fd9162a9000-7fd9162aa000 r--s 00000000 08:11 1718501                    /home/kun/.m2/repository/org/springframework/boot/spring-boot-starter-web/1.5.7.RELEASE/spring-boot-starter-web-1.5.7.RELEASE.jar
7fd9162aa000-7fd9162ad000 r--s 0000b000 08:11 5520516                    /home/kun/plugins-sdk/portlets/tttp-api/src/main/webapp/WEB-INF/lib/spring-data-rest-webcommon.jar
7fd9162ad000-7fd9162b5000 r--s 0006e000 08:11 5646736                    /home/kun/.m2/repository/org/apache/commons/commons-lang3/3.5/commons-lang3-3.5.jar
7fd9162b5000-7fd9162b6000 r--s 00003000 08:11 5902648                    /home/kun/.m2/repository/javax/transaction/jta/1.1/jta-1.1.jar
7fd9162b6000-7fd9162bc000 r--s 0002c000 08:11 5902670                    /home/kun/.m2/repository/javax/jdo/jdo-api/3.0.1/jdo-api-3.0.1.jar
7fd9162bc000-7fd9162bd000 r--s 00000000 08:11 5902662                    /home/kun/.m2/repository/javax/inject/javax.inject/1/javax.inject-1.jar
7fd9162bd000-7fd9162cc000 r--s 001b0000 08:11 5902660                    /home/kun/.m2/repository/org/eclipse/jdt/core/compiler/ecj/4.3.1/ecj-4.3.1.jar
7fd9162cc000-7fd9162ce000 r--s 00010000 08:11 5902659                    /home/kun/.m2/repository/com/mysema/codegen/codegen/0.6.8/codegen-0.6.8.jar
7fd9162ce000-7fd9162d0000 r--s 00013000 08:11 5902656                    /home/kun/.m2/repository/com/querydsl/querydsl-codegen/4.1.4/querydsl-codegen-4.1.4.jar
7fd9162d0000-7fd9162d1000 r--s 0000f000 08:11 5902652                    /home/kun/.m2/repository/com/querydsl/querydsl-apt/4.1.4/querydsl-apt-4.1.4.jar
7fd9162d1000-7fd9162d2000 r--s 00000000 08:11 5902650                    /home/kun/.m2/repository/com/infradna/tool/bridge-method-annotation/1.13/bridge-method-annotation-1.13.jar
7fd9162d2000-7fd9162d3000 r--s 00002000 08:11 5646730                    /home/kun/.m2/repository/com/mysema/commons/mysema-commons-lang/0.2.4/mysema-commons-lang-0.2.4.jar
7fd9162d3000-7fd9162d5000 r--s 00003000 08:11 6031625                    /home/kun/.m2/repository/com/google/code/findbugs/jsr305/3.0.2/jsr305-3.0.2.jar
7fd9162d5000-7fd9162de000 r--s 00067000 08:11 5902654                    /home/kun/.m2/repository/com/querydsl/querydsl-core/4.1.4/querydsl-core-4.1.4.jar
7fd9162de000-7fd9162e0000 r--s 00005000 08:11 5902628                    /home/kun/.m2/repository/com/querydsl/querydsl-lucene5/4.1.4/querydsl-lucene5-4.1.4.jar
7fd9162e0000-7fd9162e5000 r--s 00048000 08:11 5902681                    /home/kun/.m2/repository/dom4j/dom4j/1.6.1/dom4j-1.6.1.jar
7fd9162e5000-7fd9162e8000 r--s 0002b000 08:11 5902748                    /home/kun/.m2/repository/org/jboss/jandex/2.0.3.Final/jandex-2.0.3.Final.jar
7fd9162e8000-7fd9162e9000 r--s 00006000 08:11 5777185                    /home/kun/.m2/repository/org/jboss/spec/javax/transaction/jboss-transaction-api_1.2_spec/1.0.1.Final/jboss-transaction-api_1.2_spec-1.0.1.Final.jar
7fd9162e9000-7fd9162f3000 r--s 000aa000 08:11 5777179                    /home/kun/.m2/repository/org/javassist/javassist/3.21.0-GA/javassist-3.21.0-GA.jar
7fd9162f3000-7fd9162f8000 r--s 00017000 08:11 5777236                    /home/kun/.m2/repository/org/hibernate/javax/persistence/hibernate-jpa-2.1-api/1.0.0.Final/hibernate-jpa-2.1-api-1.0.0.Final.jar
7fd9162f8000-7fd916374000 r--s 005da000 08:11 5913596                    /home/kun/.m2/repository/org/hibernate/hibernate-core/5.2.11.Final/hibernate-core-5.2.11.Final.jar
7fd916374000-7fd91637e000 r--s 00059000 08:11 5906576                    /home/kun/.m2/repository/org/apache/lucene/lucene-queryparser/5.5.4/lucene-queryparser-5.5.4.jar
7fd91637e000-7fd916385000 r--s 00037000 08:11 5777195                    /home/kun/.m2/repository/org/apache/lucene/lucene-queries/5.5.4/lucene-queries-5.5.4.jar
7fd916385000-7fd916389000 r--s 00028000 08:11 5777193                    /home/kun/.m2/repository/org/apache/lucene/lucene-facet/5.5.4/lucene-facet-5.5.4.jar
7fd916389000-7fd91639c000 r--s 0016f000 08:11 5777186                    /home/kun/.m2/repository/org/apache/lucene/lucene-analyzers-common/5.5.4/lucene-analyzers-common-5.5.4.jar
7fd91639c000-7fd9163a0000 r--s 00027000 08:11 5777189                    /home/kun/.m2/repository/org/apache/lucene/lucene-misc/5.5.4/lucene-misc-5.5.4.jar
7fd9163a0000-7fd9163c8000 r--s 0021c000 08:11 5777181                    /home/kun/.m2/repository/org/apache/lucene/lucene-core/5.5.4/lucene-core-5.5.4.jar
7fd9163c8000-7fd9163cb000 r--s 00010000 08:11 5777187                    /home/kun/.m2/repository/org/hibernate/common/hibernate-commons-annotations/5.0.1.Final/hibernate-commons-annotations-5.0.1.Final.jar
7fd9163cb000-7fd9163e8000 r--s 0011f000 08:11 5913901                    /home/kun/.m2/repository/org/hibernate/hibernate-search-engine/5.8.0.Final/hibernate-search-engine-5.8.0.Final.jar
7fd9163e8000-7fd9163ec000 r--s 00020000 08:11 5913899                    /home/kun/.m2/repository/org/hibernate/hibernate-search-orm/5.8.0.Final/hibernate-search-orm-5.8.0.Final.jar
7fd9163ec000-7fd9163f4000 r--s 0003a000 08:11 5901749                    /home/kun/.m2/repository/org/springframework/spring-tx/4.3.11.RELEASE/spring-tx-4.3.11.RELEASE.jar
7fd9163f4000-7fd9163fe000 r--s 0005f000 08:11 5901747                    /home/kun/.m2/repository/org/springframework/spring-jdbc/4.3.11.RELEASE/spring-jdbc-4.3.11.RELEASE.jar
7fd9163fe000-7fd916408000 r--s 0006b000 08:11 5901744                    /home/kun/.m2/repository/org/springframework/spring-orm/4.3.11.RELEASE/spring-orm-4.3.11.RELEASE.jar
7fd916408000-7fd916409000 r--s 00003000 08:11 5777156                    /home/kun/.m2/repository/net/jodah/typetools/0.4.4/typetools-0.4.4.jar
7fd916409000-7fd916415000 r--s 00065000 08:11 5906018                    /home/kun/.m2/repository/io/katharsis/katharsis-core/3.0.2/katharsis-core-3.0.2.jar
7fd916415000-7fd916417000 r--s 00009000 08:11 5906016                    /home/kun/.m2/repository/io/katharsis/katharsis-servlet/3.0.2/katharsis-servlet-3.0.2.jar
7fd916417000-7fd916419000 r--s 00008000 08:11 5778405                    /home/kun/.m2/repository/io/katharsis/katharsis-spring/3.0.2/katharsis-spring-3.0.2.jar
7fd916419000-7fd916439000 r--s 000e6000 08:11 1850541                    /home/kun/.m2/repository/org/springframework/boot/spring-boot-autoconfigure/1.5.7.RELEASE/spring-boot-autoconfigure-1.5.7.RELEASE.jar
7fd916439000-7fd916449000 r--s 00095000 08:11 1850539                    /home/kun/.m2/repository/org/springframework/boot/spring-boot/1.5.7.RELEASE/spring-boot-1.5.7.RELEASE.jar
7fd916449000-7fd91644f000 r--s 0002f000 08:11 5520625                    /home/kun/.m2/repository/org/springframework/boot/spring-boot-devtools/1.5.7.RELEASE/spring-boot-devtools-1.5.7.RELEASE.jar
7fd91644f000-7fd916452000 r--s 00065000 08:11 5778396                    /home/kun/.m2/repository/io/springfox/springfox-swagger-ui/2.7.0/springfox-swagger-ui-2.7.0.jar
7fd916452000-7fd916454000 r--s 00003000 08:11 6557339                    /home/kun/.m2/repository/org/mapstruct/mapstruct/1.1.0.Final/mapstruct-1.1.0.Final.jar
7fd916454000-7fd916456000 r--s 00000000 08:11 5777226                    /home/kun/.m2/repository/org/springframework/plugin/spring-plugin-metadata/1.2.0.RELEASE/spring-plugin-metadata-1.2.0.RELEASE.jar
7fd916456000-7fd91646f000 r--s 000fe000 08:11 5901742                    /home/kun/.m2/repository/org/springframework/spring-context/4.3.11.RELEASE/spring-context-4.3.11.RELEASE.jar
7fd91646f000-7fd91647d000 r--s 000ad000 08:11 5901740                    /home/kun/.m2/repository/org/springframework/spring-beans/4.3.11.RELEASE/spring-beans-4.3.11.RELEASE.jar
7fd91647d000-7fd91647e000 r--s 00004000 08:11 5777222                    /home/kun/.m2/repository/org/springframework/plugin/spring-plugin-core/1.2.0.RELEASE/spring-plugin-core-1.2.0.RELEASE.jar
7fd91647e000-7fd916480000 r--s 0000e000 08:11 1850549                    /home/kun/.m2/repository/com/fasterxml/classmate/1.3.4/classmate-1.3.4.jar
7fd916480000-7fd916483000 r--s 0001d000 08:11 5905449                    /home/kun/.m2/repository/org/reflections/reflections/0.9.11/reflections-0.9.11.jar
7fd916483000-7fd916488000 r--s 00026000 08:11 6557337                    /home/kun/.m2/repository/io/springfox/springfox-spring-web/2.7.0/springfox-spring-web-2.7.0.jar
7fd916488000-7fd91648b000 r--s 00013000 08:11 6557336                    /home/kun/.m2/repository/io/springfox/springfox-swagger-common/2.7.0/springfox-swagger-common-2.7.0.jar
7fd91648b000-7fd91648e000 r--s 00010000 08:11 6557332                    /home/kun/.m2/repository/io/springfox/springfox-schema/2.7.0/springfox-schema-2.7.0.jar
7fd91648e000-7fd916492000 r--s 00017000 08:11 6557328                    /home/kun/.m2/repository/io/springfox/springfox-core/2.7.0/springfox-core-2.7.0.jar
7fd916492000-7fd916495000 r--s 0000a000 08:11 6557330                    /home/kun/.m2/repository/io/springfox/springfox-spi/2.7.0/springfox-spi-2.7.0.jar
7fd916495000-7fd916498000 r--s 00020000 08:11 6557326                    /home/kun/.m2/repository/io/swagger/swagger-models/1.5.13/swagger-models-1.5.13.jar
7fd916498000-7fd91649a000 r--s 00004000 08:11 5643423                    /home/kun/.m2/repository/io/swagger/swagger-annotations/1.5.13/swagger-annotations-1.5.13.jar
7fd91649a000-7fd91649d000 r--s 0000d000 08:11 5515761                    /home/kun/.m2/repository/io/springfox/springfox-swagger2/2.7.0/springfox-swagger2-2.7.0.jar
7fd91649d000-7fd9164a1000 r--s 0001c000 08:11 5646859                    /home/kun/.m2/repository/org/jasypt/jasypt/1.9.2/jasypt-1.9.2.jar
7fd9164a1000-7fd9164a5000 r--s 00015000 08:11 5646857                    /home/kun/.m2/repository/com/github/virtuald/curvesapi/1.04/curvesapi-1.04.jar
7fd9164a5000-7fd9164a7000 r--s 00005000 08:11 5646735                    /home/kun/.m2/repository/stax/stax-api/1.0.1/stax-api-1.0.1.jar
7fd9164a7000-7fd9164e5000 r--s 0025d000 08:11 5646851                    /home/kun/.m2/repository/org/apache/xmlbeans/xmlbeans/2.6.0/xmlbeans-2.6.0.jar
7fd9164e5000-7fd91659f000 r--s 004dd000 08:11 5646852                    /home/kun/.m2/repository/org/apache/poi/poi-ooxml-schemas/3.15/poi-ooxml-schemas-3.15.jar
7fd91659f000-7fd9165c9000 r--s 0024c000 08:11 5646849                    /home/kun/.m2/repository/org/apache/poi/poi/3.15/poi-3.15.jar
7fd9165c9000-7fd9165da000 r--s 00136000 08:11 5646855                    /home/kun/.m2/repository/org/apache/poi/poi-ooxml/3.15/poi-ooxml-3.15.jar
7fd9165da000-7fd9165db000 r--s 00006000 08:11 5646845                    /home/kun/.m2/repository/com/thedeanda/lorem/2.0/lorem-2.0.jar
7fd9165db000-7fd91660a000 r--s 00226000 08:11 5646716                    /home/kun/.m2/repository/com/google/guava/guava/20.0/guava-20.0.jar
7fd91660a000-7fd91660f000 r--s 00068000 08:11 5646843                    /home/kun/.m2/repository/antlr/antlr/2.7.7/antlr-2.7.7.jar
7fd91660f000-7fd916612000 r--s 00022000 08:11 5646841                    /home/kun/.m2/repository/org/antlr/stringtemplate/3.2.1/stringtemplate-3.2.1.jar
7fd916612000-7fd916615000 r--s 00026000 08:11 5646839                    /home/kun/.m2/repository/org/antlr/antlr-runtime/3.5.2/antlr-runtime-3.5.2.jar
7fd916615000-7fd916619000 r--s 00040000 08:11 5646835                    /home/kun/.m2/repository/xalan/serializer/2.7.2/serializer-2.7.2.jar
7fd916619000-7fd91663e000 r--s 002de000 08:11 5646787                    /home/kun/.m2/repository/xalan/xalan/2.7.2/xalan-2.7.2.jar
7fd91663e000-7fd916695000 r--s 004ae000 08:11 1846101                    /home/kun/.m2/repository/org/docx4j/docx4j/3.3.5/docx4j-3.3.5.jar
7fd916695000-7fd916696000 ---p 00000000 00:00 0 
7fd916696000-7fd916796000 rw-p 00000000 00:00 0 
7fd916796000-7fd916799000 ---p 00000000 00:00 0 
7fd916799000-7fd916897000 rw-p 00000000 00:00 0 
7fd916897000-7fd91689a000 ---p 00000000 00:00 0 
7fd91689a000-7fd916998000 rw-p 00000000 00:00 0 
7fd916998000-7fd91699b000 ---p 00000000 00:00 0 
7fd91699b000-7fd916a99000 rw-p 00000000 00:00 0 
7fd916a99000-7fd916a9c000 ---p 00000000 00:00 0 
7fd916a9c000-7fd916b9a000 rw-p 00000000 00:00 0 
7fd916b9a000-7fd916b9d000 ---p 00000000 00:00 0 
7fd916b9d000-7fd916c9b000 rw-p 00000000 00:00 0 
7fd916c9b000-7fd9170f1000 r--p 00000000 08:11 1443591                    /usr/lib/locale/locale-archive
7fd9170f1000-7fd9170f4000 ---p 00000000 00:00 0 
7fd9170f4000-7fd9171f2000 rw-p 00000000 00:00 0 
7fd9171f2000-7fd9171f5000 ---p 00000000 00:00 0 
7fd9171f5000-7fd9172f3000 rw-p 00000000 00:00 0 
7fd9172f3000-7fd9172f4000 ---p 00000000 00:00 0 
7fd9172f4000-7fd918000000 rw-p 00000000 00:00 0 
7fd918000000-7fd918021000 rw-p 00000000 00:00 0 
7fd918021000-7fd91c000000 ---p 00000000 00:00 0 
7fd91c000000-7fd91c021000 rw-p 00000000 00:00 0 
7fd91c021000-7fd920000000 ---p 00000000 00:00 0 
7fd920000000-7fd920021000 rw-p 00000000 00:00 0 
7fd920021000-7fd924000000 ---p 00000000 00:00 0 
7fd924000000-7fd924002000 r--s 00014000 08:11 5646837                    /home/kun/.m2/repository/net/arnx/wmf2svg/0.9.8/wmf2svg-0.9.8.jar
7fd924002000-7fd924004000 r--s 0000d000 08:11 5646785                    /home/kun/.m2/repository/org/apache/avalon/framework/avalon-framework-impl/4.3.1/avalon-framework-impl-4.3.1.jar
7fd924004000-7fd924007000 r--s 00006000 08:11 5646783                    /home/kun/.m2/repository/org/apache/avalon/framework/avalon-framework-api/4.3.1/avalon-framework-api-4.3.1.jar
7fd924007000-7fd924013000 r--s 00092000 08:11 5646760                    /home/kun/.m2/repository/org/apache/xmlgraphics/xmlgraphics-commons/2.1/xmlgraphics-commons-2.1.jar
7fd924013000-7fd924025000 r--s 0011e000 08:11 5520623                    /home/kun/.m2/repository/com/fasterxml/jackson/core/jackson-databind/2.8.10/jackson-databind-2.8.10.jar
7fd924025000-7fd924029000 r--s 00042000 08:11 5520621                    /home/kun/.m2/repository/com/fasterxml/jackson/core/jackson-core/2.8.10/jackson-core-2.8.10.jar
7fd924029000-7fd924031000 r--s 00048000 08:11 5646742                    /home/kun/.m2/repository/org/apache/httpcomponents/httpcore/4.4.6/httpcore-4.4.6.jar
7fd924031000-7fd92403e000 r--s 000aa000 08:11 5646756                    /home/kun/.m2/repository/org/apache/httpcomponents/httpclient/4.5.3/httpclient-4.5.3.jar
7fd92403e000-7fd928000000 rw-p 00000000 00:00 0 
7fd928000000-7fd928021000 rw-p 00000000 00:00 0 
7fd928021000-7fd92c000000 ---p 00000000 00:00 0 
7fd92c000000-7fd92c004000 r--s 0002f000 08:11 5646739                    /home/kun/.m2/repository/commons-io/commons-io/2.5/commons-io-2.5.jar
7fd92c004000-7fd92c00b000 r--s 0003f000 08:11 5646754                    /home/kun/.m2/repository/commons-codec/commons-codec/1.10/commons-codec-1.10.jar
7fd92c00b000-7fd92c014000 r--s 0006f000 08:11 5646752                    /home/kun/.m2/repository/log4j/log4j/1.2.17/log4j-1.2.17.jar
7fd92c014000-7fd92c016000 r--s 00003000 08:11 5646714                    /home/kun/.m2/repository/org/slf4j/jcl-over-slf4j/1.7.25/jcl-over-slf4j-1.7.25.jar
7fd92c016000-7fd92c018000 r--s 00009000 08:11 5245737                    /home/kun/.m2/repository/org/slf4j/slf4j-api/1.7.25/slf4j-api-1.7.25.jar
7fd92c018000-7fd92c01c000 r--s 00014000 08:11 5646748                    /home/kun/.m2/repository/net/engio/mbassador/1.2.4.2/mbassador-1.2.4.2.jar
7fd92c01c000-7fd92c021000 r--s 00040000 08:11 5646746                    /home/kun/.m2/repository/org/plutext/jaxb-svg11/1.0.2/jaxb-svg11-1.0.2.jar
7fd92c021000-7fd92c029000 r--s 00045000 08:11 5646708                    /home/kun/.m2/repository/junit/junit/4.12/junit-4.12.jar
7fd92c029000-7fd92c02e000 r--s 00034000 08:11 10079                      /home/kun/.m2/repository/com/google/code/gson/gson/2.8.1/gson-2.8.1.jar
7fd92c02e000-7fd92c049000 r--s 001d6000 08:11 1577152                    /usr/lib/jvm/java-8-openjdk-amd64/jre/lib/ext/nashorn.jar
7fd92c049000-7fd92c04c000 r--s 0000f000 08:11 1577154                    /usr/lib/jvm/java-8-openjdk-amd64/jre/lib/ext/icedtea-sound.jar
7fd92c04c000-7fd92c051000 r--s 0003b000 08:11 1577159                    /usr/lib/jvm/java-8-openjdk-amd64/jre/lib/ext/sunjce_provider.jar
7fd92c051000-7fd92c05b000 r--s 00116000 08:11 1577158                    /usr/lib/jvm/java-8-openjdk-amd64/jre/lib/ext/localedata.jar
7fd92c05b000-7fd92c1e0000 rw-p 00000000 00:00 0 
7fd92c1e0000-7fd92c3ae000 r--s 03c06000 08:11 1577166                    /usr/lib/jvm/java-8-openjdk-amd64/jre/lib/rt.jar
7fd92c3ae000-7fd92d000000 rw-p 00000000 00:00 0 
7fd92d000000-7fd92d8b0000 rwxp 00000000 00:00 0 
7fd92d8b0000-7fd93c000000 ---p 00000000 00:00 0 
7fd93c000000-7fd93cf83000 rw-p 00000000 00:00 0 
7fd93cf83000-7fd940000000 ---p 00000000 00:00 0 
7fd940000000-7fd940002000 r--s 00001000 08:11 1577153                    /usr/lib/jvm/java-8-openjdk-amd64/jre/lib/ext/dnsns.jar
7fd940002000-7fd940004000 r--s 00008000 08:11 1577151                    /usr/lib/jvm/java-8-openjdk-amd64/jre/lib/ext/sunec.jar
7fd940004000-7fd940051000 rw-p 00000000 00:00 0 
7fd940051000-7fd940052000 ---p 00000000 00:00 0 
7fd940052000-7fd940152000 rw-p 00000000 00:00 0 
7fd940152000-7fd940153000 ---p 00000000 00:00 0 
7fd940153000-7fd940253000 rw-p 00000000 00:00 0 
7fd940253000-7fd940254000 ---p 00000000 00:00 0 
7fd940254000-7fd940354000 rw-p 00000000 00:00 0 
7fd940354000-7fd940355000 ---p 00000000 00:00 0 
7fd940355000-7fd940473000 rw-p 00000000 00:00 0 
7fd940473000-7fd9406e8000 ---p 00000000 00:00 0 
7fd9406e8000-7fd940706000 rw-p 00000000 00:00 0 
7fd940706000-7fd94097a000 ---p 00000000 00:00 0 
7fd94097a000-7fd940a06000 rw-p 00000000 00:00 0 
7fd940a06000-7fd940ac4000 ---p 00000000 00:00 0 
7fd940ac4000-7fd940ae8000 rw-p 00000000 00:00 0 
7fd940ae8000-7fd940e85000 ---p 00000000 00:00 0 
7fd940e85000-7fd940e8d000 r-xp 00000000 08:11 1576904                    /usr/lib/jvm/java-8-openjdk-amd64/jre/lib/amd64/libzip.so
7fd940e8d000-7fd94108c000 ---p 00008000 08:11 1576904                    /usr/lib/jvm/java-8-openjdk-amd64/jre/lib/amd64/libzip.so
7fd94108c000-7fd94108d000 r--p 00007000 08:11 1576904                    /usr/lib/jvm/java-8-openjdk-amd64/jre/lib/amd64/libzip.so
7fd94108d000-7fd94108e000 rw-p 00008000 08:11 1576904                    /usr/lib/jvm/java-8-openjdk-amd64/jre/lib/amd64/libzip.so
7fd94108e000-7fd941099000 r-xp 00000000 08:11 2764608                    /lib/x86_64-linux-gnu/libnss_files-2.23.so
7fd941099000-7fd941298000 ---p 0000b000 08:11 2764608                    /lib/x86_64-linux-gnu/libnss_files-2.23.so
7fd941298000-7fd941299000 r--p 0000a000 08:11 2764608                    /lib/x86_64-linux-gnu/libnss_files-2.23.so
7fd941299000-7fd94129a000 rw-p 0000b000 08:11 2764608                    /lib/x86_64-linux-gnu/libnss_files-2.23.so
7fd94129a000-7fd9412a0000 rw-p 00000000 00:00 0 
7fd9412a0000-7fd9412ab000 r-xp 00000000 08:11 2764601                    /lib/x86_64-linux-gnu/libnss_nis-2.23.so
7fd9412ab000-7fd9414aa000 ---p 0000b000 08:11 2764601                    /lib/x86_64-linux-gnu/libnss_nis-2.23.so
7fd9414aa000-7fd9414ab000 r--p 0000a000 08:11 2764601                    /lib/x86_64-linux-gnu/libnss_nis-2.23.so
7fd9414ab000-7fd9414ac000 rw-p 0000b000 08:11 2764601                    /lib/x86_64-linux-gnu/libnss_nis-2.23.so
7fd9414ac000-7fd9414c2000 r-xp 00000000 08:11 2764603                    /lib/x86_64-linux-gnu/libnsl-2.23.so
7fd9414c2000-7fd9416c1000 ---p 00016000 08:11 2764603                    /lib/x86_64-linux-gnu/libnsl-2.23.so
7fd9416c1000-7fd9416c2000 r--p 00015000 08:11 2764603                    /lib/x86_64-linux-gnu/libnsl-2.23.so
7fd9416c2000-7fd9416c3000 rw-p 00016000 08:11 2764603                    /lib/x86_64-linux-gnu/libnsl-2.23.so
7fd9416c3000-7fd9416c5000 rw-p 00000000 00:00 0 
7fd9416c5000-7fd9416cd000 r-xp 00000000 08:11 2764610                    /lib/x86_64-linux-gnu/libnss_compat-2.23.so
7fd9416cd000-7fd9418cc000 ---p 00008000 08:11 2764610                    /lib/x86_64-linux-gnu/libnss_compat-2.23.so
7fd9418cc000-7fd9418cd000 r--p 00007000 08:11 2764610                    /lib/x86_64-linux-gnu/libnss_compat-2.23.so
7fd9418cd000-7fd9418ce000 rw-p 00008000 08:11 2764610                    /lib/x86_64-linux-gnu/libnss_compat-2.23.so
7fd9418ce000-7fd9418fb000 r-xp 00000000 08:11 1576980                    /usr/lib/jvm/java-8-openjdk-amd64/jre/lib/amd64/libjava.so
7fd9418fb000-7fd941afa000 ---p 0002d000 08:11 1576980                    /usr/lib/jvm/java-8-openjdk-amd64/jre/lib/amd64/libjava.so
7fd941afa000-7fd941afb000 r--p 0002c000 08:11 1576980                    /usr/lib/jvm/java-8-openjdk-amd64/jre/lib/amd64/libjava.so
7fd941afb000-7fd941afd000 rw-p 0002d000 08:11 1576980                    /usr/lib/jvm/java-8-openjdk-amd64/jre/lib/amd64/libjava.so
7fd941afd000-7fd941b0c000 r-xp 00000000 08:11 1576897                    /usr/lib/jvm/java-8-openjdk-amd64/jre/lib/amd64/libverify.so
7fd941b0c000-7fd941d0b000 ---p 0000f000 08:11 1576897                    /usr/lib/jvm/java-8-openjdk-amd64/jre/lib/amd64/libverify.so
7fd941d0b000-7fd941d0d000 r--p 0000e000 08:11 1576897                    /usr/lib/jvm/java-8-openjdk-amd64/jre/lib/amd64/libverify.so
7fd941d0d000-7fd941d0e000 rw-p 00010000 08:11 1576897                    /usr/lib/jvm/java-8-openjdk-amd64/jre/lib/amd64/libverify.so
7fd941d0e000-7fd941d15000 r-xp 00000000 08:11 2764611                    /lib/x86_64-linux-gnu/librt-2.23.so
7fd941d15000-7fd941f14000 ---p 00007000 08:11 2764611                    /lib/x86_64-linux-gnu/librt-2.23.so
7fd941f14000-7fd941f15000 r--p 00006000 08:11 2764611                    /lib/x86_64-linux-gnu/librt-2.23.so
7fd941f15000-7fd941f16000 rw-p 00007000 08:11 2764611                    /lib/x86_64-linux-gnu/librt-2.23.so
7fd941f16000-7fd941f2c000 r-xp 00000000 08:11 2757253                    /lib/x86_64-linux-gnu/libgcc_s.so.1
7fd941f2c000-7fd94212b000 ---p 00016000 08:11 2757253                    /lib/x86_64-linux-gnu/libgcc_s.so.1
7fd94212b000-7fd94212c000 rw-p 00015000 08:11 2757253                    /lib/x86_64-linux-gnu/libgcc_s.so.1
7fd94212c000-7fd942234000 r-xp 00000000 08:11 2764602                    /lib/x86_64-linux-gnu/libm-2.23.so
7fd942234000-7fd942433000 ---p 00108000 08:11 2764602                    /lib/x86_64-linux-gnu/libm-2.23.so
7fd942433000-7fd942434000 r--p 00107000 08:11 2764602                    /lib/x86_64-linux-gnu/libm-2.23.so
7fd942434000-7fd942435000 rw-p 00108000 08:11 2764602                    /lib/x86_64-linux-gnu/libm-2.23.so
7fd942435000-7fd9425a7000 r-xp 00000000 08:11 1446714                    /usr/lib/x86_64-linux-gnu/libstdc++.so.6.0.21
7fd9425a7000-7fd9427a7000 ---p 00172000 08:11 1446714                    /usr/lib/x86_64-linux-gnu/libstdc++.so.6.0.21
7fd9427a7000-7fd9427b1000 r--p 00172000 08:11 1446714                    /usr/lib/x86_64-linux-gnu/libstdc++.so.6.0.21
7fd9427b1000-7fd9427b3000 rw-p 0017c000 08:11 1446714                    /usr/lib/x86_64-linux-gnu/libstdc++.so.6.0.21
7fd9427b3000-7fd9427b7000 rw-p 00000000 00:00 0 
7fd9427b7000-7fd943407000 r-xp 00000000 08:11 1576942                    /usr/lib/jvm/java-8-openjdk-amd64/jre/lib/amd64/server/libjvm.so
7fd943407000-7fd943606000 ---p 00c50000 08:11 1576942                    /usr/lib/jvm/java-8-openjdk-amd64/jre/lib/amd64/server/libjvm.so
7fd943606000-7fd943699000 r--p 00c4f000 08:11 1576942                    /usr/lib/jvm/java-8-openjdk-amd64/jre/lib/amd64/server/libjvm.so
7fd943699000-7fd9436c2000 rw-p 00ce2000 08:11 1576942                    /usr/lib/jvm/java-8-openjdk-amd64/jre/lib/amd64/server/libjvm.so
7fd9436c2000-7fd9436f2000 rw-p 00000000 00:00 0 
7fd9436f2000-7fd94370a000 r-xp 00000000 08:11 2764615                    /lib/x86_64-linux-gnu/libpthread-2.23.so
7fd94370a000-7fd943909000 ---p 00018000 08:11 2764615                    /lib/x86_64-linux-gnu/libpthread-2.23.so
7fd943909000-7fd94390a000 r--p 00017000 08:11 2764615                    /lib/x86_64-linux-gnu/libpthread-2.23.so
7fd94390a000-7fd94390b000 rw-p 00018000 08:11 2764615                    /lib/x86_64-linux-gnu/libpthread-2.23.so
7fd94390b000-7fd94390f000 rw-p 00000000 00:00 0 
7fd94390f000-7fd943912000 r-xp 00000000 08:11 2764600                    /lib/x86_64-linux-gnu/libdl-2.23.so
7fd943912000-7fd943b11000 ---p 00003000 08:11 2764600                    /lib/x86_64-linux-gnu/libdl-2.23.so
7fd943b11000-7fd943b12000 r--p 00002000 08:11 2764600                    /lib/x86_64-linux-gnu/libdl-2.23.so
7fd943b12000-7fd943b13000 rw-p 00003000 08:11 2764600                    /lib/x86_64-linux-gnu/libdl-2.23.so
7fd943b13000-7fd943b2c000 r-xp 00000000 08:11 2757406                    /lib/x86_64-linux-gnu/libz.so.1.2.8
7fd943b2c000-7fd943d2b000 ---p 00019000 08:11 2757406                    /lib/x86_64-linux-gnu/libz.so.1.2.8
7fd943d2b000-7fd943d2c000 r--p 00018000 08:11 2757406                    /lib/x86_64-linux-gnu/libz.so.1.2.8
7fd943d2c000-7fd943d2d000 rw-p 00019000 08:11 2757406                    /lib/x86_64-linux-gnu/libz.so.1.2.8
7fd943d2d000-7fd943eec000 r-xp 00000000 08:11 2764604                    /lib/x86_64-linux-gnu/libc-2.23.so
7fd943eec000-7fd9440ec000 ---p 001bf000 08:11 2764604                    /lib/x86_64-linux-gnu/libc-2.23.so
7fd9440ec000-7fd9440f0000 r--p 001bf000 08:11 2764604                    /lib/x86_64-linux-gnu/libc-2.23.so
7fd9440f0000-7fd9440f2000 rw-p 001c3000 08:11 2764604                    /lib/x86_64-linux-gnu/libc-2.23.so
7fd9440f2000-7fd9440f6000 rw-p 00000000 00:00 0 
7fd9440f6000-7fd944103000 r-xp 00000000 08:11 1576936                    /usr/lib/jvm/java-8-openjdk-amd64/jre/lib/amd64/jli/libjli.so
7fd944103000-7fd944303000 ---p 0000d000 08:11 1576936                    /usr/lib/jvm/java-8-openjdk-amd64/jre/lib/amd64/jli/libjli.so
7fd944303000-7fd944304000 r--p 0000d000 08:11 1576936                    /usr/lib/jvm/java-8-openjdk-amd64/jre/lib/amd64/jli/libjli.so
7fd944304000-7fd944305000 rw-p 0000e000 08:11 1576936                    /usr/lib/jvm/java-8-openjdk-amd64/jre/lib/amd64/jli/libjli.so
7fd944305000-7fd94432b000 r-xp 00000000 08:11 2764605                    /lib/x86_64-linux-gnu/ld-2.23.so
7fd94432b000-7fd94432c000 r--s 00005000 08:11 5646706                    /home/kun/.m2/repository/com/googlecode/json-simple/json-simple/1.1.1/json-simple-1.1.1.jar
7fd94432c000-7fd94432d000 r--s 0000a000 08:11 1577160                    /usr/lib/jvm/java-8-openjdk-amd64/jre/lib/ext/jaccess.jar
7fd94432d000-7fd944331000 r--s 00037000 08:11 1577157                    /usr/lib/jvm/java-8-openjdk-amd64/jre/lib/ext/sunpkcs11.jar
7fd944331000-7fd9443fc000 rw-p 00000000 00:00 0 
7fd9443fc000-7fd9443ff000 ---p 00000000 00:00 0 
7fd9443ff000-7fd944502000 rw-p 00000000 00:00 0 
7fd944502000-7fd944503000 r--s 00010000 08:11 1577156                    /usr/lib/jvm/java-8-openjdk-amd64/jre/lib/ext/zipfs.jar
7fd944503000-7fd94451e000 r--s 00394000 08:11 1577155                    /usr/lib/jvm/java-8-openjdk-amd64/jre/lib/ext/cldrdata.jar
7fd94451e000-7fd944526000 rw-s 00000000 08:11 3029563                    /tmp/hsperfdata_kun/17261
7fd944526000-7fd944527000 rw-p 00000000 00:00 0 
7fd944527000-7fd944528000 ---p 00000000 00:00 0 
7fd944528000-7fd94452a000 rw-p 00000000 00:00 0 
7fd94452a000-7fd94452b000 r--p 00025000 08:11 2764605                    /lib/x86_64-linux-gnu/ld-2.23.so
7fd94452b000-7fd94452c000 rw-p 00026000 08:11 2764605                    /lib/x86_64-linux-gnu/ld-2.23.so
7fd94452c000-7fd94452d000 rw-p 00000000 00:00 0 
7ffdb9c5c000-7ffdb9c82000 rw-p 00000000 00:00 0                          [stack]
7ffdb9cd7000-7ffdb9cd9000 r--p 00000000 00:00 0                          [vvar]
7ffdb9cd9000-7ffdb9cdb000 r-xp 00000000 00:00 0                          [vdso]
ffffffffff600000-ffffffffff601000 r-xp 00000000 00:00 0                  [vsyscall]

VM Arguments:
java_command: vn.greenglobal.Application
java_class_path (initial): /home/kun/plugins-sdk/portlets/tttp-api/target/classes:/home/kun/.m2/repository/com/google/code/gson/gson/2.8.1/gson-2.8.1.jar:/home/kun/.m2/repository/com/googlecode/json-simple/json-simple/1.1.1/json-simple-1.1.1.jar:/home/kun/.m2/repository/junit/junit/4.12/junit-4.12.jar:/home/kun/.m2/repository/org/docx4j/docx4j/3.3.5/docx4j-3.3.5.jar:/home/kun/.m2/repository/org/plutext/jaxb-svg11/1.0.2/jaxb-svg11-1.0.2.jar:/home/kun/.m2/repository/net/engio/mbassador/1.2.4.2/mbassador-1.2.4.2.jar:/home/kun/.m2/repository/org/slf4j/slf4j-api/1.7.25/slf4j-api-1.7.25.jar:/home/kun/.m2/repository/org/slf4j/jcl-over-slf4j/1.7.25/jcl-over-slf4j-1.7.25.jar:/home/kun/.m2/repository/log4j/log4j/1.2.17/log4j-1.2.17.jar:/home/kun/.m2/repository/commons-codec/commons-codec/1.10/commons-codec-1.10.jar:/home/kun/.m2/repository/commons-io/commons-io/2.5/commons-io-2.5.jar:/home/kun/.m2/repository/org/apache/httpcomponents/httpclient/4.5.3/httpclient-4.5.3.jar:/home/kun/.m2/repository/org/apache/httpcomponents/httpcore/4.4.6/httpcore-4.4.6.jar:/home/kun/.m2/repository/com/fasterxml/jackson/core/jackson-core/2.8.10/jackson-core-2.8.10.jar:/home/kun/.m2/repository/com/fasterxml/jackson/core/jackson-databind/2.8.10/jackson-databind-2.8.10.jar:/home/kun/.m2/repository/org/apache/xmlgraphics/xmlgraphics-commons/2.1/xmlgraphics-commons-2.1.jar:/home/kun/.m2/repository/org/apache/avalon/framework/avalon-framework-api/4.3.1/avalon-framework-api-4.3.1.jar:/home/kun/.m2/repository/org/apache/avalon/framework/avalon-framework-impl/4.3.1/avalon-framework-impl-4.3.1.jar:/home/kun/.m2/repository/xalan/xalan/2.7.2/xalan-2.7.2.jar:/home/kun/.m2/repository/xalan/serializer/2.7.2/serializer-2.7.2.jar:/home/kun/.m2/repository/net/arnx/wmf2svg/0.9.8/wmf2svg-0.9.8.jar:/home/kun/.m2/repository/org/antlr/antlr-runtime/3.5.2/antlr-runtime-3.5.2.jar:/home/kun/.m2/repository/org/antlr/stringtemplate/3.2.1/stringtemplate-3.2.1.jar:/home/kun/.m2/repository/antlr/antlr/2.7.7/antlr-2.7.7.jar:
Launcher Type: SUN_STANDARD

Environment Variables:
JAVA_HOME=/usr/lib/jvm/java-8-openjdk-amd64
PATH=/usr/local/sbin:/usr/local/bin:/usr/sbin:/usr/bin:/sbin:/bin:/usr/games:/usr/local/games
USERNAME=kun
SHELL=/bin/bash
DISPLAY=:0

Signal Handlers:
SIGSEGV: [libjvm.so+0xa66fd0], sa_mask[0]=11111111011111111101111111111110, sa_flags=SA_RESTART|SA_SIGINFO
SIGBUS: [libjvm.so+0xa66fd0], sa_mask[0]=11111111011111111101111111111110, sa_flags=SA_RESTART|SA_SIGINFO
SIGFPE: [libjvm.so+0x8b0180], sa_mask[0]=11111111011111111101111111111110, sa_flags=SA_RESTART|SA_SIGINFO
SIGPIPE: [libjvm.so+0x8b0180], sa_mask[0]=11111111011111111101111111111110, sa_flags=SA_RESTART|SA_SIGINFO
SIGXFSZ: [libjvm.so+0x8b0180], sa_mask[0]=11111111011111111101111111111110, sa_flags=SA_RESTART|SA_SIGINFO
SIGILL: [libjvm.so+0x8b0180], sa_mask[0]=11111111011111111101111111111110, sa_flags=SA_RESTART|SA_SIGINFO
SIGUSR1: SIG_DFL, sa_mask[0]=00000000000000000000000000000000, sa_flags=none
SIGUSR2: [libjvm.so+0x8b0030], sa_mask[0]=00100000000000000000000000000000, sa_flags=SA_RESTART|SA_SIGINFO
SIGHUP: [libjvm.so+0x8b0500], sa_mask[0]=11111111011111111101111111111110, sa_flags=SA_RESTART|SA_SIGINFO
SIGINT: [libjvm.so+0x8b0500], sa_mask[0]=11111111011111111101111111111110, sa_flags=SA_RESTART|SA_SIGINFO
SIGTERM: [libjvm.so+0x8b0500], sa_mask[0]=11111111011111111101111111111110, sa_flags=SA_RESTART|SA_SIGINFO
SIGQUIT: [libjvm.so+0x8b0500], sa_mask[0]=11111111011111111101111111111110, sa_flags=SA_RESTART|SA_SIGINFO


---------------  S Y S T E M  ---------------

OS:DISTRIB_ID=LinuxMint
DISTRIB_RELEASE=18
DISTRIB_CODENAME=sarah
DISTRIB_DESCRIPTION="Linux Mint 18 Sarah"

uname:Linux 4.4.0-72-generic #93-Ubuntu SMP Fri Mar 31 14:07:41 UTC 2017 x86_64
libc:glibc 2.23 NPTL 2.23 
rlimit: STACK 8192k, CORE 0k, NPROC 31442, NOFILE 65536, AS infinity
load average:8,39 2,92 1,17

/proc/meminfo:
MemTotal:        8092064 kB
MemFree:          144160 kB
MemAvailable:      49388 kB
Buffers:             288 kB
Cached:           362928 kB
SwapCached:        17808 kB
Active:          6383276 kB
Inactive:        1228904 kB
Active(anon):    6371716 kB
Inactive(anon):  1207748 kB
Active(file):      11560 kB
Inactive(file):    21156 kB
Unevictable:        1040 kB
Mlocked:            1040 kB
SwapTotal:       8303612 kB
SwapFree:             20 kB
Dirty:              2744 kB
Writeback:             0 kB
AnonPages:       7235296 kB
Mapped:           211412 kB
Shmem:            329924 kB
Slab:             106608 kB
SReclaimable:      47688 kB
SUnreclaim:        58920 kB
KernelStack:       18992 kB
PageTables:       115016 kB
NFS_Unstable:          0 kB
Bounce:                0 kB
WritebackTmp:          0 kB
CommitLimit:    12349644 kB
Committed_AS:   24670076 kB
VmallocTotal:   34359738367 kB
VmallocUsed:           0 kB
VmallocChunk:          0 kB
HardwareCorrupted:     0 kB
AnonHugePages:   1021952 kB
CmaTotal:              0 kB
CmaFree:               0 kB
HugePages_Total:       0
HugePages_Free:        0
HugePages_Rsvd:        0
HugePages_Surp:        0
Hugepagesize:       2048 kB
DirectMap4k:      388020 kB
DirectMap2M:     6868992 kB
DirectMap1G:     2097152 kB


CPU:total 4 (2 cores per cpu, 2 threads per core) family 6 model 60 stepping 3, cmov, cx8, fxsr, mmx, sse, sse2, sse3, ssse3, sse4.1, sse4.2, popcnt, avx, avx2, aes, clmul, erms, lzcnt, ht, tsc, tscinvbit, bmi1, bmi2

/proc/cpuinfo:
processor	: 0
vendor_id	: GenuineIntel
cpu family	: 6
model		: 60
model name	: Intel(R) Core(TM) i3-4160 CPU @ 3.60GHz
stepping	: 3
microcode	: 0x1c
cpu MHz		: 3600.000
cache size	: 3072 KB
physical id	: 0
siblings	: 4
core id		: 0
cpu cores	: 2
apicid		: 0
initial apicid	: 0
fpu		: yes
fpu_exception	: yes
cpuid level	: 13
wp		: yes
flags		: fpu vme de pse tsc msr pae mce cx8 apic sep mtrr pge mca cmov pat pse36 clflush dts acpi mmx fxsr sse sse2 ss ht tm pbe syscall nx pdpe1gb rdtscp lm constant_tsc arch_perfmon pebs bts rep_good nopl xtopology nonstop_tsc aperfmperf eagerfpu pni pclmulqdq dtes64 monitor ds_cpl vmx est tm2 ssse3 sdbg fma cx16 xtpr pdcm pcid sse4_1 sse4_2 movbe popcnt tsc_deadline_timer aes xsave avx f16c rdrand lahf_lm abm epb tpr_shadow vnmi flexpriority ept vpid fsgsbase tsc_adjust bmi1 avx2 smep bmi2 erms invpcid xsaveopt dtherm arat pln pts
bugs		:
bogomips	: 7183.28
clflush size	: 64
cache_alignment	: 64
address sizes	: 39 bits physical, 48 bits virtual
power management:

processor	: 1
vendor_id	: GenuineIntel
cpu family	: 6
model		: 60
model name	: Intel(R) Core(TM) i3-4160 CPU @ 3.60GHz
stepping	: 3
microcode	: 0x1c
cpu MHz		: 3599.578
cache size	: 3072 KB
physical id	: 0
siblings	: 4
core id		: 1
cpu cores	: 2
apicid		: 2
initial apicid	: 2
fpu		: yes
fpu_exception	: yes
cpuid level	: 13
wp		: yes
flags		: fpu vme de pse tsc msr pae mce cx8 apic sep mtrr pge mca cmov pat pse36 clflush dts acpi mmx fxsr sse sse2 ss ht tm pbe syscall nx pdpe1gb rdtscp lm constant_tsc arch_perfmon pebs bts rep_good nopl xtopology nonstop_tsc aperfmperf eagerfpu pni pclmulqdq dtes64 monitor ds_cpl vmx est tm2 ssse3 sdbg fma cx16 xtpr pdcm pcid sse4_1 sse4_2 movbe popcnt tsc_deadline_timer aes xsave avx f16c rdrand lahf_lm abm epb tpr_shadow vnmi flexpriority ept vpid fsgsbase tsc_adjust bmi1 avx2 smep bmi2 erms invpcid xsaveopt dtherm arat pln pts
bugs		:
bogomips	: 7183.28
clflush size	: 64
cache_alignment	: 64
address sizes	: 39 bits physical, 48 bits virtual
power management:

processor	: 2
vendor_id	: GenuineIntel
cpu family	: 6
model		: 60
model name	: Intel(R) Core(TM) i3-4160 CPU @ 3.60GHz
stepping	: 3
microcode	: 0x1c
cpu MHz		: 3600.000
cache size	: 3072 KB
physical id	: 0
siblings	: 4
core id		: 0
cpu cores	: 2
apicid		: 1
initial apicid	: 1
fpu		: yes
fpu_exception	: yes
cpuid level	: 13
wp		: yes
flags		: fpu vme de pse tsc msr pae mce cx8 apic sep mtrr pge mca cmov pat pse36 clflush dts acpi mmx fxsr sse sse2 ss ht tm pbe syscall nx pdpe1gb rdtscp lm constant_tsc arch_perfmon pebs bts rep_good nopl xtopology nonstop_tsc aperfmperf eagerfpu pni pclmulqdq dtes64 monitor ds_cpl vmx est tm2 ssse3 sdbg fma cx16 xtpr pdcm pcid sse4_1 sse4_2 movbe popcnt tsc_deadline_timer aes xsave avx f16c rdrand lahf_lm abm epb tpr_shadow vnmi flexpriority ept vpid fsgsbase tsc_adjust bmi1 avx2 smep bmi2 erms invpcid xsaveopt dtherm arat pln pts
bugs		:
bogomips	: 7183.28
clflush size	: 64
cache_alignment	: 64
address sizes	: 39 bits physical, 48 bits virtual
power management:

processor	: 3
vendor_id	: GenuineIntel
cpu family	: 6
model		: 60
model name	: Intel(R) Core(TM) i3-4160 CPU @ 3.60GHz
stepping	: 3
microcode	: 0x1c
cpu MHz		: 3599.859
cache size	: 3072 KB
physical id	: 0
siblings	: 4
core id		: 1
cpu cores	: 2
apicid		: 3
initial apicid	: 3
fpu		: yes
fpu_exception	: yes
cpuid level	: 13
wp		: yes
flags		: fpu vme de pse tsc msr pae mce cx8 apic sep mtrr pge mca cmov pat pse36 clflush dts acpi mmx fxsr sse sse2 ss ht tm pbe syscall nx pdpe1gb rdtscp lm constant_tsc arch_perfmon pebs bts rep_good nopl xtopology nonstop_tsc aperfmperf eagerfpu pni pclmulqdq dtes64 monitor ds_cpl vmx est tm2 ssse3 sdbg fma cx16 xtpr pdcm pcid sse4_1 sse4_2 movbe popcnt tsc_deadline_timer aes xsave avx f16c rdrand lahf_lm abm epb tpr_shadow vnmi flexpriority ept vpid fsgsbase tsc_adjust bmi1 avx2 smep bmi2 erms invpcid xsaveopt dtherm arat pln pts
bugs		:
bogomips	: 7183.28
clflush size	: 64
cache_alignment	: 64
address sizes	: 39 bits physical, 48 bits virtual
power management:



Memory: 4k page, physical 8092064k(144160k free), swap 8303612k(20k free)

vm_info: OpenJDK 64-Bit Server VM (25.121-b13) for linux-amd64 JRE (1.8.0_121-8u121-b13-0ubuntu1.16.04.2-b13), built on Jan 23 2017 15:51:29 by "buildd" with gcc 5.4.0 20160609

time: Wed Sep 27 08:22:03 2017
elapsed time: 14 seconds (0d 0h 0m 14s)

