#
# There is insufficient memory for the Java Runtime Environment to continue.
# Native memory allocation (malloc) failed to allocate 1073856 bytes for Chunk::new
# Possible reasons:
#   The system is out of physical RAM or swap space
#   In 32 bit mode, the process size limit was hit
# Possible solutions:
#   Reduce memory load on the system
#   Increase physical memory or swap space
#   Check if swap backing store is full
#   Use 64 bit Java on a 64 bit OS
#   Decrease Java heap size (-Xmx/-Xms)
#   Decrease number of Java threads
#   Decrease Java thread stack sizes (-Xss)
#   Set larger code cache with -XX:ReservedCodeCacheSize=
# This output file may be truncated or incomplete.
#
#  Out of Memory Error (allocation.cpp:390), pid=14380, tid=0x0000000000002038
#
# JRE version: Java(TM) SE Runtime Environment (8.0_101-b13) (build 1.8.0_101-b13)
# Java VM: Java HotSpot(TM) 64-Bit Server VM (25.101-b13 mixed mode windows-amd64 compressed oops)
# Failed to write core dump. Minidumps are not enabled by default on client versions of Windows
#

---------------  T H R E A D  ---------------

Current thread (0x000000001954f800):  JavaThread "C2 CompilerThread1" daemon [_thread_in_native, id=8248, stack(0x000000001ada0000,0x000000001aea0000)]

Stack: [0x000000001ada0000,0x000000001aea0000]
[error occurred during error reporting (printing stack bounds), id 0xc0000005]

Native frames: (J=compiled Java code, j=interpreted, Vv=VM code, C=native code)


Current CompileTask:
C2: 236424 12760       4       java.io.ObjectOutputStream::writeClassDesc (60 bytes)


---------------  P R O C E S S  ---------------

Java Threads: ( => current thread )
  0x000000001fdc6800 JavaThread "DestroyJavaVM" [_thread_blocked, id=7688, stack(0x0000000004700000,0x0000000004800000)]
  0x000000001fdc3800 JavaThread "http-nio-8088-AsyncTimeout" daemon [_thread_blocked, id=7996, stack(0x000000002db90000,0x000000002dc90000)]
  0x000000001fdbc000 JavaThread "http-nio-8088-Acceptor-0" daemon [_thread_in_native, id=9060, stack(0x000000002da90000,0x000000002db90000)]
  0x000000001fdc3000 JavaThread "http-nio-8088-ClientPoller-1" daemon [_thread_in_native, id=11564, stack(0x000000002d990000,0x000000002da90000)]
  0x000000001fdbb800 JavaThread "http-nio-8088-ClientPoller-0" daemon [_thread_in_native, id=15432, stack(0x000000002d890000,0x000000002d990000)]
  0x000000001fdc2000 JavaThread "http-nio-8088-exec-10" daemon [_thread_blocked, id=10980, stack(0x000000002d790000,0x000000002d890000)]
  0x000000001fdba800 JavaThread "http-nio-8088-exec-9" daemon [_thread_blocked, id=5008, stack(0x000000002d690000,0x000000002d790000)]
  0x000000001fdc1800 JavaThread "http-nio-8088-exec-8" daemon [_thread_in_Java, id=3196, stack(0x000000002d590000,0x000000002d690000)]
  0x000000001fdbf000 JavaThread "http-nio-8088-exec-7" daemon [_thread_in_native, id=9156, stack(0x000000002d490000,0x000000002d590000)]
  0x000000001fdc0000 JavaThread "http-nio-8088-exec-6" daemon [_thread_blocked, id=1832, stack(0x000000002d390000,0x000000002d490000)]
  0x000000001fdbe800 JavaThread "http-nio-8088-exec-5" daemon [_thread_blocked, id=11772, stack(0x000000002d290000,0x000000002d390000)]
  0x000000001fdbd800 JavaThread "http-nio-8088-exec-4" daemon [_thread_blocked, id=9896, stack(0x000000002d190000,0x000000002d290000)]
  0x000000001fdba000 JavaThread "http-nio-8088-exec-3" daemon [_thread_blocked, id=13692, stack(0x000000002d090000,0x000000002d190000)]
  0x000000001fdbd000 JavaThread "http-nio-8088-exec-2" daemon [_thread_in_vm, id=15068, stack(0x000000002cf90000,0x000000002d090000)]
  0x000000001fdc0800 JavaThread "http-nio-8088-exec-1" daemon [_thread_blocked, id=8940, stack(0x000000002ce90000,0x000000002cf90000)]
  0x0000000021ac9800 JavaThread "NioBlockingSelector.BlockPoller-1" daemon [_thread_in_native, id=2408, stack(0x000000002cd90000,0x000000002ce90000)]
  0x0000000021ac8800 JavaThread "Live Reload Server" daemon [_thread_in_native, id=13996, stack(0x000000002cc90000,0x000000002cd90000)]
  0x0000000021abb000 JavaThread "File Watcher" daemon [_thread_blocked, id=5408, stack(0x000000002b6e0000,0x000000002b7e0000)]
  0x0000000021ac5800 JavaThread "container-0" [_thread_blocked, id=4532, stack(0x000000002b1e0000,0x000000002b2e0000)]
  0x0000000021ac3800 JavaThread "ContainerBackgroundProcessor[StandardEngine[Tomcat]]" daemon [_thread_blocked, id=9048, stack(0x000000002b0e0000,0x000000002b1e0000)]
  0x0000000021ac2000 JavaThread "vn%002egreenglobal%002etttp%002emodel%002e%0053o%0054iep%0043ong%0044an%002etai%004cieu%0042ang%0043hungs.data" [_thread_blocked, id=4840, stack(0x000000002a4f0000,0x000000002a5f0000)]
  0x0000000021abe000 JavaThread "vn%002egreenglobal%002etttp%002emodel%002e%0043uoc%0054hanh%0054ra%002edoi%0054uong%0054hanh%0054ras.data" [_thread_blocked, id=16096, stack(0x000000002a3f0000,0x000000002a4f0000)]
  0x0000000021aba000 JavaThread "vn%002egreenglobal%002etttp%002emodel%002e%0044on%002etep%0044inh%004bems.data" [_thread_blocked, id=11980, stack(0x000000002a2f0000,0x000000002a3f0000)]
  0x0000000021ac0000 JavaThread "vn%002egreenglobal%002etttp%002emodel%002e%004eguoi%0044ung%002evai%0054ros.data" [_thread_blocked, id=1992, stack(0x000000002a1f0000,0x000000002a2f0000)]
  0x0000000021abe800 JavaThread "vn%002egreenglobal%002etttp%002emodel%002e%0053o%0054iep%0043ong%0044an%002eco%0051uan%0054o%0043huc%0054iep%0044ans.data" [_thread_blocked, id=10212, stack(0x000000002a0f0000,0x000000002a1f0000)]
  0x0000000021abb800 JavaThread "vn%002egreenglobal%002etttp%002emodel%002e%0044oi%0054uong%0056i%0050ham%002etai%004cieu%0056an%0054hus.data" [_thread_blocked, id=8048, stack(0x0000000029ff0000,0x000000002a0f0000)]
  0x0000000021ac1000 JavaThread "vn%002egreenglobal%002etttp%002emodel%002e%004be%0048oach%0054hanh%0054ra%002etai%004cieu%0056an%0054hus.data" [_thread_blocked, id=13288, stack(0x0000000029ef0000,0x0000000029ff0000)]
  0x0000000021abf800 JavaThread "vn%002egreenglobal%002etttp%002emodel%002e%0043uoc%0054hanh%0054ra%002etai%004cieu%0056an%0054hus.data" [_thread_blocked, id=14688, stack(0x0000000029df0000,0x0000000029ef0000)]
  0x000000001c5cb000 JavaThread "vn%002egreenglobal%002etttp%002emodel%002e%0053o%0054iep%0043ong%0044an%002etai%004cieu%0056an%0054hus.data" [_thread_blocked, id=5748, stack(0x0000000029cf0000,0x0000000029df0000)]
  0x000000001c5ca800 JavaThread "vn%002egreenglobal%002etttp%002emodel%002e%0050rocess%002etransitions.data" [_thread_blocked, id=780, stack(0x0000000029bf0000,0x0000000029cf0000)]
  0x000000001c5c9800 JavaThread "vn%002egreenglobal%002etttp%002emodel%002e%0043uoc%0054hanh%0054ra%002ethanh%0056ien%0044oans.data" [_thread_blocked, id=8820, stack(0x0000000029af0000,0x0000000029bf0000)]
  0x000000001c5c9000 JavaThread "vn%002egreenglobal%002etttp%002emodel%002e%0054hong%0054in%0047iai%0051uyet%0044on%002egiai%0051uyet%0044ons.data" [_thread_blocked, id=2584, stack(0x00000000299f0000,0x0000000029af0000)]
  0x000000001c5c1800 JavaThread "vn%002egreenglobal%002etttp%002emodel%002e%0044on%002exu%004cy%0044ons.data" [_thread_blocked, id=11248, stack(0x00000000298f0000,0x00000000299f0000)]
  0x000000001c5c8000 JavaThread "vn%002egreenglobal%002etttp%002emodel%002e%0044on%002edoan%0044i%0043ungs.data" [_thread_blocked, id=14196, stack(0x00000000296a0000,0x00000000297a0000)]
  0x000000001c5c7800 JavaThread "vn%002egreenglobal%002etttp%002emodel%002e%004eguoi%0044ung%002equyens.data" [_thread_blocked, id=1916, stack(0x00000000295a0000,0x00000000296a0000)]
  0x000000001c5c6800 JavaThread "vn%002egreenglobal%002etttp%002emodel%002e%0044on%002edon%0043ong%0044ans.data" [_thread_blocked, id=15376, stack(0x00000000294a0000,0x00000000295a0000)]
  0x000000001c5c6000 JavaThread "vn%002egreenglobal%002etttp%002emodel%002e%0044on%002etai%004cieu%0056an%0054hus.data" [_thread_blocked, id=12532, stack(0x00000000293a0000,0x00000000294a0000)]
  0x000000001c5c5000 JavaThread "vn%002egreenglobal%002etttp%002emodel%002e%0044on%002etai%004cieu%0042ang%0043hungs.data" [_thread_blocked, id=15172, stack(0x00000000292a0000,0x00000000293a0000)]
  0x000000001c5c4800 JavaThread "vn%002egreenglobal%002etttp%002emodel%002e%0053o%0054iep%0043ong%0044an%002edon%0056i%0050hoi%0048ops.data" [_thread_blocked, id=8148, stack(0x0000000028c00000,0x0000000028d00000)]
  0x000000001c5bd000 JavaThread "vn%002egreenglobal%002etttp%002emodel%002e%0044oi%0054uong%0054hanh%0054ra.data" [_thread_blocked, id=884, stack(0x0000000028900000,0x0000000028a00000)]
  0x000000001c5c3800 JavaThread "vn%002egreenglobal%002etttp%002emodel%002e%0054ai%004cieu%0044inh%0043hi%0044inh%004bem.data" [_thread_blocked, id=2544, stack(0x0000000028800000,0x0000000028900000)]
  0x000000001c5c0000 JavaThread "vn%002egreenglobal%002etttp%002emodel%002e%004coai%0043o%0051uan%0051uan%004cy.data" [_thread_blocked, id=6544, stack(0x0000000028700000,0x0000000028800000)]
  0x000000001c5bc000 JavaThread "vn%002egreenglobal%002etttp%002emodel%002e%0043huc%0056u.data" [_thread_blocked, id=6824, stack(0x0000000028600000,0x0000000028700000)]
  0x000000001c5be800 JavaThread "vn%002egreenglobal%002etttp%002emodel%002e%0054hanh%0056ien%0044oan.data" [_thread_blocked, id=7084, stack(0x0000000028500000,0x0000000028600000)]
  0x000000001c5bd800 JavaThread "vn%002egreenglobal%002etttp%002emodel%002e%0054ai%004cieu%0042ang%0043hung.data" [_thread_blocked, id=4488, stack(0x0000000028400000,0x0000000028500000)]
  0x000000001c5c3000 JavaThread "vn%002egreenglobal%002etttp%002emodel%002e%0044ocument%004deta%0044ata.data" [_thread_blocked, id=13616, stack(0x0000000028300000,0x0000000028400000)]
  0x000000001c5c0800 JavaThread "vn%002egreenglobal%002etttp%002emodel%002e%0043hung%0043hi%0048anh%004eghe.data" [_thread_blocked, id=7896, stack(0x0000000028200000,0x0000000028300000)]
  0x000000001c5c2000 JavaThread "vn%002egreenglobal%002etttp%002emodel%002emedial%002e%004dedial_%0050rocess_%0050ost_%0050atch.data" [_thread_blocked, id=7720, stack(0x0000000028100000,0x0000000028200000)]
  0x000000001c5bf000 JavaThread "vn%002egreenglobal%002etttp%002emodel%002e%0046orm.data" [_thread_blocked, id=15232, stack(0x0000000028000000,0x0000000028100000)]
  0x0000000021ad9800 JavaThread "vn%002egreenglobal%002etttp%002emodel%002e%0043o%0051uan%0054o%0043huc%0054iep%0044an.data" [_thread_blocked, id=8464, stack(0x0000000027f00000,0x0000000028000000)]
  0x0000000021ad7000 JavaThread "vn%002egreenglobal%002etttp%002emodel%002e%0044on%0056i%0048as%0053tate.data" [_thread_blocked, id=2320, stack(0x0000000027e00000,0x0000000027f00000)]
  0x0000000021ad6800 JavaThread "vn%002egreenglobal%002etttp%002emodel%002e%0043uoc%0054hanh%0054ra.data" [_thread_blocked, id=9788, stack(0x0000000027d00000,0x0000000027e00000)]
  0x0000000021ad5800 JavaThread "vn%002egreenglobal%002etttp%002emodel%002e%004cinh%0056uc%0044oi%0054uong%0054hanh%0054ra.data" [_thread_blocked, id=11292, stack(0x0000000027c00000,0x0000000027d00000)]
  0x0000000021ad8800 JavaThread "vn%002egreenglobal%002etttp%002emodel%002e%004cich%0053u%0054hay%0044oi.data" [_thread_blocked, id=13128, stack(0x0000000027b00000,0x0000000027c00000)]
  0x0000000021ad8000 JavaThread "vn%002egreenglobal%002etttp%002emodel%002emedial%002e%004dedial_%0046orm_%0053tate.data" [_thread_blocked, id=7920, stack(0x0000000027a00000,0x0000000027b00000)]
  0x0000000021ad5000 JavaThread "vn%002egreenglobal%002etttp%002emodel%002e%0044on_%0043ong%0044an.data" [_thread_blocked, id=14292, stack(0x0000000027900000,0x0000000027a00000)]
  0x0000000021ad4000 JavaThread "vn%002egreenglobal%002etttp%002emodel%002e%0043ap%0044on%0056i%0048anh%0043hinh.data" [_thread_blocked, id=6064, stack(0x0000000027800000,0x0000000027900000)]
  0x0000000021acc800 JavaThread "vn%002egreenglobal%002etttp%002emodel%002e%0043o%0051uan%0051uan%004cy.data" [_thread_blocked, id=10908, stack(0x0000000027700000,0x0000000027800000)]
  0x0000000021ad3800 JavaThread "vn%002egreenglobal%002etttp%002emodel%002e%0043ap%0043o%0051uan%0051uan%004cy.data" [_thread_blocked, id=12348, stack(0x0000000027600000,0x0000000027700000)]
  0x0000000021acb800 JavaThread "vn%002egreenglobal%002etttp%002emodel%002e%0050rocess.data" [_thread_blocked, id=7652, stack(0x0000000027500000,0x0000000027600000)]
  0x0000000021ad2800 JavaThread "vn%002egreenglobal%002etttp%002emodel%002e%004eguoi%0044ung.data" [_thread_blocked, id=7824, stack(0x0000000027400000,0x0000000027500000)]
  0x0000000021acd000 JavaThread "vn%002egreenglobal%002etttp%002emodel%002e%0047iay%0055y%0051uyen.data" [_thread_blocked, id=3928, stack(0x0000000027300000,0x0000000027400000)]
  0x0000000021ad2000 JavaThread "vn%002egreenglobal%002etttp%002emodel%002emedial%002e%004dedial_%0054ai%004cieu%0056an%0054hu_%0050ost_%0050atch.data" [_thread_blocked, id=13148, stack(0x0000000027200000,0x0000000027300000)]
  0x0000000021ad0800 JavaThread "vn%002egreenglobal%002etttp%002emodel%002e%0054ham%0051uyen%0047iai%0051uyet.data" [_thread_blocked, id=13096, stack(0x0000000027100000,0x0000000027200000)]
  0x0000000021aca000 JavaThread "vn%002egreenglobal%002etttp%002emodel%002e%0044on%0056i%0048anh%0043hinh.data" [_thread_blocked, id=3556, stack(0x0000000027000000,0x0000000027100000)]
  0x0000000021acf800 JavaThread "vn%002egreenglobal%002etttp%002emodel%002e%0053tate.data" [_thread_blocked, id=488, stack(0x0000000026f00000,0x0000000027000000)]
  0x0000000021ace000 JavaThread "vn%002egreenglobal%002etttp%002emodel%002e%0044oi%0054uong%0056i%0050ham.data" [_thread_blocked, id=6788, stack(0x0000000026e00000,0x0000000026f00000)]
  0x0000000021acb000 JavaThread "vn%002egreenglobal%002etttp%002emodel%002emedial%002e%004dedial_%004be%0048oach%0054hanh%0054ra_%0050ost_%0050atch.data" [_thread_blocked, id=1144, stack(0x0000000026d00000,0x0000000026e00000)]
  0x0000000021ace800 JavaThread "vn%002egreenglobal%002etttp%002emodel%002e%004cich%0053u%0051ua%0054rinh%0058u%004cy.data" [_thread_blocked, id=5740, stack(0x0000000026c00000,0x0000000026d00000)]
  0x0000000021ad1000 JavaThread "vn%002egreenglobal%002etttp%002emodel%002emedial%002e%004dedial_%0044on%0043ong%0044an_%0050ost_%0050atch.data" [_thread_blocked, id=3256, stack(0x0000000026b00000,0x0000000026c00000)]
  0x0000000022f24000 JavaThread "vn%002egreenglobal%002etttp%002emodel%002e%0054ham%0053o.data" [_thread_blocked, id=9408, stack(0x0000000026a00000,0x0000000026b00000)]
  0x0000000022f28800 JavaThread "vn%002egreenglobal%002etttp%002emodel%002e%0053o%0054iep%0043ong%0044an.data" [_thread_blocked, id=7648, stack(0x0000000026900000,0x0000000026a00000)]
  0x0000000022f25800 JavaThread "vn%002egreenglobal%002etttp%002emodel%002e%0049nvalid%0054oken.data" [_thread_blocked, id=9404, stack(0x0000000026800000,0x0000000026900000)]
  0x0000000022f27800 JavaThread "vn%002egreenglobal%002etttp%002emodel%002e%0054hong%0054in%0047iai%0051uyet%0044on.data" [_thread_blocked, id=228, stack(0x0000000026700000,0x0000000026800000)]
  0x0000000022f27000 JavaThread "vn%002egreenglobal%002etttp%002emodel%002e%0044on.data" [_thread_blocked, id=7880, stack(0x0000000026600000,0x0000000026700000)]
  0x0000000022f26000 JavaThread "vn%002egreenglobal%002etttp%002emodel%002e%0043ong%0044an.data" [_thread_blocked, id=12544, stack(0x0000000026500000,0x0000000026600000)]
  0x0000000022f23000 JavaThread "vn%002egreenglobal%002etttp%002emodel%002emedial%002e%004dedial_%0044oan%0044i%0043ung_%0050ost_%0050atch.data" [_thread_blocked, id=14272, stack(0x0000000026400000,0x0000000026500000)]
  0x0000000022f24800 JavaThread "vn%002egreenglobal%002etttp%002emodel%002e%0054ransition.data" [_thread_blocked, id=13372, stack(0x0000000026300000,0x0000000026400000)]
  0x0000000022f1b800 JavaThread "vn%002egreenglobal%002etttp%002emodel%002e%0054ep%0044inh%004bem.data" [_thread_blocked, id=16292, stack(0x0000000026200000,0x0000000026300000)]
  0x0000000022f22800 JavaThread "vn%002egreenglobal%002etttp%002emodel%002e%0044oan%0044i%0043ung.data" [_thread_blocked, id=3156, stack(0x0000000026100000,0x0000000026200000)]
  0x0000000022f1a800 JavaThread "vn%002egreenglobal%002etttp%002emodel%002e%004cinh%0056uc%0044on%0054hu.data" [_thread_blocked, id=15652, stack(0x0000000026000000,0x0000000026100000)]
  0x0000000022f21000 JavaThread "vn%002egreenglobal%002etttp%002emodel%002e%0051uoc%0054ich.data" [_thread_blocked, id=1880, stack(0x0000000025f00000,0x0000000026000000)]
  0x0000000022f21800 JavaThread "vn%002egreenglobal%002etttp%002emodel%002e%0054ai%004cieu%0056an%0054hu.data" [_thread_blocked, id=13668, stack(0x0000000025e00000,0x0000000025f00000)]
  0x0000000022f20000 JavaThread "vn%002egreenglobal%002etttp%002emodel%002e%0054o%0044an%0050ho.data" [_thread_blocked, id=12968, stack(0x0000000025d00000,0x0000000025e00000)]
  0x0000000022f1d000 JavaThread "vn%002egreenglobal%002etttp%002emodel%002e%0043ong%0043huc.data" [_thread_blocked, id=8552, stack(0x0000000025c00000,0x0000000025d00000)]
  0x0000000022f1c000 JavaThread "vn%002egreenglobal%002etttp%002emodel%002e%0056ai%0054ro.data" [_thread_blocked, id=5292, stack(0x0000000025b00000,0x0000000025c00000)]
  0x0000000022f1f800 JavaThread "vn%002egreenglobal%002etttp%002emodel%002emedial%002e%004dedial_%0054ep%0044inh%004bem_%0050ost_%0050atch.data" [_thread_blocked, id=1320, stack(0x0000000025a00000,0x0000000025b00000)]
  0x0000000022f1e000 JavaThread "vn%002egreenglobal%002etttp%002emodel%002e%004be%0048oach%0054hanh%0054ra.data" [_thread_blocked, id=10664, stack(0x0000000025900000,0x0000000025a00000)]
  0x0000000022f1e800 JavaThread "vn%002egreenglobal%002etttp%002emodel%002e%0047iai%0051uyet%0044on.data" [_thread_blocked, id=10432, stack(0x0000000025800000,0x0000000025900000)]
  0x0000000022f1a000 JavaThread "vn%002egreenglobal%002etttp%002emodel%002e%0058u%004cy%0044on.data" [_thread_blocked, id=14980, stack(0x0000000025700000,0x0000000025800000)]
  0x000000001bf8a000 JavaThread "vn%002egreenglobal%002etttp%002emodel%002e%0044an%0054oc.data" [_thread_blocked, id=14132, stack(0x0000000025600000,0x0000000025700000)]
  0x000000001bf8b800 JavaThread "vn%002egreenglobal%002etttp%002emodel%002e%004coai%0054ai%004cieu.data" [_thread_blocked, id=1580, stack(0x0000000025500000,0x0000000025600000)]
  0x000000001bf89000 JavaThread "vn%002egreenglobal%002etttp%002emodel%002emedial%002e%004dedial_%0054ai%004cieu%0042ang%0043hung_%0050ost_%0050atch.data" [_thread_blocked, id=14852, stack(0x0000000025400000,0x0000000025500000)]
  0x000000001bf8a800 JavaThread "vn%002egreenglobal%002etttp%002emodel%002emedial%002e%004dedial_%0044oi%0054uong%0056i%0050ham_%0050ost_%0050atch.data" [_thread_blocked, id=2768, stack(0x0000000025100000,0x0000000025200000)]
  0x000000001bf88800 JavaThread "org%002ehibernate%002ecache%002einternal%002e%0053tandard%0051uery%0043ache.data" [_thread_blocked, id=3272, stack(0x0000000024f00000,0x0000000025000000)]
  0x000000001bf87800 JavaThread "data.data" [_thread_blocked, id=8776, stack(0x0000000024e00000,0x0000000024f00000)]
  0x000000001bf87000 JavaThread "org%002ehibernate%002ecache%002espi%002e%0055pdate%0054imestamps%0043ache.data" [_thread_blocked, id=3996, stack(0x0000000024d00000,0x0000000024e00000)]
  0x000000001bf86000 JavaThread "Statistics Thread-__DEFAULT__-1" daemon [_thread_blocked, id=14584, stack(0x0000000024c00000,0x0000000024d00000)]
  0x000000001bf8d000 JavaThread "danhmuc.data" [_thread_blocked, id=11128, stack(0x00000000244d0000,0x00000000245d0000)]
  0x000000001bf8c000 JavaThread "__DEFAULT__" daemon [_thread_blocked, id=14608, stack(0x0000000021de0000,0x0000000021ee0000)]
  0x000000001e824000 JavaThread "Tomcat JDBC Pool Cleaner[1943105171:1505382247374]" daemon [_thread_blocked, id=8396, stack(0x0000000021ce0000,0x0000000021de0000)]
  0x000000001aed9000 JavaThread "Service Thread" daemon [_thread_blocked, id=9656, stack(0x000000001b3a0000,0x000000001b4a0000)]
  0x000000001aeb0800 JavaThread "C1 CompilerThread2" daemon [_thread_blocked, id=13800, stack(0x000000001b2a0000,0x000000001b3a0000)]
=>0x000000001954f800 JavaThread "C2 CompilerThread1" daemon [_thread_in_native, id=8248, stack(0x000000001ada0000,0x000000001aea0000)]
  0x000000001954c800 JavaThread "C2 CompilerThread0" daemon [_thread_in_native, id=3852, stack(0x000000001aca0000,0x000000001ada0000)]
  0x0000000019549000 JavaThread "Attach Listener" daemon [_thread_blocked, id=3872, stack(0x000000001aba0000,0x000000001aca0000)]
  0x0000000019548000 JavaThread "Signal Dispatcher" daemon [_thread_blocked, id=15700, stack(0x000000001aaa0000,0x000000001aba0000)]
  0x00000000049ce800 JavaThread "Finalizer" daemon [_thread_blocked, id=11656, stack(0x000000001a7b0000,0x000000001a8b0000)]
  0x0000000019509000 JavaThread "Reference Handler" daemon [_thread_blocked, id=3968, stack(0x000000001a6b0000,0x000000001a7b0000)]

Other Threads:
  0x0000000019507800 VMThread [stack: 0x000000001a5b0000,0x000000001a6b0000] [id=3076]
  0x000000001af2d800 WatcherThread [stack: 0x000000001b4a0000,0x000000001b5a0000] [id=8756]

VM state:not at safepoint (normal execution)

VM Mutex/Monitor currently owned by a thread: None

Heap:
 PSYoungGen      total 653312K, used 93764K [0x00000000d5c00000, 0x00000000ffd00000, 0x0000000100000000)
  eden space 617472K, 12% used [0x00000000d5c00000,0x00000000da4ad340,0x00000000fb700000)
  from space 35840K, 53% used [0x00000000fb700000,0x00000000fc9e3f20,0x00000000fda00000)
  to   space 33792K, 0% used [0x00000000fdc00000,0x00000000fdc00000,0x00000000ffd00000)
 ParOldGen       total 198144K, used 110866K [0x0000000081400000, 0x000000008d580000, 0x00000000d5c00000)
  object space 198144K, 55% used [0x0000000081400000,0x0000000088044be0,0x000000008d580000)
 Metaspace       used 77744K, capacity 79052K, committed 79320K, reserved 1118208K
  class space    used 9577K, capacity 9890K, committed 9984K, reserved 1048576K

Card table byte_map: [0x0000000013d90000,0x0000000014190000] byte_map_base: 0x0000000013986000

Marking Bits: (ParMarkBitMap*) 0x00000000647ea6d0
 Begin Bits: [0x0000000014840000, 0x00000000167f0000)
 End Bits:   [0x00000000167f0000, 0x00000000187a0000)

Polling page: 0x0000000004580000

CodeCache: size=245760Kb used=35338Kb max_used=35856Kb free=210421Kb
 bounds [0x00000000049d0000, 0x0000000006d10000, 0x00000000139d0000]
 total_blobs=10808 nmethods=10204 adapters=514
 compilation: enabled

Compilation events (10 events):
Event: 236.310 Thread 0x000000001aeb0800 12846       3       java.util.concurrent.ScheduledThreadPoolExecutor$DelayedWorkQueue::finishPoll (44 bytes)
Event: 236.310 Thread 0x000000001aeb0800 nmethod 12846 0x0000000005360850 code [0x00000000053609e0, 0x0000000005360fa8]
Event: 236.310 Thread 0x000000001aeb0800 12847       1       net.sf.ehcache.store.disk.Segment::getFirst (14 bytes)
Event: 236.310 Thread 0x000000001aeb0800 nmethod 12847 0x0000000005360510 code [0x0000000005360660, 0x0000000005360790]
Event: 236.312 Thread 0x000000001aeb0800 12849       3       org.hibernate.engine.internal.AbstractEntityEntry::setLockMode (9 bytes)
Event: 236.312 Thread 0x000000001aeb0800 nmethod 12849 0x000000000535fc10 code [0x000000000535fda0, 0x0000000005360290]
Event: 236.317 Thread 0x000000001aeb0800 12850       3       java.lang.invoke.DirectMethodHandle::shouldBeInitialized (123 bytes)
Event: 236.318 Thread 0x000000001aeb0800 nmethod 12850 0x000000000535f190 code [0x000000000535f360, 0x000000000535faa8]
Event: 236.318 Thread 0x000000001aeb0800 12851       3       javax.servlet.http.HttpServletRequestWrapper::getHeaderNames (10 bytes)
Event: 236.318 Thread 0x000000001aeb0800 nmethod 12851 0x000000000535eb90 code [0x000000000535ed00, 0x000000000535f088]

GC Heap History (10 events):
Event: 67.259 GC heap before
{Heap before GC invocations=20 (full 3):
 PSYoungGen      total 503808K, used 488578K [0x00000000d5c00000, 0x00000000f7580000, 0x0000000100000000)
  eden space 469504K, 100% used [0x00000000d5c00000,0x00000000f2680000,0x00000000f2680000)
  from space 34304K, 55% used [0x00000000f5400000,0x00000000f66a0be0,0x00000000f7580000)
  to   space 40448K, 0% used [0x00000000f2680000,0x00000000f2680000,0x00000000f4e00000)
 ParOldGen       total 198144K, used 81233K [0x0000000081400000, 0x000000008d580000, 0x00000000d5c00000)
  object space 198144K, 40% used [0x0000000081400000,0x0000000086354470,0x000000008d580000)
 Metaspace       used 66998K, capacity 67912K, committed 68440K, reserved 1110016K
  class space    used 8304K, capacity 8495K, committed 8576K, reserved 1048576K
Event: 67.314 GC heap after
Heap after GC invocations=20 (full 3):
 PSYoungGen      total 509952K, used 17897K [0x00000000d5c00000, 0x00000000fcb00000, 0x0000000100000000)
  eden space 469504K, 0% used [0x00000000d5c00000,0x00000000d5c00000,0x00000000f2680000)
  from space 40448K, 44% used [0x00000000f2680000,0x00000000f37fa7e8,0x00000000f4e00000)
  to   space 38400K, 0% used [0x00000000fa580000,0x00000000fa580000,0x00000000fcb00000)
 ParOldGen       total 198144K, used 98038K [0x0000000081400000, 0x000000008d580000, 0x00000000d5c00000)
  object space 198144K, 49% used [0x0000000081400000,0x00000000873bd818,0x000000008d580000)
 Metaspace       used 66998K, capacity 67912K, committed 68440K, reserved 1110016K
  class space    used 8304K, capacity 8495K, committed 8576K, reserved 1048576K
}
Event: 72.009 GC heap before
{Heap before GC invocations=21 (full 3):
 PSYoungGen      total 509952K, used 487401K [0x00000000d5c00000, 0x00000000fcb00000, 0x0000000100000000)
  eden space 469504K, 100% used [0x00000000d5c00000,0x00000000f2680000,0x00000000f2680000)
  from space 40448K, 44% used [0x00000000f2680000,0x00000000f37fa7e8,0x00000000f4e00000)
  to   space 38400K, 0% used [0x00000000fa580000,0x00000000fa580000,0x00000000fcb00000)
 ParOldGen       total 198144K, used 98038K [0x0000000081400000, 0x000000008d580000, 0x00000000d5c00000)
  object space 198144K, 49% used [0x0000000081400000,0x00000000873bd818,0x000000008d580000)
 Metaspace       used 70026K, capacity 70988K, committed 71512K, reserved 1112064K
  class space    used 8752K, capacity 8965K, committed 9088K, reserved 1048576K
Event: 72.033 GC heap after
Heap after GC invocations=21 (full 3):
 PSYoungGen      total 582144K, used 8803K [0x00000000d5c00000, 0x00000000fc200000, 0x0000000100000000)
  eden space 552960K, 0% used [0x00000000d5c00000,0x00000000d5c00000,0x00000000f7800000)
  from space 29184K, 30% used [0x00000000fa580000,0x00000000fae18d58,0x00000000fc200000)
  to   space 37888K, 0% used [0x00000000f7800000,0x00000000f7800000,0x00000000f9d00000)
 ParOldGen       total 198144K, used 110842K [0x0000000081400000, 0x000000008d580000, 0x00000000d5c00000)
  object space 198144K, 55% used [0x0000000081400000,0x000000008803ebe0,0x000000008d580000)
 Metaspace       used 70026K, capacity 70988K, committed 71512K, reserved 1112064K
  class space    used 8752K, capacity 8965K, committed 9088K, reserved 1048576K
}
Event: 75.545 GC heap before
{Heap before GC invocations=22 (full 3):
 PSYoungGen      total 582144K, used 561763K [0x00000000d5c00000, 0x00000000fc200000, 0x0000000100000000)
  eden space 552960K, 100% used [0x00000000d5c00000,0x00000000f7800000,0x00000000f7800000)
  from space 29184K, 30% used [0x00000000fa580000,0x00000000fae18d58,0x00000000fc200000)
  to   space 37888K, 0% used [0x00000000f7800000,0x00000000f7800000,0x00000000f9d00000)
 ParOldGen       total 198144K, used 110842K [0x0000000081400000, 0x000000008d580000, 0x00000000d5c00000)
  object space 198144K, 55% used [0x0000000081400000,0x000000008803ebe0,0x000000008d580000)
 Metaspace       used 70588K, capacity 71600K, committed 72024K, reserved 1112064K
  class space    used 8773K, capacity 8971K, committed 9088K, reserved 1048576K
Event: 75.559 GC heap after
Heap after GC invocations=22 (full 3):
 PSYoungGen      total 590848K, used 8768K [0x00000000d5c00000, 0x0000000100000000, 0x0000000100000000)
  eden space 552960K, 0% used [0x00000000d5c00000,0x00000000d5c00000,0x00000000f7800000)
  from space 37888K, 23% used [0x00000000f7800000,0x00000000f8090000,0x00000000f9d00000)
  to   space 36864K, 0% used [0x00000000fdc00000,0x00000000fdc00000,0x0000000100000000)
 ParOldGen       total 198144K, used 110850K [0x0000000081400000, 0x000000008d580000, 0x00000000d5c00000)
  object space 198144K, 55% used [0x0000000081400000,0x0000000088040be0,0x000000008d580000)
 Metaspace       used 70588K, capacity 71600K, committed 72024K, reserved 1112064K
  class space    used 8773K, capacity 8971K, committed 9088K, reserved 1048576K
}
Event: 78.696 GC heap before
{Heap before GC invocations=23 (full 3):
 PSYoungGen      total 590848K, used 561728K [0x00000000d5c00000, 0x0000000100000000, 0x0000000100000000)
  eden space 552960K, 100% used [0x00000000d5c00000,0x00000000f7800000,0x00000000f7800000)
  from space 37888K, 23% used [0x00000000f7800000,0x00000000f8090000,0x00000000f9d00000)
  to   space 36864K, 0% used [0x00000000fdc00000,0x00000000fdc00000,0x0000000100000000)
 ParOldGen       total 198144K, used 110850K [0x0000000081400000, 0x000000008d580000, 0x00000000d5c00000)
  object space 198144K, 55% used [0x0000000081400000,0x0000000088040be0,0x000000008d580000)
 Metaspace       used 70760K, capacity 71766K, committed 72280K, reserved 1112064K
  class space    used 8780K, capacity 9004K, committed 9088K, reserved 1048576K
Event: 78.716 GC heap after
Heap after GC invocations=23 (full 3):
 PSYoungGen      total 651264K, used 9728K [0x00000000d5c00000, 0x00000000ffd00000, 0x0000000100000000)
  eden space 617472K, 0% used [0x00000000d5c00000,0x00000000d5c00000,0x00000000fb700000)
  from space 33792K, 28% used [0x00000000fdc00000,0x00000000fe580000,0x00000000ffd00000)
  to   space 35840K, 0% used [0x00000000fb700000,0x00000000fb700000,0x00000000fda00000)
 ParOldGen       total 198144K, used 110858K [0x0000000081400000, 0x000000008d580000, 0x00000000d5c00000)
  object space 198144K, 55% used [0x0000000081400000,0x0000000088042be0,0x000000008d580000)
 Metaspace       used 70760K, capacity 71766K, committed 72280K, reserved 1112064K
  class space    used 8780K, capacity 9004K, committed 9088K, reserved 1048576K
}
Event: 234.796 GC heap before
{Heap before GC invocations=24 (full 3):
 PSYoungGen      total 651264K, used 627200K [0x00000000d5c00000, 0x00000000ffd00000, 0x0000000100000000)
  eden space 617472K, 100% used [0x00000000d5c00000,0x00000000fb700000,0x00000000fb700000)
  from space 33792K, 28% used [0x00000000fdc00000,0x00000000fe580000,0x00000000ffd00000)
  to   space 35840K, 0% used [0x00000000fb700000,0x00000000fb700000,0x00000000fda00000)
 ParOldGen       total 198144K, used 110858K [0x0000000081400000, 0x000000008d580000, 0x00000000d5c00000)
  object space 198144K, 55% used [0x0000000081400000,0x0000000088042be0,0x000000008d580000)
 Metaspace       used 76912K, capacity 78216K, committed 78424K, reserved 1118208K
  class space    used 9518K, capacity 9824K, committed 9856K, reserved 1048576K
Event: 235.113 GC heap after
Heap after GC invocations=24 (full 3):
 PSYoungGen      total 653312K, used 19343K [0x00000000d5c00000, 0x00000000ffd00000, 0x0000000100000000)
  eden space 617472K, 0% used [0x00000000d5c00000,0x00000000d5c00000,0x00000000fb700000)
  from space 35840K, 53% used [0x00000000fb700000,0x00000000fc9e3f20,0x00000000fda00000)
  to   space 33792K, 0% used [0x00000000fdc00000,0x00000000fdc00000,0x00000000ffd00000)
 ParOldGen       total 198144K, used 110866K [0x0000000081400000, 0x000000008d580000, 0x00000000d5c00000)
  object space 198144K, 55% used [0x0000000081400000,0x0000000088044be0,0x000000008d580000)
 Metaspace       used 76912K, capacity 78216K, committed 78424K, reserved 1118208K
  class space    used 9518K, capacity 9824K, committed 9856K, reserved 1048576K
}

Deoptimization events (10 events):
Event: 234.299 Thread 0x000000001fdc2000 Uncommon trap: reason=unstable_if action=reinterpret pc=0x0000000004c58648 method=sun.nio.cs.UTF_8$Decoder.decode([BII[C)I @ 30
Event: 234.302 Thread 0x000000001fdc1800 Uncommon trap: reason=unstable_if action=reinterpret pc=0x0000000004f563e0 method=java.lang.StringCoding.safeTrim([CILjava/nio/charset/Charset;Z)[C @ 3
Event: 234.338 Thread 0x000000001c5bc000 Uncommon trap: reason=unstable_if action=reinterpret pc=0x000000000628f550 method=java.lang.Class.argumentTypesToString([Ljava/lang/Class;)Ljava/lang/String; @ 16
Event: 235.882 Thread 0x000000001fdbf000 Uncommon trap: reason=bimorphic action=maybe_recompile pc=0x0000000006b1ee2c method=com.google.common.collect.Hashing.smearedHash(Ljava/lang/Object;)I @ 9
Event: 236.083 Thread 0x000000001fdbd000 Uncommon trap: reason=unstable_if action=reinterpret pc=0x000000000589be20 method=org.springframework.asm.MethodWriter.visitLabel(Lorg/springframework/asm/Label;)V @ 45
Event: 236.083 Thread 0x000000001fdbd000 Uncommon trap: reason=unstable_if action=reinterpret pc=0x00000000065d4d4c method=org.springframework.asm.MethodWriter.visitVarInsn(II)V @ 22
Event: 236.084 Thread 0x000000001fdbd000 Uncommon trap: reason=unstable_if action=reinterpret pc=0x00000000067ac3c0 method=org.springframework.asm.MethodWriter.visitMethodInsn(ILjava/lang/String;Ljava/lang/String;Ljava/lang/String;Z)V @ 44
Event: 236.084 Thread 0x000000001fdbd000 Uncommon trap: reason=unstable_if action=reinterpret pc=0x00000000066de06c method=org.springframework.asm.MethodWriter.noSuccessor()V @ 4
Event: 236.084 Thread 0x000000001fdbd000 Uncommon trap: reason=unstable_if action=reinterpret pc=0x00000000064949a0 method=org.springframework.asm.MethodWriter.visitMaxs(II)V @ 4
Event: 236.085 Thread 0x000000001fdbd000 Uncommon trap: reason=unstable_if action=reinterpret pc=0x0000000006b4420c method=java.util.Formatter$FormatSpecifier.checkInteger()V @ 30

Internal exceptions (10 events):
Event: 234.346 Thread 0x0000000022f1d000 Exception <a 'java/lang/NoSuchMethodError': <clinit>> (0x00000000e136da80) thrown at [C:\re\workspace\8-2-build-windows-amd64-cygwin\jdk8u101\7261\hotspot\src\share\vm\prims\jni.cpp, line 1613]
Event: 234.347 Thread 0x0000000022f1d000 Exception <a 'java/lang/NoSuchMethodError': <clinit>> (0x00000000e13a9300) thrown at [C:\re\workspace\8-2-build-windows-amd64-cygwin\jdk8u101\7261\hotspot\src\share\vm\prims\jni.cpp, line 1613]
Event: 234.347 Thread 0x000000001c5bc000 Exception <a 'java/lang/NoSuchMethodError': <clinit>> (0x00000000ebf88448) thrown at [C:\re\workspace\8-2-build-windows-amd64-cygwin\jdk8u101\7261\hotspot\src\share\vm\prims\jni.cpp, line 1613]
Event: 234.352 Thread 0x000000001c5bc000 Exception <a 'java/lang/NoSuchMethodError': <clinit>> (0x00000000ebf9e120) thrown at [C:\re\workspace\8-2-build-windows-amd64-cygwin\jdk8u101\7261\hotspot\src\share\vm\prims\jni.cpp, line 1613]
Event: 234.352 Thread 0x000000001c5bc000 Exception <a 'java/lang/NoSuchMethodError': <clinit>> (0x00000000ebfa5468) thrown at [C:\re\workspace\8-2-build-windows-amd64-cygwin\jdk8u101\7261\hotspot\src\share\vm\prims\jni.cpp, line 1613]
Event: 234.355 Thread 0x000000001c5bc000 Exception <a 'java/lang/NoSuchMethodError': <clinit>> (0x00000000ebfc4a40) thrown at [C:\re\workspace\8-2-build-windows-amd64-cygwin\jdk8u101\7261\hotspot\src\share\vm\prims\jni.cpp, line 1613]
Event: 234.359 Thread 0x0000000022f1d000 Exception <a 'java/lang/NoSuchMethodError': <clinit>> (0x00000000e13b0a10) thrown at [C:\re\workspace\8-2-build-windows-amd64-cygwin\jdk8u101\7261\hotspot\src\share\vm\prims\jni.cpp, line 1613]
Event: 234.359 Thread 0x000000001c5bc000 Exception <a 'java/lang/NoSuchMethodError': <clinit>> (0x00000000ebff2f98) thrown at [C:\re\workspace\8-2-build-windows-amd64-cygwin\jdk8u101\7261\hotspot\src\share\vm\prims\jni.cpp, line 1613]
Event: 234.360 Thread 0x000000001c5bc000 Exception <a 'java/lang/NoSuchMethodError': <clinit>> (0x00000000ebff9260) thrown at [C:\re\workspace\8-2-build-windows-amd64-cygwin\jdk8u101\7261\hotspot\src\share\vm\prims\jni.cpp, line 1613]
Event: 235.775 Thread 0x000000001c5c7800 Exception <a 'java/lang/NoSuchMethodError': <clinit>> (0x00000000d7d07ca8) thrown at [C:\re\workspace\8-2-build-windows-amd64-cygwin\jdk8u101\7261\hotspot\src\share\vm\prims\jni.cpp, line 1613]

Events (10 events):
Event: 236.207 loading class org/springframework/data/rest/core/mapping/PropertyAwareResourceMapping
Event: 236.207 loading class org/springframework/data/rest/core/mapping/PropertyAwareResourceMapping done
Event: 236.271 loading class org/springframework/data/jpa/mapping/JpaPersistentEntityImpl$JpaProxyAwareIdentifierAccessor
Event: 236.271 loading class org/springframework/data/jpa/mapping/JpaPersistentEntityImpl$JpaProxyAwareIdentifierAccessor done
Event: 236.272 loading class org/springframework/data/mapping/model/IdPropertyIdentifierAccessor
Event: 236.272 loading class org/springframework/data/mapping/model/IdPropertyIdentifierAccessor done
Event: 236.273 Executing VM operation: RevokeBias
Event: 236.291 Executing VM operation: RevokeBias done
Event: 236.299 loading class org/springframework/data/rest/webmvc/support/RepositoryLinkBuilder
Event: 236.299 loading class org/springframework/data/rest/webmvc/support/RepositoryLinkBuilder done


Dynamic libraries:
0x00007ff721870000 - 0x00007ff7218a7000 	C:\Program Files\Java\jdk1.8.0_101\jre\bin\java.exe
0x00007ffa6cac0000 - 0x00007ffa6cca0000 	C:\WINDOWS\SYSTEM32\ntdll.dll
0x00007ffa6ac10000 - 0x00007ffa6acbd000 	C:\WINDOWS\System32\KERNEL32.DLL
0x00007ffa69ac0000 - 0x00007ffa69d26000 	C:\WINDOWS\System32\KERNELBASE.dll
0x00007ffa6a310000 - 0x00007ffa6a3b1000 	C:\WINDOWS\System32\ADVAPI32.dll
0x00007ffa6b100000 - 0x00007ffa6b19d000 	C:\WINDOWS\System32\msvcrt.dll
0x00007ffa6ad30000 - 0x00007ffa6ad8b000 	C:\WINDOWS\System32\sechost.dll
0x00007ffa6b4c0000 - 0x00007ffa6b5e1000 	C:\WINDOWS\System32\RPCRT4.dll
0x00007ffa6a590000 - 0x00007ffa6a71e000 	C:\WINDOWS\System32\USER32.dll
0x00007ffa691c0000 - 0x00007ffa691e0000 	C:\WINDOWS\System32\win32u.dll
0x00007ffa6a050000 - 0x00007ffa6a078000 	C:\WINDOWS\System32\GDI32.dll
0x00007ffa69930000 - 0x00007ffa69abe000 	C:\WINDOWS\System32\gdi32full.dll
0x00007ffa690d0000 - 0x00007ffa6916b000 	C:\WINDOWS\System32\msvcp_win.dll
0x00007ffa68fd0000 - 0x00007ffa690c6000 	C:\WINDOWS\System32\ucrtbase.dll
0x00007ffa5e270000 - 0x00007ffa5e4d9000 	C:\WINDOWS\WinSxS\amd64_microsoft.windows.common-controls_6595b64144ccf1df_6.0.16278.1000_none_0f48116140aba751\COMCTL32.dll
0x00007ffa6adf0000 - 0x00007ffa6b0f8000 	C:\WINDOWS\System32\combase.dll
0x00007ffa69f00000 - 0x00007ffa69f72000 	C:\WINDOWS\System32\bcryptPrimitives.dll
0x00007ffa6b2f0000 - 0x00007ffa6b31d000 	C:\WINDOWS\System32\IMM32.DLL
0x0000000065400000 - 0x00000000654d2000 	C:\Program Files\Java\jdk1.8.0_101\jre\bin\msvcr100.dll
0x0000000063fd0000 - 0x000000006486a000 	C:\Program Files\Java\jdk1.8.0_101\jre\bin\server\jvm.dll
0x00007ffa6a300000 - 0x00007ffa6a308000 	C:\WINDOWS\System32\PSAPI.DLL
0x00007ffa5a4e0000 - 0x00007ffa5a4e9000 	C:\WINDOWS\SYSTEM32\WSOCK32.dll
0x00007ffa6acc0000 - 0x00007ffa6ad2c000 	C:\WINDOWS\System32\WS2_32.dll
0x00007ffa65e40000 - 0x00007ffa65e63000 	C:\WINDOWS\SYSTEM32\WINMM.dll
0x00007ffa64860000 - 0x00007ffa6486a000 	C:\WINDOWS\SYSTEM32\VERSION.dll
0x00007ffa65de0000 - 0x00007ffa65e0a000 	C:\WINDOWS\SYSTEM32\WINMMBASE.dll
0x00007ffa69170000 - 0x00007ffa691ba000 	C:\WINDOWS\System32\cfgmgr32.dll
0x0000000065890000 - 0x000000006589f000 	C:\Program Files\Java\jdk1.8.0_101\jre\bin\verify.dll
0x0000000065860000 - 0x0000000065889000 	C:\Program Files\Java\jdk1.8.0_101\jre\bin\java.dll
0x0000000065840000 - 0x0000000065856000 	C:\Program Files\Java\jdk1.8.0_101\jre\bin\zip.dll
0x00007ffa6b5f0000 - 0x00007ffa6ca24000 	C:\WINDOWS\System32\SHELL32.dll
0x00007ffa69f80000 - 0x00007ffa6a026000 	C:\WINDOWS\System32\shcore.dll
0x00007ffa691e0000 - 0x00007ffa6992a000 	C:\WINDOWS\System32\windows.storage.dll
0x00007ffa6a3c0000 - 0x00007ffa6a411000 	C:\WINDOWS\System32\shlwapi.dll
0x00007ffa68e10000 - 0x00007ffa68e21000 	C:\WINDOWS\System32\kernel.appcore.dll
0x00007ffa68e30000 - 0x00007ffa68e7c000 	C:\WINDOWS\System32\powrprof.dll
0x00007ffa68ea0000 - 0x00007ffa68ebb000 	C:\WINDOWS\System32\profapi.dll
0x0000000065550000 - 0x000000006555d000 	C:\Program Files\Java\jdk1.8.0_101\jre\bin\management.dll
0x0000000065820000 - 0x000000006583a000 	C:\Program Files\Java\jdk1.8.0_101\jre\bin\net.dll
0x00007ffa68640000 - 0x00007ffa686a6000 	C:\WINDOWS\system32\mswsock.dll
0x00007ffa3cd00000 - 0x00007ffa3cd16000 	C:\WINDOWS\system32\napinsp.dll
0x00007ffa3cce0000 - 0x00007ffa3ccfa000 	C:\WINDOWS\system32\pnrpnsp.dll
0x00007ffa68410000 - 0x00007ffa684c6000 	C:\WINDOWS\SYSTEM32\DNSAPI.dll
0x00007ffa6a570000 - 0x00007ffa6a578000 	C:\WINDOWS\System32\NSI.dll
0x00007ffa683d0000 - 0x00007ffa68409000 	C:\WINDOWS\SYSTEM32\IPHLPAPI.DLL
0x00007ffa3df20000 - 0x00007ffa3df2e000 	C:\WINDOWS\System32\winrnr.dll
0x00007ffa65c50000 - 0x00007ffa65c68000 	C:\WINDOWS\system32\NLAapi.dll
0x00007ffa62130000 - 0x00007ffa6213a000 	C:\Windows\System32\rasadhlp.dll
0x00007ffa629c0000 - 0x00007ffa62a30000 	C:\WINDOWS\System32\fwpuclnt.dll
0x00007ffa68910000 - 0x00007ffa68935000 	C:\WINDOWS\SYSTEM32\bcrypt.dll
0x0000000065800000 - 0x0000000065811000 	C:\Program Files\Java\jdk1.8.0_101\jre\bin\nio.dll
0x00007ffa68800000 - 0x00007ffa68817000 	C:\WINDOWS\SYSTEM32\CRYPTSP.dll
0x00007ffa68250000 - 0x00007ffa68283000 	C:\WINDOWS\system32\rsaenh.dll
0x00007ffa68d10000 - 0x00007ffa68d39000 	C:\WINDOWS\SYSTEM32\USERENV.dll
0x00007ffa68820000 - 0x00007ffa6882b000 	C:\WINDOWS\SYSTEM32\CRYPTBASE.dll
0x00007ffa64760000 - 0x00007ffa64776000 	C:\WINDOWS\SYSTEM32\dhcpcsvc6.DLL
0x00007ffa646f0000 - 0x00007ffa6470a000 	C:\WINDOWS\SYSTEM32\dhcpcsvc.DLL
0x0000000065560000 - 0x0000000065584000 	C:\Program Files\Java\jdk1.8.0_101\jre\bin\sunec.dll

VM Arguments:
java_command: vn.greenglobal.Application
java_class_path (initial): D:\gj\workspace2\tttp-api\target\classes;C:\Users\thanh\.m2\repository\com\google\code\gson\gson\2.8.1\gson-2.8.1.jar;C:\Users\thanh\.m2\repository\com\googlecode\json-simple\json-simple\1.1.1\json-simple-1.1.1.jar;C:\Users\thanh\.m2\repository\junit\junit\4.12\junit-4.12.jar;C:\Users\thanh\.m2\repository\org\docx4j\docx4j\3.3.5\docx4j-3.3.5.jar;C:\Users\thanh\.m2\repository\org\plutext\jaxb-svg11\1.0.2\jaxb-svg11-1.0.2.jar;C:\Users\thanh\.m2\repository\net\engio\mbassador\1.2.4.2\mbassador-1.2.4.2.jar;C:\Users\thanh\.m2\repository\org\slf4j\slf4j-api\1.7.25\slf4j-api-1.7.25.jar;C:\Users\thanh\.m2\repository\org\slf4j\jcl-over-slf4j\1.7.25\jcl-over-slf4j-1.7.25.jar;C:\Users\thanh\.m2\repository\log4j\log4j\1.2.17\log4j-1.2.17.jar;C:\Users\thanh\.m2\repository\commons-codec\commons-codec\1.10\commons-codec-1.10.jar;C:\Users\thanh\.m2\repository\commons-io\commons-io\2.5\commons-io-2.5.jar;C:\Users\thanh\.m2\repository\org\apache\httpcomponents\httpclient\4.5.3\httpclient-4.5.3.jar;C:\Users\thanh\.m2\repository\org\apache\httpcomponents\httpcore\4.4.6\httpcore-4.4.6.jar;C:\Users\thanh\.m2\repository\com\fasterxml\jackson\core\jackson-core\2.8.10\jackson-core-2.8.10.jar;C:\Users\thanh\.m2\repository\com\fasterxml\jackson\core\jackson-databind\2.8.10\jackson-databind-2.8.10.jar;C:\Users\thanh\.m2\repository\org\apache\xmlgraphics\xmlgraphics-commons\2.1\xmlgraphics-commons-2.1.jar;C:\Users\thanh\.m2\repository\org\apache\avalon\framework\avalon-framework-api\4.3.1\avalon-framework-api-4.3.1.jar;C:\Users\thanh\.m2\repository\org\apache\avalon\framework\avalon-framework-impl\4.3.1\avalon-framework-impl-4.3.1.jar;C:\Users\thanh\.m2\repository\xalan\xalan\2.7.2\xalan-2.7.2.jar;C:\Users\thanh\.m2\repository\xalan\serializer\2.7.2\serializer-2.7.2.jar;C:\Users\thanh\.m2\repository\net\arnx\wmf2svg\0.9.8\wmf2svg-0.9.8.jar;C:\Users\thanh\.m2\repository\org\antlr\antlr-runtime\3.5.2\antlr-runtime-3.5.2.jar;C:\Users\thanh\.m2\repository\org\antlr\stri
Launcher Type: SUN_STANDARD

Environment Variables:
JAVA_HOME=C:/Program Files/Java/jdk1.8.0_101
PATH=C:\Users\thanh\bin;C:\Program Files\Git\mingw64\bin;C:\Program Files\Git\usr\local\bin;C:\Program Files\Git\usr\bin;C:\Program Files\Git\usr\bin;C:\Program Files\Git\mingw64\bin;C:\Program Files\Git\usr\bin;C:\Users\thanh\bin;C:\Program Files\Java\jdk1.8.0_101\jre\bin\server;C:\Program Files\Java\jdk1.8.0_101\jre\bin;C:\Program Files\Java\jdk1.8.0_101\jre\lib\amd64;C:\Program Files\Docker\Docker\Resources\bin;C:\webserver\Ruby\bin;C:\ProgramData\Oracle\Java\javapath;D:\app\egov\product\12.1.0\dbhome_1\bin;C:\WINDOWS\system32;C:\WINDOWS;C:\WINDOWS\System32\Wbem;C:\WINDOWS\System32\WindowsPowerShell\v1.0;C:\Program Files\TortoiseGit\bin;%localappdata%\Microsoft\WindowsApps;C:\Program Files\Apache\maven\bin;C:\Program Files\nodejs;C:\Program Files\MySQL\MySQL Utilities 1.6;C:\Program Files (x86)\Skype\Phone;C:\Program Files\PuTTY;C:\Users\thanh\AppData\Local\Programs\Python\Python35-32\Scripts;C:\Users\thanh\AppData\Local\Programs\Python\Python35-32;C:\Users\thanh\AppData\Local\Microsoft\WindowsApps;C:\Users\thanh\AppData\Roaming\npm;C:\Program Files (x86)\Microsoft VS Code\bin;D:\gj\eclipse;C:\Program Files\Git\usr\bin\vendor_perl;C:\Program Files\Git\usr\bin\core_perl
USERNAME=thanh
SHELL=C:\Program Files\Git\usr\bin\bash.exe
DISPLAY=needs-to-be-defined
OS=Windows_NT
PROCESSOR_IDENTIFIER=Intel64 Family 6 Model 60 Stepping 3, GenuineIntel



---------------  S Y S T E M  ---------------

OS: Windows 10.0 , 64 bit Build 16278 (10.0.16278.1000)

CPU:total 4 (4 cores per cpu, 1 threads per core) family 6 model 60 stepping 3, cmov, cx8, fxsr, mmx, sse, sse2, sse3, ssse3, sse4.1, sse4.2, popcnt, avx, avx2, aes, clmul, erms, lzcnt, tsc, tscinvbit, bmi1, bmi2

Memory: 4k page, physical 8305184k(513528k free), swap 18792092k(6428k free)

vm_info: Java HotSpot(TM) 64-Bit Server VM (25.101-b13) for windows-amd64 JRE (1.8.0_101-b13), built on Jun 22 2016 01:21:29 by "java_re" with MS VC++ 10.0 (VS2010)

time: Thu Sep 14 16:47:46 2017
elapsed time: 236 seconds (0d 0h 3m 56s)

