#
# A fatal error has been detected by the Java Runtime Environment:
#
#  EXCEPTION_ACCESS_VIOLATION (0xc0000005) at pc=0x000000005cae467b, pid=14400, tid=0x0000000000000f50
#
# JRE version: Java(TM) SE Runtime Environment (8.0_101-b13) (build 1.8.0_101-b13)
# Java VM: Java HotSpot(TM) 64-Bit Server VM (25.101-b13 mixed mode windows-amd64 compressed oops)
# Problematic frame:
# V  [jvm.dll+0x11467b]
#
# Failed to write core dump. Minidumps are not enabled by default on client versions of Windows
#
# If you would like to submit a bug report, please visit:
#   http://bugreport.java.com/bugreport/crash.jsp
#

---------------  T H R E A D  ---------------

Current thread (0x0000000004495000):  GCTaskThread [stack: 0x00000000142e0000,0x00000000143e0000] [id=3920]

siginfo: ExceptionCode=0xc0000005, reading address 0x00000000021003a0

Registers:
RAX=0x00000000143e0000, RBX=0x0000000084dffcb8, RCX=0x0000000000000003, RDX=0x0000000000000001
RSP=0x00000000143df760, RBP=0x0000000084fffc5c, RSI=0x0000000000000005, RDI=0x0000000004547660
R8 =0x0000000002100398, R9 =0x0000000000000005, R10=0x000000000000000c, R11=0x00000000000005b2
R12=0x0000000084fffc80, R13=0x00000001005f0f58, R14=0x00000001005f0f60, R15=0x0000000084fffc38
RIP=0x000000005cae467b, EFLAGS=0x0000000000010202

Top of Stack: (sp=0x00000000143df760)
0x00000000143df760:   0000000084fffc80 0000000084fffc48
0x00000000143df770:   0000000000000005 0000000004547660
0x00000000143df780:   0000000000000000 0000000004495390
0x00000000143df790:   0000000004487a10 0000000000000003
0x00000000143df7a0:   00000000000005b2 000000005cdc7a50
0x00000000143df7b0:   00000000199c6dd0 0000000000000000
0x00000000143df7c0:   0000000004547660 000000005d021da8
0x00000000143df7d0:   000000005d1ea6d0 0000000000000017
0x00000000143df7e0:   0000000085010178 000000008501011c
0x00000000143df7f0:   0000000085010170 000000005cadace2
0x00000000143df800:   0000000084ff07d0 0000000004547660
0x00000000143df810:   0000000084ff07d0 0000000004487a10
0x00000000143df820:   00000000044953a0 0000000004495390
0x00000000143df830:   000000005d021da8 0000000000000003
0x00000000143df840:   000000001d5e5ba0 0000000000000000
0x00000000143df850:   0000000004547660 000000005cdc53df 

Instructions: (pc=0x000000005cae467b)
0x000000005cae465b:   6f 00 84 d2 74 16 44 8b 43 08 8b 0d 35 a1 68 00
0x000000005cae466b:   49 d3 e0 4c 03 05 23 a1 68 00 eb 04 4c 8b 43 08
0x000000005cae467b:   45 8b 48 08 45 85 c9 7e 0c 41 f6 c1 01 75 4b 41
0x000000005cae468b:   c1 f9 03 eb 57 79 43 84 d2 41 8b c9 b8 10 00 00 


Register to memory mapping:

RAX=0x00000000143e0000 is an unknown value
RBX=0x0000000084dffcb8 is pointing into object: 0x0000000084dffbc8
[C 
 - klass: {type array char}
 - length: 140
RCX=0x0000000000000003 is an unknown value
RDX=0x0000000000000001 is an unknown value
RSP=0x00000000143df760 is an unknown value
RBP=0x0000000084fffc5c is pointing into object: 0x0000000084fffc38
vn.greenglobal.tttp.model.QModel 
 - klass: 'vn/greenglobal/tttp/model/QModel'
RSI=0x0000000000000005 is an unknown value
RDI=0x0000000004547660 is an unknown value
R8 =0x0000000002100398 is an unknown value
R9 =0x0000000000000005 is an unknown value
R10=0x000000000000000c is an unknown value
R11=0x00000000000005b2 is an unknown value
R12=0x0000000084fffc80 is an oop
com.querydsl.core.types.PathImpl 
 - klass: 'com/querydsl/core/types/PathImpl'
R13=0x00000001005f0f58 is pointing into metadata
R14=0x00000001005f0f60 is pointing into metadata
R15=0x0000000084fffc38 is an oop
vn.greenglobal.tttp.model.QModel 
 - klass: 'vn/greenglobal/tttp/model/QModel'


Stack: [0x00000000142e0000,0x00000000143e0000],  sp=0x00000000143df760,  free space=1021k
Native frames: (J=compiled Java code, j=interpreted, Vv=VM code, C=native code)
V  [jvm.dll+0x11467b]
V  [jvm.dll+0x3f7a50]
V  [jvm.dll+0x3f53df]
V  [jvm.dll+0x3f25ce]
V  [jvm.dll+0x29c18a]
C  [msvcr100.dll+0x21d9f]
C  [msvcr100.dll+0x21e3b]
C  [KERNEL32.DLL+0x12fa4]
C  [ntdll.dll+0x6cfa1]


---------------  P R O C E S S  ---------------

Java Threads: ( => current thread )
  0x000000001bfca000 JavaThread "Thread-9" [_thread_blocked, id=12972, stack(0x000000002dec0000,0x000000002dfc0000)]
  0x000000001bfd1000 JavaThread "DestroyJavaVM" [_thread_blocked, id=6404, stack(0x0000000004370000,0x0000000004470000)]
  0x000000001bfd0000 JavaThread "http-nio-8088-AsyncTimeout" daemon [_thread_blocked, id=6892, stack(0x000000002dcc0000,0x000000002ddc0000)]
  0x0000000020ca0000 JavaThread "http-nio-8088-Acceptor-0" daemon [_thread_blocked, id=15328, stack(0x000000002dbc0000,0x000000002dcc0000)]
  0x0000000020c90800 JavaThread "Live Reload Server" daemon [_thread_in_native, id=14088, stack(0x000000002b2a0000,0x000000002b3a0000)]
  0x000000001ab60800 JavaThread "Service Thread" daemon [_thread_blocked, id=11428, stack(0x000000001af20000,0x000000001b020000)]
  0x00000000190f5800 JavaThread "C1 CompilerThread2" daemon [_thread_blocked, id=13980, stack(0x000000001aa20000,0x000000001ab20000)]
  0x00000000190ee800 JavaThread "C2 CompilerThread1" daemon [_thread_blocked, id=12096, stack(0x000000001a920000,0x000000001aa20000)]
  0x00000000190eb800 JavaThread "C2 CompilerThread0" daemon [_thread_blocked, id=6688, stack(0x000000001a820000,0x000000001a920000)]
  0x00000000190ea800 JavaThread "Attach Listener" daemon [_thread_blocked, id=2448, stack(0x000000001a720000,0x000000001a820000)]
  0x00000000190e9800 JavaThread "Signal Dispatcher" daemon [_thread_blocked, id=8908, stack(0x000000001a620000,0x000000001a720000)]
  0x000000000456e000 JavaThread "Finalizer" daemon [_thread_blocked, id=14320, stack(0x000000001a330000,0x000000001a430000)]
  0x00000000190a8800 JavaThread "Reference Handler" daemon [_thread_blocked, id=9244, stack(0x000000001a230000,0x000000001a330000)]

Other Threads:
  0x00000000190a7000 VMThread [stack: 0x000000001a130000,0x000000001a230000] [id=4560]
  0x000000001abf7000 WatcherThread [stack: 0x000000001b020000,0x000000001b120000] [id=12756]

=>0x0000000004495000 (exited) GCTaskThread [stack: 0x00000000142e0000,0x00000000143e0000] [id=3920]

VM state:at safepoint (normal execution)

VM Mutex/Monitor currently owned by a thread:  ([mutex/lock_event])
[0x000000000266b850] Threads_lock - owner thread: 0x00000000190a7000
[0x000000000266c150] Heap_lock - owner thread: 0x000000001bfca000

Heap:
 PSYoungGen      total 550912K, used 23168K [0x00000000d5c00000, 0x00000000fb580000, 0x0000000100000000)
  eden space 527360K, 0% used [0x00000000d5c00000,0x00000000d5c00000,0x00000000f5f00000)
  from space 23552K, 98% used [0x00000000f7700000,0x00000000f8da0020,0x00000000f8e00000)
  to   space 40448K, 0% used [0x00000000f8e00000,0x00000000f8e00000,0x00000000fb580000)
 ParOldGen       total 191488K, used 79841K [0x0000000081400000, 0x000000008cf00000, 0x00000000d5c00000)
  object space 191488K, 41% used [0x0000000081400000,0x00000000861f85b8,0x000000008cf00000)
 Metaspace       used 70656K, capacity 71680K, committed 72192K, reserved 1112064K
  class space    used 8853K, capacity 9104K, committed 9216K, reserved 1048576K

Card table byte_map: [0x0000000013930000,0x0000000013d30000] byte_map_base: 0x0000000013526000

Marking Bits: (ParMarkBitMap*) 0x000000005d1ea6d0
 Begin Bits: [0x00000000143e0000, 0x0000000016390000)
 End Bits:   [0x0000000016390000, 0x0000000018340000)

Polling page: 0x00000000001f0000

CodeCache: size=245760Kb used=29369Kb max_used=32375Kb free=216390Kb
 bounds [0x0000000004570000, 0x0000000006540000, 0x0000000013570000]
 total_blobs=9297 nmethods=8737 adapters=471
 compilation: enabled

Compilation events (10 events):
Event: 2402.955 Thread 0x00000000190ee800 nmethod 11214 0x0000000004836290 code [0x00000000048363e0, 0x00000000048364d8]
Event: 2402.960 Thread 0x00000000190eb800 11216       4       java.security.CodeSource::equals (60 bytes)
Event: 2402.993 Thread 0x00000000190eb800 nmethod 11216 0x000000000520d310 code [0x000000000520d5c0, 0x000000000520fbc0]
Event: 2403.061 Thread 0x00000000190f5800 11217       1       java.lang.ThreadGroup::getMaxPriority (5 bytes)
Event: 2403.061 Thread 0x00000000190f5800 nmethod 11217 0x000000000520cfd0 code [0x000000000520d120, 0x000000000520d230]
Event: 2403.068 Thread 0x00000000190f5800 11218       3       java.security.CodeSource::<init> (40 bytes)
Event: 2403.070 Thread 0x00000000190f5800 nmethod 11218 0x0000000004683bd0 code [0x0000000004683d40, 0x0000000004684148]
Event: 2403.097 Thread 0x00000000190f5800 11219  s    3       org.apache.catalina.util.LifecycleBase::setStateInternal (144 bytes)
Event: 2403.098 Thread 0x00000000190f5800 nmethod 11219 0x0000000005d87ad0 code [0x0000000005d87d20, 0x0000000005d88da8]
Event: 2403.101 Thread 0x00000000190f5800 11220       3       org.springframework.util.ConcurrentReferenceHashMap$EntryIterator::moveToNextSegment (55 bytes)

GC Heap History (10 events):
Event: 345.189 GC heap after
Heap after GC invocations=22 (full 3):
 PSYoungGen      total 643584K, used 28368K [0x00000000d5c00000, 0x0000000100000000, 0x0000000100000000)
  eden space 600576K, 0% used [0x00000000d5c00000,0x00000000d5c00000,0x00000000fa680000)
  from space 43008K, 65% used [0x00000000fa680000,0x00000000fc234030,0x00000000fd080000)
  to   space 44032K, 0% used [0x00000000fd500000,0x00000000fd500000,0x0000000100000000)
 ParOldGen       total 191488K, used 79817K [0x0000000081400000, 0x000000008cf00000, 0x00000000d5c00000)
  object space 191488K, 41% used [0x0000000081400000,0x00000000861f25b8,0x000000008cf00000)
 Metaspace       used 70441K, capacity 71438K, committed 71808K, reserved 1112064K
  class space    used 8833K, capacity 9068K, committed 9088K, reserved 1048576K
}
Event: 981.345 GC heap before
{Heap before GC invocations=23 (full 3):
 PSYoungGen      total 643584K, used 628944K [0x00000000d5c00000, 0x0000000100000000, 0x0000000100000000)
  eden space 600576K, 100% used [0x00000000d5c00000,0x00000000fa680000,0x00000000fa680000)
  from space 43008K, 65% used [0x00000000fa680000,0x00000000fc234030,0x00000000fd080000)
  to   space 44032K, 0% used [0x00000000fd500000,0x00000000fd500000,0x0000000100000000)
 ParOldGen       total 191488K, used 79817K [0x0000000081400000, 0x000000008cf00000, 0x00000000d5c00000)
  object space 191488K, 41% used [0x0000000081400000,0x00000000861f25b8,0x000000008cf00000)
 Metaspace       used 70473K, capacity 71502K, committed 71808K, reserved 1112064K
  class space    used 8833K, capacity 9068K, committed 9088K, reserved 1048576K
Event: 981.365 GC heap after
Heap after GC invocations=23 (full 3):
 PSYoungGen      total 603648K, used 28320K [0x00000000d5c00000, 0x00000000ff100000, 0x0000000100000000)
  eden space 574976K, 0% used [0x00000000d5c00000,0x00000000d5c00000,0x00000000f8d80000)
  from space 28672K, 98% used [0x00000000fd500000,0x00000000ff0a8020,0x00000000ff100000)
  to   space 45056K, 0% used [0x00000000f9900000,0x00000000f9900000,0x00000000fc500000)
 ParOldGen       total 191488K, used 79817K [0x0000000081400000, 0x000000008cf00000, 0x00000000d5c00000)
  object space 191488K, 41% used [0x0000000081400000,0x00000000861f25b8,0x000000008cf00000)
 Metaspace       used 70473K, capacity 71502K, committed 71808K, reserved 1112064K
  class space    used 8833K, capacity 9068K, committed 9088K, reserved 1048576K
}
Event: 1701.657 GC heap before
{Heap before GC invocations=24 (full 3):
 PSYoungGen      total 603648K, used 603296K [0x00000000d5c00000, 0x00000000ff100000, 0x0000000100000000)
  eden space 574976K, 100% used [0x00000000d5c00000,0x00000000f8d80000,0x00000000f8d80000)
  from space 28672K, 98% used [0x00000000fd500000,0x00000000ff0a8020,0x00000000ff100000)
  to   space 45056K, 0% used [0x00000000f9900000,0x00000000f9900000,0x00000000fc500000)
 ParOldGen       total 191488K, used 79817K [0x0000000081400000, 0x000000008cf00000, 0x00000000d5c00000)
  object space 191488K, 41% used [0x0000000081400000,0x00000000861f25b8,0x000000008cf00000)
 Metaspace       used 70484K, capacity 71502K, committed 71808K, reserved 1112064K
  class space    used 8833K, capacity 9068K, committed 9088K, reserved 1048576K
Event: 1701.680 GC heap after
Heap after GC invocations=24 (full 3):
 PSYoungGen      total 579072K, used 28272K [0x00000000d5c00000, 0x00000000fd580000, 0x0000000100000000)
  eden space 550400K, 0% used [0x00000000d5c00000,0x00000000d5c00000,0x00000000f7580000)
  from space 28672K, 98% used [0x00000000f9900000,0x00000000fb49c030,0x00000000fb500000)
  to   space 33280K, 0% used [0x00000000fb500000,0x00000000fb500000,0x00000000fd580000)
 ParOldGen       total 191488K, used 79825K [0x0000000081400000, 0x000000008cf00000, 0x00000000d5c00000)
  object space 191488K, 41% used [0x0000000081400000,0x00000000861f45b8,0x000000008cf00000)
 Metaspace       used 70484K, capacity 71502K, committed 71808K, reserved 1112064K
  class space    used 8833K, capacity 9068K, committed 9088K, reserved 1048576K
}
Event: 2403.077 GC heap before
{Heap before GC invocations=25 (full 3):
 PSYoungGen      total 579072K, used 578672K [0x00000000d5c00000, 0x00000000fd580000, 0x0000000100000000)
  eden space 550400K, 100% used [0x00000000d5c00000,0x00000000f7580000,0x00000000f7580000)
  from space 28672K, 98% used [0x00000000f9900000,0x00000000fb49c030,0x00000000fb500000)
  to   space 33280K, 0% used [0x00000000fb500000,0x00000000fb500000,0x00000000fd580000)
 ParOldGen       total 191488K, used 79825K [0x0000000081400000, 0x000000008cf00000, 0x00000000d5c00000)
  object space 191488K, 41% used [0x0000000081400000,0x00000000861f45b8,0x000000008cf00000)
 Metaspace       used 70654K, capacity 71680K, committed 72192K, reserved 1112064K
  class space    used 8853K, capacity 9104K, committed 9216K, reserved 1048576K
Event: 2403.097 GC heap after
Heap after GC invocations=25 (full 3):
 PSYoungGen      total 552960K, used 25392K [0x00000000d5c00000, 0x00000000fce00000, 0x0000000100000000)
  eden space 527360K, 0% used [0x00000000d5c00000,0x00000000d5c00000,0x00000000f5f00000)
  from space 25600K, 99% used [0x00000000fb500000,0x00000000fcdcc030,0x00000000fce00000)
  to   space 44544K, 0% used [0x00000000f7700000,0x00000000f7700000,0x00000000fa280000)
 ParOldGen       total 191488K, used 79833K [0x0000000081400000, 0x000000008cf00000, 0x00000000d5c00000)
  object space 191488K, 41% used [0x0000000081400000,0x00000000861f65b8,0x000000008cf00000)
 Metaspace       used 70654K, capacity 71680K, committed 72192K, reserved 1112064K
  class space    used 8853K, capacity 9104K, committed 9216K, reserved 1048576K
}
Event: 2403.101 GC heap before
{Heap before GC invocations=26 (full 3):
 PSYoungGen      total 552960K, used 34509K [0x00000000d5c00000, 0x00000000fce00000, 0x0000000100000000)
  eden space 527360K, 1% used [0x00000000d5c00000,0x00000000d64e76f8,0x00000000f5f00000)
  from space 25600K, 99% used [0x00000000fb500000,0x00000000fcdcc030,0x00000000fce00000)
  to   space 44544K, 0% used [0x00000000f7700000,0x00000000f7700000,0x00000000fa280000)
 ParOldGen       total 191488K, used 79833K [0x0000000081400000, 0x000000008cf00000, 0x00000000d5c00000)
  object space 191488K, 41% used [0x0000000081400000,0x00000000861f65b8,0x000000008cf00000)
 Metaspace       used 70656K, capacity 71680K, committed 72192K, reserved 1112064K
  class space    used 8853K, capacity 9104K, committed 9216K, reserved 1048576K
Event: 2403.126 GC heap after
Heap after GC invocations=26 (full 3):
 PSYoungGen      total 550912K, used 23168K [0x00000000d5c00000, 0x00000000fb580000, 0x0000000100000000)
  eden space 527360K, 0% used [0x00000000d5c00000,0x00000000d5c00000,0x00000000f5f00000)
  from space 23552K, 98% used [0x00000000f7700000,0x00000000f8da0020,0x00000000f8e00000)
  to   space 40448K, 0% used [0x00000000f8e00000,0x00000000f8e00000,0x00000000fb580000)
 ParOldGen       total 191488K, used 79841K [0x0000000081400000, 0x000000008cf00000, 0x00000000d5c00000)
  object space 191488K, 41% used [0x0000000081400000,0x00000000861f85b8,0x000000008cf00000)
 Metaspace       used 70656K, capacity 71680K, committed 72192K, reserved 1112064K
  class space    used 8853K, capacity 9104K, committed 9216K, reserved 1048576K
}
Event: 2403.126 GC heap before
{Heap before GC invocations=27 (full 4):
 PSYoungGen      total 550912K, used 23168K [0x00000000d5c00000, 0x00000000fb580000, 0x0000000100000000)
  eden space 527360K, 0% used [0x00000000d5c00000,0x00000000d5c00000,0x00000000f5f00000)
  from space 23552K, 98% used [0x00000000f7700000,0x00000000f8da0020,0x00000000f8e00000)
  to   space 40448K, 0% used [0x00000000f8e00000,0x00000000f8e00000,0x00000000fb580000)
 ParOldGen       total 191488K, used 79841K [0x0000000081400000, 0x000000008cf00000, 0x00000000d5c00000)
  object space 191488K, 41% used [0x0000000081400000,0x00000000861f85b8,0x000000008cf00000)
 Metaspace       used 70656K, capacity 71680K, committed 72192K, reserved 1112064K
  class space    used 8853K, capacity 9104K, committed 9216K, reserved 1048576K

Deoptimization events (10 events):
Event: 33.211 Thread 0x0000000020c95800 Uncommon trap: reason=unstable_if action=reinterpret pc=0x000000000614c460 method=java.util.concurrent.locks.AbstractQueuedSynchronizer.release(I)Z @ 14
Event: 2402.729 Thread 0x0000000020c93800 Uncommon trap: reason=bimorphic action=maybe_recompile pc=0x000000000525f5a8 method=java.util.AbstractSet.equals(Ljava/lang/Object;)Z @ 28
Event: 2402.731 Thread 0x0000000020c93800 Uncommon trap: reason=unstable_if action=reinterpret pc=0x0000000005149a48 method=org.springframework.boot.devtools.filewatch.FileSnapshot.equals(Ljava/lang/Object;)Z @ 71
Event: 2402.782 Thread 0x000000001bfca000 Uncommon trap: reason=unstable_if action=reinterpret pc=0x0000000006341d54 method=java.util.concurrent.locks.ReentrantLock$NonfairSync.lock()V @ 6
Event: 2402.844 Thread 0x000000001bfca000 Uncommon trap: reason=unstable_if action=reinterpret pc=0x0000000005590ec8 method=java.util.concurrent.locks.ReentrantLock$NonfairSync.lock()V @ 6
Event: 2402.856 Thread 0x0000000021066000 Uncommon trap: reason=unstable_if action=reinterpret pc=0x0000000005c8343c method=java.util.concurrent.locks.AbstractQueuedSynchronizer.release(I)Z @ 21
Event: 2403.074 Thread 0x0000000020c9e000 Uncommon trap: reason=unstable_if action=reinterpret pc=0x0000000004d3d590 method=sun.nio.ch.WindowsSelectorImpl$SubSelector.processFDSet(J[IIZ)I @ 11
Event: 2403.074 Thread 0x0000000020c9f800 Uncommon trap: reason=unstable_if action=reinterpret pc=0x00000000047f70cc method=sun.nio.ch.WindowsSelectorImpl.resetWakeupSocket()V @ 11
Event: 2403.074 Thread 0x0000000020c9e000 Uncommon trap: reason=unstable_if action=reinterpret pc=0x00000000047f70cc method=sun.nio.ch.WindowsSelectorImpl.resetWakeupSocket()V @ 11
Event: 2403.076 Thread 0x0000000020c94000 Uncommon trap: reason=unstable_if action=reinterpret pc=0x00000000047f70cc method=sun.nio.ch.WindowsSelectorImpl.resetWakeupSocket()V @ 11

Internal exceptions (10 events):
Event: 32.695 Thread 0x000000001c73c800 Exception <a 'java/security/PrivilegedActionException'> (0x00000000f41f7828) thrown at [C:\re\workspace\8-2-build-windows-amd64-cygwin\jdk8u101\7261\hotspot\src\share\vm\prims\jvm.cpp, line 1386]
Event: 32.695 Thread 0x000000001c73c800 Exception <a 'java/security/PrivilegedActionException'> (0x00000000f41f7c20) thrown at [C:\re\workspace\8-2-build-windows-amd64-cygwin\jdk8u101\7261\hotspot\src\share\vm\prims\jvm.cpp, line 1386]
Event: 32.696 Thread 0x000000001c73c800 Exception <a 'java/security/PrivilegedActionException'> (0x00000000f4205498) thrown at [C:\re\workspace\8-2-build-windows-amd64-cygwin\jdk8u101\7261\hotspot\src\share\vm\prims\jvm.cpp, line 1386]
Event: 32.696 Thread 0x000000001c73c800 Exception <a 'java/security/PrivilegedActionException'> (0x00000000f4205890) thrown at [C:\re\workspace\8-2-build-windows-amd64-cygwin\jdk8u101\7261\hotspot\src\share\vm\prims\jvm.cpp, line 1386]
Event: 32.699 Thread 0x000000001c73c800 Exception <a 'java/security/PrivilegedActionException'> (0x00000000f4273d10) thrown at [C:\re\workspace\8-2-build-windows-amd64-cygwin\jdk8u101\7261\hotspot\src\share\vm\prims\jvm.cpp, line 1386]
Event: 32.699 Thread 0x000000001c73c800 Exception <a 'java/security/PrivilegedActionException'> (0x00000000f4274108) thrown at [C:\re\workspace\8-2-build-windows-amd64-cygwin\jdk8u101\7261\hotspot\src\share\vm\prims\jvm.cpp, line 1386]
Event: 32.699 Thread 0x000000001c73c800 Exception <a 'java/security/PrivilegedActionException'> (0x00000000f4281980) thrown at [C:\re\workspace\8-2-build-windows-amd64-cygwin\jdk8u101\7261\hotspot\src\share\vm\prims\jvm.cpp, line 1386]
Event: 32.699 Thread 0x000000001c73c800 Exception <a 'java/security/PrivilegedActionException'> (0x00000000f4281d78) thrown at [C:\re\workspace\8-2-build-windows-amd64-cygwin\jdk8u101\7261\hotspot\src\share\vm\prims\jvm.cpp, line 1386]
Event: 2403.059 Thread 0x0000000020c97000 Exception <a 'java/lang/InterruptedException': sleep interrupted> (0x00000000d62cc858) thrown at [C:\re\workspace\8-2-build-windows-amd64-cygwin\jdk8u101\7261\hotspot\src\share\vm\prims\jvm.cpp, line 3215]
Event: 2403.097 Thread 0x0000000020c96800 Exception <a 'java/lang/InterruptedException': sleep interrupted> (0x00000000d5c00050) thrown at [C:\re\workspace\8-2-build-windows-amd64-cygwin\jdk8u101\7261\hotspot\src\share\vm\prims\jvm.cpp, line 3215]

Events (10 events):
Event: 2403.097 Thread 0x0000000020c96800 Thread exited: 0x0000000020c96800
Event: 2403.098 Executing VM operation: RevokeBias
Event: 2403.098 Executing VM operation: RevokeBias done
Event: 2403.099 Executing VM operation: RevokeBias
Event: 2403.099 Executing VM operation: RevokeBias done
Event: 2403.099 Executing VM operation: RevokeBias
Event: 2403.099 Thread 0x0000000021069000 Thread exited: 0x0000000021069000
Event: 2403.099 Executing VM operation: RevokeBias done
Event: 2403.100 Thread 0x0000000021066000 Thread exited: 0x0000000021066000
Event: 2403.101 Executing VM operation: ParallelGCSystemGC


Dynamic libraries:
0x00007ff771580000 - 0x00007ff7715b7000 	C:\Program Files\Java\jdk1.8.0_101\jre\bin\java.exe
0x00007ffea66a0000 - 0x00007ffea687e000 	C:\WINDOWS\SYSTEM32\ntdll.dll
0x00007ffea3c10000 - 0x00007ffea3cbd000 	C:\WINDOWS\System32\KERNEL32.DLL
0x00007ffea2be0000 - 0x00007ffea2e47000 	C:\WINDOWS\System32\KERNELBASE.dll
0x00007ffea3fc0000 - 0x00007ffea4061000 	C:\WINDOWS\System32\ADVAPI32.dll
0x00007ffea4850000 - 0x00007ffea48ed000 	C:\WINDOWS\System32\msvcrt.dll
0x00007ffea3ec0000 - 0x00007ffea3f1a000 	C:\WINDOWS\System32\sechost.dll
0x00007ffea41e0000 - 0x00007ffea4302000 	C:\WINDOWS\System32\RPCRT4.dll
0x00007ffea4c00000 - 0x00007ffea4d8e000 	C:\WINDOWS\System32\USER32.dll
0x00007ffea2e50000 - 0x00007ffea2e70000 	C:\WINDOWS\System32\win32u.dll
0x00007ffea3f80000 - 0x00007ffea3fa9000 	C:\WINDOWS\System32\GDI32.dll
0x00007ffea2f80000 - 0x00007ffea310b000 	C:\WINDOWS\System32\gdi32full.dll
0x00007ffea3ac0000 - 0x00007ffea3b5a000 	C:\WINDOWS\System32\msvcp_win.dll
0x00007ffea2a90000 - 0x00007ffea2b88000 	C:\WINDOWS\System32\ucrtbase.dll
0x00007ffe98af0000 - 0x00007ffe98d57000 	C:\WINDOWS\WinSxS\amd64_microsoft.windows.common-controls_6595b64144ccf1df_6.0.16232.1000_none_0ca1c792a8b1ed1f\COMCTL32.dll
0x00007ffea48f0000 - 0x00007ffea4bfa000 	C:\WINDOWS\System32\combase.dll
0x00007ffea3870000 - 0x00007ffea38e2000 	C:\WINDOWS\System32\bcryptPrimitives.dll
0x00007ffea45f0000 - 0x00007ffea461d000 	C:\WINDOWS\System32\IMM32.DLL
0x000000005d720000 - 0x000000005d7f2000 	C:\Program Files\Java\jdk1.8.0_101\jre\bin\msvcr100.dll
0x000000005c9d0000 - 0x000000005d26a000 	C:\Program Files\Java\jdk1.8.0_101\jre\bin\server\jvm.dll
0x00007ffea4620000 - 0x00007ffea4628000 	C:\WINDOWS\System32\PSAPI.DLL
0x00007ffe912d0000 - 0x00007ffe912d9000 	C:\WINDOWS\SYSTEM32\WSOCK32.dll
0x00007ffea0c00000 - 0x00007ffea0c23000 	C:\WINDOWS\SYSTEM32\WINMM.dll
0x00007ffea4580000 - 0x00007ffea45ed000 	C:\WINDOWS\System32\WS2_32.dll
0x00007ffe9ee10000 - 0x00007ffe9ee1a000 	C:\WINDOWS\SYSTEM32\VERSION.dll
0x00007ffea0ba0000 - 0x00007ffea0bcb000 	C:\WINDOWS\SYSTEM32\WINMMBASE.dll
0x00007ffea2b90000 - 0x00007ffea2bda000 	C:\WINDOWS\System32\cfgmgr32.dll
0x000000005d710000 - 0x000000005d71f000 	C:\Program Files\Java\jdk1.8.0_101\jre\bin\verify.dll
0x000000005d6e0000 - 0x000000005d709000 	C:\Program Files\Java\jdk1.8.0_101\jre\bin\java.dll
0x000000005d6c0000 - 0x000000005d6d6000 	C:\Program Files\Java\jdk1.8.0_101\jre\bin\zip.dll
0x00007ffea51d0000 - 0x00007ffea6602000 	C:\WINDOWS\System32\SHELL32.dll
0x00007ffea4320000 - 0x00007ffea43c9000 	C:\WINDOWS\System32\shcore.dll
0x00007ffea3110000 - 0x00007ffea3866000 	C:\WINDOWS\System32\windows.storage.dll
0x00007ffea3cc0000 - 0x00007ffea3d11000 	C:\WINDOWS\System32\shlwapi.dll
0x00007ffea2a70000 - 0x00007ffea2a81000 	C:\WINDOWS\System32\kernel.appcore.dll
0x00007ffea2a00000 - 0x00007ffea2a4c000 	C:\WINDOWS\System32\powrprof.dll
0x00007ffea29e0000 - 0x00007ffea29fb000 	C:\WINDOWS\System32\profapi.dll
0x000000005d6b0000 - 0x000000005d6bd000 	C:\Program Files\Java\jdk1.8.0_101\jre\bin\management.dll
0x000000005d690000 - 0x000000005d6aa000 	C:\Program Files\Java\jdk1.8.0_101\jre\bin\net.dll
0x00007ffea2220000 - 0x00007ffea2286000 	C:\WINDOWS\system32\mswsock.dll
0x00007ffe9f960000 - 0x00007ffe9f976000 	C:\WINDOWS\system32\napinsp.dll
0x00007ffe9d1e0000 - 0x00007ffe9d1fa000 	C:\WINDOWS\system32\pnrpnsp.dll
0x00007ffea1ff0000 - 0x00007ffea20a3000 	C:\WINDOWS\SYSTEM32\DNSAPI.dll
0x00007ffea3fb0000 - 0x00007ffea3fb8000 	C:\WINDOWS\System32\NSI.dll
0x00007ffea1fb0000 - 0x00007ffea1fe7000 	C:\WINDOWS\SYSTEM32\IPHLPAPI.DLL
0x00007ffea0d50000 - 0x00007ffea0d5e000 	C:\WINDOWS\System32\winrnr.dll
0x00007ffe9f5e0000 - 0x00007ffe9f5f8000 	C:\WINDOWS\system32\NLAapi.dll
0x00007ffe9bfa0000 - 0x00007ffe9bfaa000 	C:\Windows\System32\rasadhlp.dll
0x00007ffe9c910000 - 0x00007ffe9c980000 	C:\WINDOWS\System32\fwpuclnt.dll
0x00007ffea28b0000 - 0x00007ffea28d5000 	C:\WINDOWS\SYSTEM32\bcrypt.dll
0x000000005d670000 - 0x000000005d681000 	C:\Program Files\Java\jdk1.8.0_101\jre\bin\nio.dll
0x00007ffea23e0000 - 0x00007ffea23f7000 	C:\WINDOWS\SYSTEM32\CRYPTSP.dll
0x00007ffea1e40000 - 0x00007ffea1e73000 	C:\WINDOWS\system32\rsaenh.dll
0x00007ffea28e0000 - 0x00007ffea2909000 	C:\WINDOWS\SYSTEM32\USERENV.dll
0x00007ffea2400000 - 0x00007ffea240b000 	C:\WINDOWS\SYSTEM32\CRYPTBASE.dll
0x00007ffe9e580000 - 0x00007ffe9e596000 	C:\WINDOWS\SYSTEM32\dhcpcsvc6.DLL
0x00007ffe9e560000 - 0x00007ffe9e57a000 	C:\WINDOWS\SYSTEM32\dhcpcsvc.DLL
0x00007ffe95320000 - 0x00007ffe954e8000 	C:\WINDOWS\SYSTEM32\dbghelp.dll

VM Arguments:
java_command: vn.greenglobal.Application
java_class_path (initial): D:\gj\workspace2\tttp-api\target\classes;C:\Users\thanh\.m2\repository\com\googlecode\json-simple\json-simple\1.1.1\json-simple-1.1.1.jar;C:\Users\thanh\.m2\repository\junit\junit\4.12\junit-4.12.jar;C:\Users\thanh\.m2\repository\org\docx4j\docx4j\3.3.4\docx4j-3.3.4.jar;C:\Users\thanh\.m2\repository\org\plutext\jaxb-svg11\1.0.2\jaxb-svg11-1.0.2.jar;C:\Users\thanh\.m2\repository\net\engio\mbassador\1.2.4.2\mbassador-1.2.4.2.jar;C:\Users\thanh\.m2\repository\org\slf4j\slf4j-api\1.7.25\slf4j-api-1.7.25.jar;C:\Users\thanh\.m2\repository\org\slf4j\jcl-over-slf4j\1.7.25\jcl-over-slf4j-1.7.25.jar;C:\Users\thanh\.m2\repository\log4j\log4j\1.2.17\log4j-1.2.17.jar;C:\Users\thanh\.m2\repository\commons-codec\commons-codec\1.10\commons-codec-1.10.jar;C:\Users\thanh\.m2\repository\commons-io\commons-io\2.5\commons-io-2.5.jar;C:\Users\thanh\.m2\repository\org\apache\httpcomponents\httpclient\4.5.3\httpclient-4.5.3.jar;C:\Users\thanh\.m2\repository\org\apache\httpcomponents\httpcore\4.4.6\httpcore-4.4.6.jar;C:\Users\thanh\.m2\repository\com\fasterxml\jackson\core\jackson-core\2.8.8\jackson-core-2.8.8.jar;C:\Users\thanh\.m2\repository\com\fasterxml\jackson\core\jackson-databind\2.8.8\jackson-databind-2.8.8.jar;C:\Users\thanh\.m2\repository\org\apache\xmlgraphics\xmlgraphics-commons\2.1\xmlgraphics-commons-2.1.jar;C:\Users\thanh\.m2\repository\org\apache\avalon\framework\avalon-framework-api\4.3.1\avalon-framework-api-4.3.1.jar;C:\Users\thanh\.m2\repository\org\apache\avalon\framework\avalon-framework-impl\4.3.1\avalon-framework-impl-4.3.1.jar;C:\Users\thanh\.m2\repository\xalan\xalan\2.7.2\xalan-2.7.2.jar;C:\Users\thanh\.m2\repository\xalan\serializer\2.7.2\serializer-2.7.2.jar;C:\Users\thanh\.m2\repository\net\arnx\wmf2svg\0.9.8\wmf2svg-0.9.8.jar;C:\Users\thanh\.m2\repository\org\antlr\antlr-runtime\3.5.2\antlr-runtime-3.5.2.jar;C:\Users\thanh\.m2\repository\org\antlr\stringtemplate\3.2.1\stringtemplate-3.2.1.jar;C:\Users\thanh\.m2\repository\antlr\ant
Launcher Type: SUN_STANDARD

Environment Variables:
JAVA_HOME=C:/Program Files/Java/jdk1.8.0_101
PATH=C:\Users\thanh\bin;C:\Program Files\Git\mingw64\bin;C:\Program Files\Git\usr\local\bin;C:\Program Files\Git\usr\bin;C:\Program Files\Git\usr\bin;C:\Program Files\Git\mingw64\bin;C:\Program Files\Git\usr\bin;C:\Users\thanh\bin;C:\Program Files\Java\jdk1.8.0_101\jre\bin\server;C:\Program Files\Java\jdk1.8.0_101\jre\bin;C:\Program Files\Java\jdk1.8.0_101\jre\lib\amd64;C:\Program Files\Docker\Docker\Resources\bin;C:\webserver\Ruby\bin;C:\ProgramData\Oracle\Java\javapath;D:\app\egov\product\12.1.0\dbhome_1\bin;C:\WINDOWS\system32;C:\WINDOWS;C:\WINDOWS\System32\Wbem;C:\WINDOWS\System32\WindowsPowerShell\v1.0;C:\Program Files\TortoiseGit\bin;%localappdata%\Microsoft\WindowsApps;C:\Program Files\Apache\maven\bin;C:\Program Files\nodejs;C:\Program Files\MySQL\MySQL Utilities 1.6;C:\Program Files (x86)\Skype\Phone;C:\Users\thanh\AppData\Local\Programs\Python\Python35-32\Scripts;C:\Users\thanh\AppData\Local\Programs\Python\Python35-32;C:\Users\thanh\AppData\Local\Microsoft\WindowsApps;C:\Users\thanh\AppData\Roaming\npm;C:\Program Files (x86)\Microsoft VS Code\bin;D:\gj\eclipse;C:\Program Files\Git\usr\bin\vendor_perl;C:\Program Files\Git\usr\bin\core_perl
USERNAME=thanh
SHELL=C:\Program Files\Git\usr\bin\bash.exe
DISPLAY=needs-to-be-defined
OS=Windows_NT
PROCESSOR_IDENTIFIER=Intel64 Family 6 Model 60 Stepping 3, GenuineIntel



---------------  S Y S T E M  ---------------

OS: Windows 10.0 , 64 bit Build 16232 (10.0.16232.1000)

CPU:total 4 (4 cores per cpu, 1 threads per core) family 6 model 60 stepping 3, cmov, cx8, fxsr, mmx, sse, sse2, sse3, ssse3, sse4.1, sse4.2, popcnt, avx, avx2, aes, clmul, erms, lzcnt, tsc, tscinvbit, bmi1, bmi2

Memory: 4k page, physical 8305184k(2294600k free), swap 18790944k(4792236k free)

vm_info: Java HotSpot(TM) 64-Bit Server VM (25.101-b13) for windows-amd64 JRE (1.8.0_101-b13), built on Jun 22 2016 01:21:29 by "java_re" with MS VC++ 10.0 (VS2010)

time: Wed Aug 02 17:35:35 2017
elapsed time: 2403 seconds (0d 0h 40m 3s)

